[2m2026-03-16T03:38:05.125952Z[0m [32m INFO[0m [2mexecution_engine[0m[2m:[0m NBA Execution Engine v2 (testnet signing) starting…
[2m2026-03-16T03:38:05.126038Z[0m [32m INFO[0m [2mexecution_engine[0m[2m:[0m Test wallet address : 0xe0d46b2474bfbac1ee2b467ffd2027fcdb9fc00a
[2m2026-03-16T03:38:05.126045Z[0m [32m INFO[0m [2mexecution_engine[0m[2m:[0m Chain               : Polygon (ID 137) — no real funds
[2m2026-03-16T03:38:05.126525Z[0m [32m INFO[0m [2mexecution_engine[0m[2m:[0m SQLite ready at ../trades.sqlite
[2m2026-03-16T03:38:05.126604Z[0m [32m INFO[0m [2mexecution_engine[0m[2m:[0m Wallet state loaded: address=0xe0d46b2474bfbac1ee2b467ffd2027fcdb9fc00a  balance=$7658.33
[2m2026-03-16T03:38:05.129862Z[0m [32m INFO[0m [2mexecution_engine[0m[2m:[0m HTTP server listening on 0.0.0.0:4000
[2m2026-03-16T03:38:05.135043Z[0m [32m INFO[0m [2mexecution_engine[0m[2m:[0m server.py healthy (primary predictions): {"feature_engine_ready":true,"games_tracked":1,"market_odds_loaded":22,"models_loaded":true,"polling_active":true,"status":"healthy"}
[2m2026-03-16T03:38:05.136531Z[0m [32m INFO[0m [2mexecution_engine[0m[2m:[0m Alpha Engine healthy (fallback): {"feature_engine_ready":true,"model_loaded":true,"status":"ok","version":"2.0"}
[2m2026-03-16T03:38:06.693433Z[0m [32m INFO[0m [2mexecution_engine[0m[2m:[0m Game market: "Trail Blazers vs. 76ers"  start=2026-03-15 22:00:00+00  away=Trail Blazers (0%)  home=76ers (100%)
[2m2026-03-16T03:38:06.693478Z[0m [32m INFO[0m [2mexecution_engine[0m[2m:[0m Game market: "Warriors vs. Knicks"  start=2026-03-16 00:00:00+00  away=Warriors (0%)  home=Knicks (100%)
[2m2026-03-16T03:38:06.693491Z[0m [32m INFO[0m [2mexecution_engine[0m[2m:[0m Game market: "Jazz vs. Kings"  start=2026-03-16 02:00:00+00  away=Jazz (20%)  home=Kings (80%)
[2m2026-03-16T03:38:06.693502Z[0m [32m INFO[0m [2mexecution_engine[0m[2m:[0m Game market: "Magic vs. Hawks"  start=2026-03-16 23:00:00+00  away=Magic (44%)  home=Hawks (56%)
[2m2026-03-16T03:38:06.693507Z[0m [32m INFO[0m [2mexecution_engine[0m[2m:[0m Game market: "Warriors vs. Wizards"  start=2026-03-16 23:00:00+00  away=Warriors (76%)  home=Wizards (24%)
[2m2026-03-16T03:38:06.693512Z[0m [32m INFO[0m [2mexecution_engine[0m[2m:[0m Game market: "Trail Blazers vs. Nets"  start=2026-03-16 23:30:00+00  away=Trail Blazers (78%)  home=Nets (22%)
[2m2026-03-16T03:38:06.693516Z[0m [32m INFO[0m [2mexecution_engine[0m[2m:[0m Game market: "Suns vs. Celtics"  start=2026-03-16 23:30:00+00  away=Suns (22%)  home=Celtics (78%)
[2m2026-03-16T03:38:06.693522Z[0m [32m INFO[0m [2mexecution_engine[0m[2m:[0m Game market: "Grizzlies vs. Bulls"  start=2026-03-17 00:00:00+00  away=Grizzlies (32%)  home=Bulls (68%)
[2m2026-03-16T03:38:06.693527Z[0m [32m INFO[0m [2mexecution_engine[0m[2m:[0m Game market: "Mavericks vs. Pelicans"  start=2026-03-17 00:00:00+00  away=Mavericks (26%)  home=Pelicans (74%)
[2m2026-03-16T03:38:06.693532Z[0m [32m INFO[0m [2mexecution_engine[0m[2m:[0m Game market: "Lakers vs. Rockets"  start=2026-03-17 01:30:00+00  away=Lakers (44%)  home=Rockets (56%)
[2m2026-03-16T03:38:06.693542Z[0m [32m INFO[0m [2mexecution_engine[0m[2m:[0m Game market: "Spurs vs. Clippers"  start=2026-03-17 02:00:00+00  away=Spurs (78%)  home=Clippers (22%)
[2m2026-03-16T03:38:06.693546Z[0m [32m INFO[0m [2mexecution_engine[0m[2m:[0m Game market: "Heat vs. Hornets"  start=2026-03-17 23:00:00+00  away=Heat (44%)  home=Hornets (56%)
[2m2026-03-16T03:38:06.693549Z[0m [32m INFO[0m [2mexecution_engine[0m[2m:[0m Game market: "Thunder vs. Magic"  start=2026-03-17 23:00:00+00  away=Thunder (70%)  home=Magic (30%)
[2m2026-03-16T03:38:06.693552Z[0m [32m INFO[0m [2mexecution_engine[0m[2m:[0m Game market: "Pistons vs. Wizards"  start=2026-03-17 23:00:00+00  away=Pistons (87%)  home=Wizards (13%)
[2m2026-03-16T03:38:06.693555Z[0m [32m INFO[0m [2mexecution_engine[0m[2m:[0m Game market: "Pacers vs. Knicks"  start=2026-03-17 23:30:00+00  away=Pacers (14%)  home=Knicks (86%)
[2m2026-03-16T03:38:06.693569Z[0m [32m INFO[0m [2mexecution_engine[0m[2m:[0m Game market: "Cavaliers vs. Bucks"  start=2026-03-18 00:00:00+00  away=Cavaliers (77%)  home=Bucks (23%)
[2m2026-03-16T03:38:06.693572Z[0m [32m INFO[0m [2mexecution_engine[0m[2m:[0m Game market: "Suns vs. Timberwolves"  start=2026-03-18 00:00:00+00  away=Suns (24%)  home=Timberwolves (76%)
[2m2026-03-16T03:38:06.693575Z[0m [32m INFO[0m [2mexecution_engine[0m[2m:[0m Game market: "76ers vs. Nuggets"  start=2026-03-18 02:00:00+00  away=76ers (16%)  home=Nuggets (84%)
[2m2026-03-16T03:38:06.693578Z[0m [32m INFO[0m [2mexecution_engine[0m[2m:[0m Game market: "Spurs vs. Kings"  start=2026-03-18 02:00:00+00  away=Spurs (86%)  home=Kings (14%)
[2m2026-03-16T03:38:06.693597Z[0m [32m INFO[0m [2mexecution_engine[0m[2m:[0m Found 19 live NBA game moneyline markets
[2m2026-03-16T03:38:06.693600Z[0m [32m INFO[0m [2mexecution_engine[0m[2m:[0m (Re)connecting WebSocket ingestion loop…
[2m2026-03-16T03:38:06.693758Z[0m [32m INFO[0m [2mexecution_engine[0m[2m:[0m Restored 15 open positions from DB (15 total buys across all games)
[2m2026-03-16T03:38:06.693766Z[0m [32m INFO[0m [2mexecution_engine[0m[2m:[0m Connecting to Polymarket WebSocket — 38 tokens / 19 markets
[2m2026-03-16T03:38:07.644921Z[0m [32m INFO[0m [2mexecution_engine[0m[2m:[0m WebSocket connected
[2m2026-03-16T03:38:07.645148Z[0m [32m INFO[0m [2mexecution_engine[0m[2m:[0m Subscription sent — tracking 15 open positions
[2m2026-03-16T03:38:08.691062Z[0m [32m INFO[0m [2mexecution_engine[0m[2m:[0m Tick  game="Jazz vs. Kings"  team=Jazz  is_home=false  market_prob=0.220
[2m2026-03-16T03:38:11.095459Z[0m [32m INFO[0m [2mexecution_engine[0m[2m:[0m Tick  game="Jazz vs. Kings"  team=Jazz  is_home=false  market_prob=0.230
[2m2026-03-16T03:38:12.051834Z[0m [32m INFO[0m [2mexecution_engine[0m[2m:[0m Tick  game="Heat vs. Hornets"  team=Hornets  is_home=true  market_prob=0.570
[2m2026-03-16T03:38:12.712776Z[0m [32m INFO[0m [2mexecution_engine[0m[2m:[0m Tick  game="Grizzlies vs. Bulls"  team=Bulls  is_home=true  market_prob=0.690
[2m2026-03-16T03:38:13.068098Z[0m [32m INFO[0m [2mexecution_engine[0m[2m:[0m Tick  game="Jazz vs. Kings"  team=Kings  is_home=true  market_prob=0.790
[2m2026-03-16T03:38:13.070216Z[0m [32m INFO[0m [2mexecution_engine[0m[2m:[0m SELL SIGNAL  game="Jazz vs. Kings"  reason=EDGE_FLIP(was +0.074 now -0.519)  positions_open=15
[2m2026-03-16T03:38:13.075224Z[0m [32m INFO[0m [2mexecution_engine[0m[2m:[0m TRADE SOLD  id=3e472382-e077-4bde-9543-b845733da76f  game=0x81672be3a86cb59edbdf292fa223d2a74703eb4e3f0bf570587bcae830928822  reason=EDGE_FLIP(was +0.074 now -0.519)  entry=0.780  exit=0.790  pnl=+0.64 USDC  wallet_delta=+50.64
[2m2026-03-16T03:38:13.075256Z[0m [32m INFO[0m [2mexecution_engine[0m[2m:[0m Position closed — 14 open games remaining
[2m2026-03-16T03:38:13.080359Z[0m [32m INFO[0m [2mexecution_engine[0m[2m:[0m Tick  game="Jazz vs. Kings"  team=Jazz  is_home=false  market_prob=0.210
[2m2026-03-16T03:38:15.045602Z[0m [32m INFO[0m [2mexecution_engine[0m[2m:[0m Tick  game="Jazz vs. Kings"  team=Kings  is_home=true  market_prob=0.790
[2m2026-03-16T03:38:15.047013Z[0m [32m INFO[0m [2mexecution_engine[0m[2m:[0m EDGE FOUND  game="Jazz vs. Kings"  home=Kings  edge=-0.519  conf=77.9%  action=BUY_JAZZ
[2m2026-03-16T03:38:15.048603Z[0m [32m INFO[0m [2mexecution_engine[0m[2m:[0m TRADE SIGNED  id=11607687-c723-42d1-9165-5bf3fe1ce503  game=0x81672be3a86cb59edbdf292fa223d2a74703eb4e3f0bf570587bcae830928822  action=BUY_JAZZ  market=0.790  model=0.271  edge=-0.519  stake=50 USDC  hash=0x599f7a5c64
[2m2026-03-16T03:38:15.048621Z[0m [32m INFO[0m [2mexecution_engine[0m[2m:[0m Position buy #1/3 — 15 open games total
[2m2026-03-16T03:38:15.054144Z[0m [32m INFO[0m [2mexecution_engine[0m[2m:[0m Tick  game="Jazz vs. Kings"  team=Kings  is_home=true  market_prob=0.790
[2m2026-03-16T03:38:16.065223Z[0m [32m INFO[0m [2mexecution_engine[0m[2m:[0m Tick  game="Jazz vs. Kings"  team=Jazz  is_home=false  market_prob=0.220
[2m2026-03-16T03:38:17.058746Z[0m [32m INFO[0m [2mexecution_engine[0m[2m:[0m Tick  game="Jazz vs. Kings"  team=Jazz  is_home=false  market_prob=0.220
[2m2026-03-16T03:38:20.078666Z[0m [32m INFO[0m [2mexecution_engine[0m[2m:[0m Tick  game="Jazz vs. Kings"  team=Kings  is_home=true  market_prob=0.790
[2m2026-03-16T03:38:20.079897Z[0m [32m INFO[0m [2mexecution_engine[0m[2m:[0m Tick  game="Jazz vs. Kings"  team=Kings  is_home=true  market_prob=0.790
[2m2026-03-16T03:38:20.080664Z[0m [32m INFO[0m [2mexecution_engine[0m[2m:[0m Tick  game="Jazz vs. Kings"  team=Jazz  is_home=false  market_prob=0.220
[2m2026-03-16T03:38:23.052101Z[0m [32m INFO[0m [2mexecution_engine[0m[2m:[0m Tick  game="Jazz vs. Kings"  team=Kings  is_home=true  market_prob=0.800
[2m2026-03-16T03:38:23.679522Z[0m [32m INFO[0m [2mexecution_engine[0m[2m:[0m Tick  game="Suns vs. Timberwolves"  team=Timberwolves  is_home=true  market_prob=0.760
[2m2026-03-16T03:38:25.090954Z[0m [32m INFO[0m [2mexecution_engine[0m[2m:[0m Tick  game="Jazz vs. Kings"  team=Jazz  is_home=false  market_prob=0.210
[2m2026-03-16T03:38:26.856297Z[0m [32m INFO[0m [2mexecution_engine[0m[2m:[0m Tick  game="Magic vs. Hawks"  team=Magic  is_home=false  market_prob=0.450
[2m2026-03-16T03:38:27.050913Z[0m [32m INFO[0m [2mexecution_engine[0m[2m:[0m Tick  game="Jazz vs. Kings"  team=Kings  is_home=true  market_prob=0.790
[2m2026-03-16T03:38:32.879368Z[0m [32m INFO[0m [2mexecution_engine[0m[2m:[0m Tick  game="Magic vs. Hawks"  team=Magic  is_home=false  market_prob=0.450
[2m2026-03-16T03:38:33.172919Z[0m [32m INFO[0m [2mexecution_engine[0m[2m:[0m Tick  game="Jazz vs. Kings"  team=Jazz  is_home=false  market_prob=0.210
[2m2026-03-16T03:38:33.471647Z[0m [32m INFO[0m [2mexecution_engine[0m[2m:[0m Tick  game="Thunder vs. Magic"  team=Thunder  is_home=false  market_prob=0.700
[2m2026-03-16T03:38:34.319938Z[0m [32m INFO[0m [2mexecution_engine[0m[2m:[0m Tick  game="Warriors vs. Wizards"  team=Wizards  is_home=true  market_prob=0.250
[2m2026-03-16T03:38:37.297549Z[0m [32m INFO[0m [2mexecution_engine[0m[2m:[0m Tick  game="Trail Blazers vs. Nets"  team=Nets  is_home=true  market_prob=0.220
[2m2026-03-16T03:38:42.208145Z[0m [32m INFO[0m [2mexecution_engine[0m[2m:[0m Tick  game="Jazz vs. Kings"  team=Jazz  is_home=false  market_prob=0.210
[2m2026-03-16T03:38:42.210856Z[0m [32m INFO[0m [2mexecution_engine[0m[2m:[0m Tick  game="Jazz vs. Kings"  team=Kings  is_home=true  market_prob=0.800
[2m2026-03-16T03:38:43.114466Z[0m [32m INFO[0m [2mexecution_engine[0m[2m:[0m Tick  game="Jazz vs. Kings"  team=Jazz  is_home=false  market_prob=0.210
[2m2026-03-16T03:38:43.575823Z[0m [32m INFO[0m [2mexecution_engine[0m[2m:[0m Tick  game="Lakers vs. Rockets"  team=Lakers  is_home=false  market_prob=0.440
[2m2026-03-16T03:38:45.062929Z[0m [32m INFO[0m [2mexecution_engine[0m[2m:[0m Tick  game="Jazz vs. Kings"  team=Jazz  is_home=false  market_prob=0.210
[2m2026-03-16T03:38:46.072751Z[0m [32m INFO[0m [2mexecution_engine[0m[2m:[0m Tick  game="Jazz vs. Kings"  team=Jazz  is_home=false  market_prob=0.210
[2m2026-03-16T03:38:48.108361Z[0m [32m INFO[0m [2mexecution_engine[0m[2m:[0m Tick  game="Jazz vs. Kings"  team=Jazz  is_home=false  market_prob=0.210
[2m2026-03-16T03:38:48.110549Z[0m [32m INFO[0m [2mexecution_engine[0m[2m:[0m Tick  game="Jazz vs. Kings"  team=Jazz  is_home=false  market_prob=0.210
[2m2026-03-16T03:38:50.055278Z[0m [32m INFO[0m [2mexecution_engine[0m[2m:[0m Tick  game="Jazz vs. Kings"  team=Kings  is_home=true  market_prob=0.780
[2m2026-03-16T03:38:51.102508Z[0m [32m INFO[0m [2mexecution_engine[0m[2m:[0m Tick  game="Jazz vs. Kings"  team=Jazz  is_home=false  market_prob=0.220
[2m2026-03-16T03:38:51.107837Z[0m [32m INFO[0m [2mexecution_engine[0m[2m:[0m Tick  game="Spurs vs. Clippers"  team=Clippers  is_home=true  market_prob=0.220
[2m2026-03-16T03:38:54.290166Z[0m [32m INFO[0m [2mexecution_engine[0m[2m:[0m Tick  game="Jazz vs. Kings"  team=Jazz  is_home=false  market_prob=0.220
[2m2026-03-16T03:38:54.291775Z[0m [32m INFO[0m [2mexecution_engine[0m[2m:[0m Tick  game="Jazz vs. Kings"  team=Kings  is_home=true  market_prob=0.780
[2m2026-03-16T03:38:54.935926Z[0m [32m INFO[0m [2mexecution_engine[0m[2m:[0m Tick  game="Warriors vs. Wizards"  team=Wizards  is_home=true  market_prob=0.240
[2m2026-03-16T03:38:54.942876Z[0m [32m INFO[0m [2mexecution_engine[0m[2m:[0m EDGE FOUND  game="Warriors vs. Wizards"  home=Wizards  edge=+0.054  conf=81.5%  action=BUY_WIZARDS
[2m2026-03-16T03:38:54.944532Z[0m [32m INFO[0m [2mexecution_engine[0m[2m:[0m TRADE SIGNED  id=1c70c97b-421c-4787-a610-fd24981f6780  game=0xccb8d6b72154b52e88651d5ea0790b7de2edf884436c28c08e63c5072af76a8d  action=BUY_WIZARDS  market=0.240  model=0.294  edge=+0.054  stake=50 USDC  hash=0xd0c2423d9c
[2m2026-03-16T03:38:54.944546Z[0m [32m INFO[0m [2mexecution_engine[0m[2m:[0m Position buy #1/3 — 16 open games total
[2m2026-03-16T03:38:55.187986Z[0m [32m INFO[0m [2mexecution_engine[0m[2m:[0m Tick  game="Warriors vs. Wizards"  team=Wizards  is_home=true  market_prob=0.240
[2m2026-03-16T03:38:58.081989Z[0m [32m INFO[0m [2mexecution_engine[0m[2m:[0m Tick  game="Jazz vs. Kings"  team=Kings  is_home=true  market_prob=0.790
[2m2026-03-16T03:38:58.085660Z[0m [32m INFO[0m [2mexecution_engine[0m[2m:[0m Tick  game="Jazz vs. Kings"  team=Jazz  is_home=false  market_prob=0.210
[2m2026-03-16T03:38:58.154824Z[0m [32m INFO[0m [2mexecution_engine[0m[2m:[0m Tick  game="Thunder vs. Magic"  team=Magic  is_home=true  market_prob=0.310
[2m2026-03-16T03:38:59.097580Z[0m [32m INFO[0m [2mexecution_engine[0m[2m:[0m Tick  game="Jazz vs. Kings"  team=Jazz  is_home=false  market_prob=0.220
[2m2026-03-16T03:38:59.099586Z[0m [32m INFO[0m [2mexecution_engine[0m[2m:[0m Tick  game="Jazz vs. Kings"  team=Jazz  is_home=false  market_prob=0.220
[2m2026-03-16T03:39:01.133317Z[0m [32m INFO[0m [2mexecution_engine[0m[2m:[0m Tick  game="Jazz vs. Kings"  team=Jazz  is_home=false  market_prob=0.230
[2m2026-03-16T03:39:01.134848Z[0m [32m INFO[0m [2mexecution_engine[0m[2m:[0m Tick  game="Jazz vs. Kings"  team=Jazz  is_home=false  market_prob=0.230
[2m2026-03-16T03:39:03.840559Z[0m [32m INFO[0m [2mexecution_engine[0m[2m:[0m Tick  game="Warriors vs. Wizards"  team=Wizards  is_home=true  market_prob=0.240
[2m2026-03-16T03:39:06.113259Z[0m [32m INFO[0m [2mexecution_engine[0m[2m:[0m Tick  game="Jazz vs. Kings"  team=Jazz  is_home=false  market_prob=0.230
[2m2026-03-16T03:39:08.080097Z[0m [32m INFO[0m [2mexecution_engine[0m[2m:[0m Tick  game="Jazz vs. Kings"  team=Jazz  is_home=false  market_prob=0.220
[2m2026-03-16T03:39:09.067443Z[0m [32m INFO[0m [2mexecution_engine[0m[2m:[0m Tick  game="Jazz vs. Kings"  team=Jazz  is_home=false  market_prob=0.220
[2m2026-03-16T03:39:10.528107Z[0m [32m INFO[0m [2mexecution_engine[0m[2m:[0m Tick  game="Warriors vs. Wizards"  team=Wizards  is_home=true  market_prob=0.240
[2m2026-03-16T03:39:11.109789Z[0m [32m INFO[0m [2mexecution_engine[0m[2m:[0m Tick  game="Jazz vs. Kings"  team=Jazz  is_home=false  market_prob=0.230
[2m2026-03-16T03:39:11.119977Z[0m [32m INFO[0m [2mexecution_engine[0m[2m:[0m Tick  game="Grizzlies vs. Bulls"  team=Bulls  is_home=true  market_prob=0.700
[2m2026-03-16T03:39:12.260672Z[0m [32m INFO[0m [2mexecution_engine[0m[2m:[0m Tick  game="Jazz vs. Kings"  team=Kings  is_home=true  market_prob=0.780
[2m2026-03-16T03:39:12.263178Z[0m [32m INFO[0m [2mexecution_engine[0m[2m:[0m Tick  game="Jazz vs. Kings"  team=Kings  is_home=true  market_prob=0.770
[2m2026-03-16T03:39:12.264149Z[0m [32m INFO[0m [2mexecution_engine[0m[2m:[0m Tick  game="Jazz vs. Kings"  team=Jazz  is_home=false  market_prob=0.230
[2m2026-03-16T03:39:18.837446Z[0m [32m INFO[0m [2mexecution_engine[0m[2m:[0m Tick  game="Suns vs. Celtics"  team=Celtics  is_home=true  market_prob=0.780
[2m2026-03-16T03:39:19.075394Z[0m [32m INFO[0m [2mexecution_engine[0m[2m:[0m Tick  game="Jazz vs. Kings"  team=Kings  is_home=true  market_prob=0.770
[2m2026-03-16T03:39:19.956444Z[0m [32m INFO[0m [2mexecution_engine[0m[2m:[0m Tick  game="Warriors vs. Wizards"  team=Wizards  is_home=true  market_prob=0.240
[2m2026-03-16T03:39:23.076391Z[0m [32m INFO[0m [2mexecution_engine[0m[2m:[0m Tick  game="Jazz vs. Kings"  team=Kings  is_home=true  market_prob=0.780
[2m2026-03-16T03:39:26.055339Z[0m [32m INFO[0m [2mexecution_engine[0m[2m:[0m Tick  game="Jazz vs. Kings"  team=Kings  is_home=true  market_prob=0.790
[2m2026-03-16T03:39:27.048595Z[0m [32m INFO[0m [2mexecution_engine[0m[2m:[0m Tick  game="Jazz vs. Kings"  team=Jazz  is_home=false  market_prob=0.210
[2m2026-03-16T03:39:30.736188Z[0m [32m INFO[0m [2mexecution_engine[0m[2m:[0m Tick  game="Warriors vs. Wizards"  team=Wizards  is_home=true  market_prob=0.240
[2m2026-03-16T03:39:31.052306Z[0m [32m INFO[0m [2mexecution_engine[0m[2m:[0m Tick  game="Jazz vs. Kings"  team=Kings  is_home=true  market_prob=0.800
[2m2026-03-16T03:39:34.092327Z[0m [32m INFO[0m [2mexecution_engine[0m[2m:[0m Tick  game="Jazz vs. Kings"  team=Jazz  is_home=false  market_prob=0.210
[2m2026-03-16T03:39:34.094669Z[0m [32m INFO[0m [2mexecution_engine[0m[2m:[0m Tick  game="Jazz vs. Kings"  team=Jazz  is_home=false  market_prob=0.210
[2m2026-03-16T03:39:35.942368Z[0m [32m INFO[0m [2mexecution_engine[0m[2m:[0m Tick  game="Warriors vs. Wizards"  team=Wizards  is_home=true  market_prob=0.240
[2m2026-03-16T03:39:38.099216Z[0m [32m INFO[0m [2mexecution_engine[0m[2m:[0m Tick  game="Jazz vs. Kings"  team=Kings  is_home=true  market_prob=0.790
[2m2026-03-16T03:39:41.127963Z[0m [32m INFO[0m [2mexecution_engine[0m[2m:[0m Tick  game="Jazz vs. Kings"  team=Jazz  is_home=false  market_prob=0.220
[2m2026-03-16T03:39:41.132015Z[0m [32m INFO[0m [2mexecution_engine[0m[2m:[0m Tick  game="Jazz vs. Kings"  team=Kings  is_home=true  market_prob=0.780
[2m2026-03-16T03:39:41.134686Z[0m [32m INFO[0m [2mexecution_engine[0m[2m:[0m Tick  game="Jazz vs. Kings"  team=Kings  is_home=true  market_prob=0.790
[2m2026-03-16T03:39:42.071788Z[0m [32m INFO[0m [2mexecution_engine[0m[2m:[0m Tick  game="Jazz vs. Kings"  team=Jazz  is_home=false  market_prob=0.220
[2m2026-03-16T03:39:43.106303Z[0m [32m INFO[0m [2mexecution_engine[0m[2m:[0m Tick  game="Jazz vs. Kings"  team=Kings  is_home=true  market_prob=0.790
[2m2026-03-16T03:39:44.053548Z[0m [32m INFO[0m [2mexecution_engine[0m[2m:[0m Tick  game="Jazz vs. Kings"  team=Kings  is_home=true  market_prob=0.790
[2m2026-03-16T03:39:45.284249Z[0m [32m INFO[0m [2mexecution_engine[0m[2m:[0m Tick  game="Jazz vs. Kings"  team=Kings  is_home=true  market_prob=0.790
[2m2026-03-16T03:39:47.473898Z[0m [32m INFO[0m [2mexecution_engine[0m[2m:[0m Tick  game="Lakers vs. Rockets"  team=Rockets  is_home=true  market_prob=0.570
[2m2026-03-16T03:39:49.053421Z[0m [32m INFO[0m [2mexecution_engine[0m[2m:[0m Tick  game="Jazz vs. Kings"  team=Jazz  is_home=false  market_prob=0.210
[2m2026-03-16T03:39:50.061910Z[0m [32m INFO[0m [2mexecution_engine[0m[2m:[0m Tick  game="Jazz vs. Kings"  team=Jazz  is_home=false  market_prob=0.230
[2m2026-03-16T03:39:51.089928Z[0m [32m INFO[0m [2mexecution_engine[0m[2m:[0m Tick  game="Jazz vs. Kings"  team=Kings  is_home=true  market_prob=0.780
[2m2026-03-16T03:39:52.056272Z[0m [32m INFO[0m [2mexecution_engine[0m[2m:[0m Tick  game="Jazz vs. Kings"  team=Jazz  is_home=false  market_prob=0.230
[2m2026-03-16T03:39:54.047028Z[0m [32m INFO[0m [2mexecution_engine[0m[2m:[0m Tick  game="Jazz vs. Kings"  team=Jazz  is_home=false  market_prob=0.230
[2m2026-03-16T03:39:57.317624Z[0m [32m INFO[0m [2mexecution_engine[0m[2m:[0m Tick  game="Warriors vs. Wizards"  team=Wizards  is_home=true  market_prob=0.250
[2m2026-03-16T03:39:58.172782Z[0m [32m INFO[0m [2mexecution_engine[0m[2m:[0m Tick  game="Jazz vs. Kings"  team=Jazz  is_home=false  market_prob=0.230
[2m2026-03-16T03:39:58.356938Z[0m [32m INFO[0m [2mexecution_engine[0m[2m:[0m Tick  game="Warriors vs. Wizards"  team=Wizards  is_home=true  market_prob=0.260
[2m2026-03-16T03:39:59.277597Z[0m [32m INFO[0m [2mexecution_engine[0m[2m:[0m Tick  game="Jazz vs. Kings"  team=Kings  is_home=true  market_prob=0.790
[2m2026-03-16T03:39:59.450811Z[0m [32m INFO[0m [2mexecution_engine[0m[2m:[0m Tick  game="Jazz vs. Kings"  team=Jazz  is_home=false  market_prob=0.230
[2m2026-03-16T03:40:00.084341Z[0m [32m INFO[0m [2mexecution_engine[0m[2m:[0m Tick  game="Jazz vs. Kings"  team=Kings  is_home=true  market_prob=0.770
[2m2026-03-16T03:40:02.103189Z[0m [32m INFO[0m [2mexecution_engine[0m[2m:[0m Tick  game="Jazz vs. Kings"  team=Jazz  is_home=false  market_prob=0.240
[2m2026-03-16T03:40:03.259117Z[0m [32m INFO[0m [2mexecution_engine[0m[2m:[0m Tick  game="Jazz vs. Kings"  team=Jazz  is_home=false  market_prob=0.240
[2m2026-03-16T03:40:03.260097Z[0m [32m INFO[0m [2mexecution_engine[0m[2m:[0m Tick  game="Jazz vs. Kings"  team=Jazz  is_home=false  market_prob=0.250
[2m2026-03-16T03:40:03.423842Z[0m [32m INFO[0m [2mexecution_engine[0m[2m:[0m Tick  game="Warriors vs. Wizards"  team=Wizards  is_home=true  market_prob=0.260
[2m2026-03-16T03:40:04.049434Z[0m [32m INFO[0m [2mexecution_engine[0m[2m:[0m Tick  game="Jazz vs. Kings"  team=Jazz  is_home=false  market_prob=0.250
[2m2026-03-16T03:40:05.061365Z[0m [32m INFO[0m [2mexecution_engine[0m[2m:[0m Tick  game="Jazz vs. Kings"  team=Jazz  is_home=false  market_prob=0.250
[2m2026-03-16T03:40:05.063813Z[0m [32m INFO[0m [2mexecution_engine[0m[2m:[0m Tick  game="Jazz vs. Kings"  team=Jazz  is_home=false  market_prob=0.250
[2m2026-03-16T03:40:11.046830Z[0m [32m INFO[0m [2mexecution_engine[0m[2m:[0m Tick  game="Jazz vs. Kings"  team=Jazz  is_home=false  market_prob=0.250
[2m2026-03-16T03:40:12.091198Z[0m [32m INFO[0m [2mexecution_engine[0m[2m:[0m Tick  game="Jazz vs. Kings"  team=Kings  is_home=true  market_prob=0.760
[2m2026-03-16T03:40:13.121086Z[0m [32m INFO[0m [2mexecution_engine[0m[2m:[0m Tick  game="Jazz vs. Kings"  team=Jazz  is_home=false  market_prob=0.260
[2m2026-03-16T03:40:14.092122Z[0m [32m INFO[0m [2mexecution_engine[0m[2m:[0m Tick  game="Jazz vs. Kings"  team=Jazz  is_home=false  market_prob=0.270
[2m2026-03-16T03:40:14.094965Z[0m [32m INFO[0m [2mexecution_engine[0m[2m:[0m Tick  game="Jazz vs. Kings"  team=Jazz  is_home=false  market_prob=0.270
[2m2026-03-16T03:40:14.096654Z[0m [32m INFO[0m [2mexecution_engine[0m[2m:[0m Tick  game="Jazz vs. Kings"  team=Jazz  is_home=false  market_prob=0.270
[2m2026-03-16T03:40:15.050739Z[0m [32m INFO[0m [2mexecution_engine[0m[2m:[0m Tick  game="Jazz vs. Kings"  team=Kings  is_home=true  market_prob=0.750
[2m2026-03-16T03:40:16.159896Z[0m [32m INFO[0m [2mexecution_engine[0m[2m:[0m Tick  game="Jazz vs. Kings"  team=Jazz  is_home=false  market_prob=0.260
[2m2026-03-16T03:40:16.161340Z[0m [32m INFO[0m [2mexecution_engine[0m[2m:[0m Tick  game="Jazz vs. Kings"  team=Jazz  is_home=false  market_prob=0.260
[2m2026-03-16T03:40:16.163267Z[0m [32m INFO[0m [2mexecution_engine[0m[2m:[0m Tick  game="Jazz vs. Kings"  team=Jazz  is_home=false  market_prob=0.260
[2m2026-03-16T03:40:16.164261Z[0m [32m INFO[0m [2mexecution_engine[0m[2m:[0m Tick  game="Jazz vs. Kings"  team=Jazz  is_home=false  market_prob=0.260
[2m2026-03-16T03:40:19.070755Z[0m [32m INFO[0m [2mexecution_engine[0m[2m:[0m Tick  game="Jazz vs. Kings"  team=Kings  is_home=true  market_prob=0.740
[2m2026-03-16T03:40:20.454534Z[0m [32m INFO[0m [2mexecution_engine[0m[2m:[0m Tick  game="Grizzlies vs. Bulls"  team=Bulls  is_home=true  market_prob=0.700
[2m2026-03-16T03:40:21.112912Z[0m [32m INFO[0m [2mexecution_engine[0m[2m:[0m Tick  game="Jazz vs. Kings"  team=Jazz  is_home=false  market_prob=0.240
[2m2026-03-16T03:40:21.119597Z[0m [32m INFO[0m [2mexecution_engine[0m[2m:[0m Tick  game="Jazz vs. Kings"  team=Kings  is_home=true  market_prob=0.750
[2m2026-03-16T03:40:26.086578Z[0m [32m INFO[0m [2mexecution_engine[0m[2m:[0m Tick  game="Jazz vs. Kings"  team=Jazz  is_home=false  market_prob=0.250
[2m2026-03-16T03:40:32.242306Z[0m [32m INFO[0m [2mexecution_engine[0m[2m:[0m Tick  game="Warriors vs. Wizards"  team=Wizards  is_home=true  market_prob=0.260
[2m2026-03-16T03:40:35.079215Z[0m [32m INFO[0m [2mexecution_engine[0m[2m:[0m Tick  game="Jazz vs. Kings"  team=Jazz  is_home=false  market_prob=0.250
[2m2026-03-16T03:40:36.186699Z[0m [32m INFO[0m [2mexecution_engine[0m[2m:[0m Tick  game="Jazz vs. Kings"  team=Kings  is_home=true  market_prob=0.760
[2m2026-03-16T03:40:37.133621Z[0m [32m INFO[0m [2mexecution_engine[0m[2m:[0m Tick  game="Jazz vs. Kings"  team=Jazz  is_home=false  market_prob=0.250
[2m2026-03-16T03:40:39.046807Z[0m [32m INFO[0m [2mexecution_engine[0m[2m:[0m Tick  game="Jazz vs. Kings"  team=Kings  is_home=true  market_prob=0.750
[2m2026-03-16T03:40:40.079577Z[0m [32m INFO[0m [2mexecution_engine[0m[2m:[0m Tick  game="Jazz vs. Kings"  team=Jazz  is_home=false  market_prob=0.260
[2m2026-03-16T03:40:41.119397Z[0m [32m INFO[0m [2mexecution_engine[0m[2m:[0m Tick  game="Jazz vs. Kings"  team=Jazz  is_home=false  market_prob=0.260
[2m2026-03-16T03:40:46.068564Z[0m [32m INFO[0m [2mexecution_engine[0m[2m:[0m Tick  game="Jazz vs. Kings"  team=Jazz  is_home=false  market_prob=0.260
[2m2026-03-16T03:40:50.051116Z[0m [32m INFO[0m [2mexecution_engine[0m[2m:[0m Tick  game="Jazz vs. Kings"  team=Kings  is_home=true  market_prob=0.750
[2m2026-03-16T03:40:50.059511Z[0m [32m INFO[0m [2mexecution_engine[0m[2m:[0m Tick  game="Jazz vs. Kings"  team=Jazz  is_home=false  market_prob=0.250
[2m2026-03-16T03:40:50.190561Z[0m [32m INFO[0m [2mexecution_engine[0m[2m:[0m Tick  game="Grizzlies vs. Bulls"  team=Grizzlies  is_home=false  market_prob=0.310
[2m2026-03-16T03:40:51.013761Z[0m [32m INFO[0m [2mexecution_engine[0m[2m:[0m Tick  game="Grizzlies vs. Bulls"  team=Bulls  is_home=true  market_prob=0.700
[2m2026-03-16T03:40:52.155639Z[0m [32m INFO[0m [2mexecution_engine[0m[2m:[0m Tick  game="Grizzlies vs. Bulls"  team=Bulls  is_home=true  market_prob=0.700
[2m2026-03-16T03:40:53.085436Z[0m [32m INFO[0m [2mexecution_engine[0m[2m:[0m Tick  game="Jazz vs. Kings"  team=Jazz  is_home=false  market_prob=0.240
[2m2026-03-16T03:40:53.087522Z[0m [32m INFO[0m [2mexecution_engine[0m[2m:[0m Tick  game="Grizzlies vs. Bulls"  team=Bulls  is_home=true  market_prob=0.700
[2m2026-03-16T03:40:53.092136Z[0m [32m INFO[0m [2mexecution_engine[0m[2m:[0m Tick  game="Jazz vs. Kings"  team=Kings  is_home=true  market_prob=0.770
[2m2026-03-16T03:40:53.101077Z[0m [32m INFO[0m [2mexecution_engine[0m[2m:[0m Tick  game="Jazz vs. Kings"  team=Kings  is_home=true  market_prob=0.770
[2m2026-03-16T03:40:54.076974Z[0m [32m INFO[0m [2mexecution_engine[0m[2m:[0m Tick  game="Jazz vs. Kings"  team=Jazz  is_home=false  market_prob=0.230
[2m2026-03-16T03:40:55.052840Z[0m [32m INFO[0m [2mexecution_engine[0m[2m:[0m Tick  game="Jazz vs. Kings"  team=Jazz  is_home=false  market_prob=0.230
[2m2026-03-16T03:40:58.062292Z[0m [32m INFO[0m [2mexecution_engine[0m[2m:[0m Tick  game="Jazz vs. Kings"  team=Kings  is_home=true  market_prob=0.770
[2m2026-03-16T03:41:00.095472Z[0m [32m INFO[0m [2mexecution_engine[0m[2m:[0m Tick  game="Jazz vs. Kings"  team=Jazz  is_home=false  market_prob=0.240
[2m2026-03-16T03:41:01.968871Z[0m [32m INFO[0m [2mexecution_engine[0m[2m:[0m Tick  game="Warriors vs. Wizards"  team=Warriors  is_home=false  market_prob=0.750
[2m2026-03-16T03:41:01.976021Z[0m [32m INFO[0m [2mexecution_engine[0m[2m:[0m Tick  game="Thunder vs. Magic"  team=Magic  is_home=true  market_prob=0.300
[2m2026-03-16T03:41:02.093339Z[0m [32m INFO[0m [2mexecution_engine[0m[2m:[0m Tick  game="Jazz vs. Kings"  team=Jazz  is_home=false  market_prob=0.260
[2m2026-03-16T03:41:02.095750Z[0m [32m INFO[0m [2mexecution_engine[0m[2m:[0m Tick  game="Jazz vs. Kings"  team=Jazz  is_home=false  market_prob=0.260
[2m2026-03-16T03:41:03.055018Z[0m [32m INFO[0m [2mexecution_engine[0m[2m:[0m Tick  game="Jazz vs. Kings"  team=Jazz  is_home=false  market_prob=0.270
[2m2026-03-16T03:41:04.051286Z[0m [32m INFO[0m [2mexecution_engine[0m[2m:[0m Tick  game="Jazz vs. Kings"  team=Jazz  is_home=false  market_prob=0.270
[2m2026-03-16T03:41:05.749965Z[0m [32m INFO[0m [2mexecution_engine[0m[2m:[0m Tick  game="Warriors vs. Wizards"  team=Warriors  is_home=false  market_prob=0.750
[2m2026-03-16T03:41:09.069234Z[0m [32m INFO[0m [2mexecution_engine[0m[2m:[0m Tick  game="Jazz vs. Kings"  team=Kings  is_home=true  market_prob=0.720
[2m2026-03-16T03:41:09.086394Z[0m [32m INFO[0m [2mexecution_engine[0m[2m:[0m Tick  game="Jazz vs. Kings"  team=Jazz  is_home=false  market_prob=0.280
[2m2026-03-16T03:41:10.064958Z[0m [32m INFO[0m [2mexecution_engine[0m[2m:[0m Tick  game="Jazz vs. Kings"  team=Jazz  is_home=false  market_prob=0.270
[2m2026-03-16T03:41:11.066722Z[0m [32m INFO[0m [2mexecution_engine[0m[2m:[0m Tick  game="Jazz vs. Kings"  team=Kings  is_home=true  market_prob=0.720
[2m2026-03-16T03:41:12.123459Z[0m [32m INFO[0m [2mexecution_engine[0m[2m:[0m Tick  game="Jazz vs. Kings"  team=Jazz  is_home=false  market_prob=0.280
[2m2026-03-16T03:41:12.127128Z[0m [32m INFO[0m [2mexecution_engine[0m[2m:[0m Tick  game="Jazz vs. Kings"  team=Kings  is_home=true  market_prob=0.700
[2m2026-03-16T03:41:12.134528Z[0m [32m INFO[0m [2mexecution_engine[0m[2m:[0m Tick  game="Jazz vs. Kings"  team=Jazz  is_home=false  market_prob=0.300
[2m2026-03-16T03:41:12.672668Z[0m [32m INFO[0m [2mexecution_engine[0m[2m:[0m Tick  game="Suns vs. Celtics"  team=Celtics  is_home=true  market_prob=0.780
[2m2026-03-16T03:41:14.072495Z[0m [32m INFO[0m [2mexecution_engine[0m[2m:[0m Tick  game="Jazz vs. Kings"  team=Jazz  is_home=false  market_prob=0.300
[2m2026-03-16T03:41:15.168545Z[0m [32m INFO[0m [2mexecution_engine[0m[2m:[0m Tick  game="Jazz vs. Kings"  team=Jazz  is_home=false  market_prob=0.300
[2m2026-03-16T03:41:15.174398Z[0m [32m INFO[0m [2mexecution_engine[0m[2m:[0m Tick  game="Jazz vs. Kings"  team=Jazz  is_home=false  market_prob=0.300
[2m2026-03-16T03:41:15.177230Z[0m [32m INFO[0m [2mexecution_engine[0m[2m:[0m Tick  game="Jazz vs. Kings"  team=Jazz  is_home=false  market_prob=0.300
[2m2026-03-16T03:41:15.178550Z[0m [32m INFO[0m [2mexecution_engine[0m[2m:[0m Tick  game="Jazz vs. Kings"  team=Jazz  is_home=false  market_prob=0.300
[2m2026-03-16T03:41:15.179534Z[0m [32m INFO[0m [2mexecution_engine[0m[2m:[0m Tick  game="Jazz vs. Kings"  team=Jazz  is_home=false  market_prob=0.300
[2m2026-03-16T03:41:15.180430Z[0m [32m INFO[0m [2mexecution_engine[0m[2m:[0m Tick  game="Jazz vs. Kings"  team=Jazz  is_home=false  market_prob=0.300
[2m2026-03-16T03:41:16.085296Z[0m [32m INFO[0m [2mexecution_engine[0m[2m:[0m Tick  game="Jazz vs. Kings"  team=Kings  is_home=true  market_prob=0.710
[2m2026-03-16T03:41:18.135295Z[0m [32m INFO[0m [2mexecution_engine[0m[2m:[0m Tick  game="Jazz vs. Kings"  team=Jazz  is_home=false  market_prob=0.310
[2m2026-03-16T03:41:19.135917Z[0m [32m INFO[0m [2mexecution_engine[0m[2m:[0m Tick  game="Jazz vs. Kings"  team=Kings  is_home=true  market_prob=0.680
[2m2026-03-16T03:41:19.139257Z[0m [32m INFO[0m [2mexecution_engine[0m[2m:[0m Tick  game="Jazz vs. Kings"  team=Jazz  is_home=false  market_prob=0.320
[2m2026-03-16T03:41:19.759681Z[0m [32m INFO[0m [2mexecution_engine[0m[2m:[0m Tick  game="Warriors vs. Wizards"  team=Wizards  is_home=true  market_prob=0.260
[2m2026-03-16T03:41:21.374127Z[0m [32m INFO[0m [2mexecution_engine[0m[2m:[0m Tick  game="Jazz vs. Kings"  team=Jazz  is_home=false  market_prob=0.330
[2m2026-03-16T03:41:21.399939Z[0m [32m INFO[0m [2mexecution_engine[0m[2m:[0m Tick  game="Jazz vs. Kings"  team=Jazz  is_home=false  market_prob=0.330
[2m2026-03-16T03:41:21.427832Z[0m [32m INFO[0m [2mexecution_engine[0m[2m:[0m Tick  game="Jazz vs. Kings"  team=Jazz  is_home=false  market_prob=0.330
[2m2026-03-16T03:41:21.429292Z[0m [32m INFO[0m [2mexecution_engine[0m[2m:[0m Tick  game="Jazz vs. Kings"  team=Jazz  is_home=false  market_prob=0.330
[2m2026-03-16T03:41:21.437324Z[0m [32m INFO[0m [2mexecution_engine[0m[2m:[0m Tick  game="Jazz vs. Kings"  team=Jazz  is_home=false  market_prob=0.330
[2m2026-03-16T03:41:21.438513Z[0m [32m INFO[0m [2mexecution_engine[0m[2m:[0m Tick  game="Jazz vs. Kings"  team=Jazz  is_home=false  market_prob=0.330
[2m2026-03-16T03:41:23.139013Z[0m [32m INFO[0m [2mexecution_engine[0m[2m:[0m Tick  game="Jazz vs. Kings"  team=Kings  is_home=true  market_prob=0.670
[2m2026-03-16T03:41:24.122968Z[0m [32m INFO[0m [2mexecution_engine[0m[2m:[0m Tick  game="Jazz vs. Kings"  team=Kings  is_home=true  market_prob=0.680
[2m2026-03-16T03:41:25.072540Z[0m [32m INFO[0m [2mexecution_engine[0m[2m:[0m Tick  game="Jazz vs. Kings"  team=Jazz  is_home=false  market_prob=0.330
[2m2026-03-16T03:41:25.075681Z[0m [32m INFO[0m [2mexecution_engine[0m[2m:[0m Tick  game="Jazz vs. Kings"  team=Jazz  is_home=false  market_prob=0.330
[2m2026-03-16T03:41:25.895351Z[0m [32m INFO[0m [2mexecution_engine[0m[2m:[0m Tick  game="Suns vs. Celtics"  team=Suns  is_home=false  market_prob=0.230
[2m2026-03-16T03:41:26.144531Z[0m [32m INFO[0m [2mexecution_engine[0m[2m:[0m Tick  game="Suns vs. Celtics"  team=Suns  is_home=false  market_prob=0.230
[2m2026-03-16T03:41:26.146237Z[0m [32m INFO[0m [2mexecution_engine[0m[2m:[0m Tick  game="Suns vs. Celtics"  team=Suns  is_home=false  market_prob=0.230
[2m2026-03-16T03:41:26.320792Z[0m [32m INFO[0m [2mexecution_engine[0m[2m:[0m Tick  game="76ers vs. Nuggets"  team=Nuggets  is_home=true  market_prob=0.850
[2m2026-03-16T03:41:27.101847Z[0m [32m INFO[0m [2mexecution_engine[0m[2m:[0m Tick  game="Jazz vs. Kings"  team=Kings  is_home=true  market_prob=0.680
[2m2026-03-16T03:41:28.067536Z[0m [32m INFO[0m [2mexecution_engine[0m[2m:[0m Tick  game="Jazz vs. Kings"  team=Kings  is_home=true  market_prob=0.680
[2m2026-03-16T03:41:29.084164Z[0m [32m INFO[0m [2mexecution_engine[0m[2m:[0m Tick  game="Jazz vs. Kings"  team=Kings  is_home=true  market_prob=0.680
[2m2026-03-16T03:41:30.120899Z[0m [32m INFO[0m [2mexecution_engine[0m[2m:[0m Tick  game="Jazz vs. Kings"  team=Kings  is_home=true  market_prob=0.680
[2m2026-03-16T03:41:30.122809Z[0m [32m INFO[0m [2mexecution_engine[0m[2m:[0m Tick  game="Jazz vs. Kings"  team=Kings  is_home=true  market_prob=0.680
[2m2026-03-16T03:41:30.128083Z[0m [32m INFO[0m [2mexecution_engine[0m[2m:[0m Tick  game="Jazz vs. Kings"  team=Kings  is_home=true  market_prob=0.680
[2m2026-03-16T03:41:31.087109Z[0m [32m INFO[0m [2mexecution_engine[0m[2m:[0m Tick  game="Jazz vs. Kings"  team=Jazz  is_home=false  market_prob=0.310
[2m2026-03-16T03:41:34.112211Z[0m [32m INFO[0m [2mexecution_engine[0m[2m:[0m Tick  game="Jazz vs. Kings"  team=Jazz  is_home=false  market_prob=0.320
[2m2026-03-16T03:41:34.116401Z[0m [32m INFO[0m [2mexecution_engine[0m[2m:[0m Tick  game="Jazz vs. Kings"  team=Jazz  is_home=false  market_prob=0.310
[2m2026-03-16T03:41:37.844256Z[0m [32m INFO[0m [2mexecution_engine[0m[2m:[0m Tick  game="Warriors vs. Wizards"  team=Warriors  is_home=false  market_prob=0.750
[2m2026-03-16T03:41:38.086806Z[0m [32m INFO[0m [2mexecution_engine[0m[2m:[0m Tick  game="Jazz vs. Kings"  team=Jazz  is_home=false  market_prob=0.310
[2m2026-03-16T03:41:38.088460Z[0m [32m INFO[0m [2mexecution_engine[0m[2m:[0m Tick  game="Jazz vs. Kings"  team=Kings  is_home=true  market_prob=0.690
[2m2026-03-16T03:41:39.089105Z[0m [32m INFO[0m [2mexecution_engine[0m[2m:[0m Tick  game="Warriors vs. Wizards"  team=Warriors  is_home=false  market_prob=0.750
[2m2026-03-16T03:41:40.070554Z[0m [32m INFO[0m [2mexecution_engine[0m[2m:[0m Tick  game="Jazz vs. Kings"  team=Kings  is_home=true  market_prob=0.690
[2m2026-03-16T03:41:40.074120Z[0m [32m INFO[0m [2mexecution_engine[0m[2m:[0m Tick  game="Jazz vs. Kings"  team=Kings  is_home=true  market_prob=0.690
[2m2026-03-16T03:41:41.081672Z[0m [32m INFO[0m [2mexecution_engine[0m[2m:[0m Tick  game="Jazz vs. Kings"  team=Kings  is_home=true  market_prob=0.690
[2m2026-03-16T03:41:42.111177Z[0m [32m INFO[0m [2mexecution_engine[0m[2m:[0m Tick  game="Jazz vs. Kings"  team=Kings  is_home=true  market_prob=0.690
[2m2026-03-16T03:41:42.225997Z[0m [32m INFO[0m [2mexecution_engine[0m[2m:[0m Tick  game="Jazz vs. Kings"  team=Jazz  is_home=false  market_prob=0.320
[2m2026-03-16T03:41:42.283463Z[0m [32m INFO[0m [2mexecution_engine[0m[2m:[0m Tick  game="Spurs vs. Kings"  team=Spurs  is_home=false  market_prob=0.870
[2m2026-03-16T03:41:43.192716Z[0m [32m INFO[0m [2mexecution_engine[0m[2m:[0m Tick  game="Jazz vs. Kings"  team=Jazz  is_home=false  market_prob=0.320
[2m2026-03-16T03:41:43.194178Z[0m [32m INFO[0m [2mexecution_engine[0m[2m:[0m Tick  game="Jazz vs. Kings"  team=Kings  is_home=true  market_prob=0.690
[2m2026-03-16T03:41:44.599902Z[0m [32m INFO[0m [2mexecution_engine[0m[2m:[0m Tick  game="Warriors vs. Wizards"  team=Wizards  is_home=true  market_prob=0.260
[2m2026-03-16T03:41:45.152998Z[0m [32m INFO[0m [2mexecution_engine[0m[2m:[0m Tick  game="Jazz vs. Kings"  team=Kings  is_home=true  market_prob=0.680
[2m2026-03-16T03:41:46.115357Z[0m [32m INFO[0m [2mexecution_engine[0m[2m:[0m Tick  game="Jazz vs. Kings"  team=Jazz  is_home=false  market_prob=0.330
[2m2026-03-16T03:41:46.118152Z[0m [32m INFO[0m [2mexecution_engine[0m[2m:[0m Tick  game="Jazz vs. Kings"  team=Kings  is_home=true  market_prob=0.680
[2m2026-03-16T03:41:46.130008Z[0m [32m INFO[0m [2mexecution_engine[0m[2m:[0m Tick  game="Jazz vs. Kings"  team=Kings  is_home=true  market_prob=0.680
[2m2026-03-16T03:41:46.133398Z[0m [32m INFO[0m [2mexecution_engine[0m[2m:[0m Tick  game="Jazz vs. Kings"  team=Kings  is_home=true  market_prob=0.690
[2m2026-03-16T03:41:46.134500Z[0m [32m INFO[0m [2mexecution_engine[0m[2m:[0m Tick  game="Jazz vs. Kings"  team=Kings  is_home=true  market_prob=0.690
[2m2026-03-16T03:41:47.100088Z[0m [32m INFO[0m [2mexecution_engine[0m[2m:[0m Tick  game="Jazz vs. Kings"  team=Jazz  is_home=false  market_prob=0.310
[2m2026-03-16T03:41:47.102247Z[0m [32m INFO[0m [2mexecution_engine[0m[2m:[0m Tick  game="Jazz vs. Kings"  team=Kings  is_home=true  market_prob=0.700
[2m2026-03-16T03:41:47.103453Z[0m [32m INFO[0m [2mexecution_engine[0m[2m:[0m Tick  game="Jazz vs. Kings"  team=Kings  is_home=true  market_prob=0.690
[2m2026-03-16T03:41:47.119732Z[0m [32m INFO[0m [2mexecution_engine[0m[2m:[0m Tick  game="Jazz vs. Kings"  team=Jazz  is_home=false  market_prob=0.310
[2m2026-03-16T03:41:50.097224Z[0m [32m INFO[0m [2mexecution_engine[0m[2m:[0m Tick  game="Jazz vs. Kings"  team=Jazz  is_home=false  market_prob=0.310
[2m2026-03-16T03:41:51.109752Z[0m [32m INFO[0m [2mexecution_engine[0m[2m:[0m Tick  game="Jazz vs. Kings"  team=Jazz  is_home=false  market_prob=0.310
[2m2026-03-16T03:41:52.074517Z[0m [32m INFO[0m [2mexecution_engine[0m[2m:[0m Tick  game="Jazz vs. Kings"  team=Jazz  is_home=false  market_prob=0.310
[2m2026-03-16T03:41:52.098214Z[0m [32m INFO[0m [2mexecution_engine[0m[2m:[0m Tick  game="Jazz vs. Kings"  team=Jazz  is_home=false  market_prob=0.310
[2m2026-03-16T03:41:52.100431Z[0m [32m INFO[0m [2mexecution_engine[0m[2m:[0m Tick  game="Jazz vs. Kings"  team=Jazz  is_home=false  market_prob=0.290
[2m2026-03-16T03:41:52.103169Z[0m [32m INFO[0m [2mexecution_engine[0m[2m:[0m Tick  game="Warriors vs. Wizards"  team=Warriors  is_home=false  market_prob=0.750
[2m2026-03-16T03:41:53.090877Z[0m [32m INFO[0m [2mexecution_engine[0m[2m:[0m Tick  game="Jazz vs. Kings"  team=Kings  is_home=true  market_prob=0.710
[2m2026-03-16T03:41:53.094356Z[0m [32m INFO[0m [2mexecution_engine[0m[2m:[0m Tick  game="Jazz vs. Kings"  team=Kings  is_home=true  market_prob=0.710
[2m2026-03-16T03:41:53.105436Z[0m [32m INFO[0m [2mexecution_engine[0m[2m:[0m Tick  game="Jazz vs. Kings"  team=Kings  is_home=true  market_prob=0.710
[2m2026-03-16T03:41:54.074661Z[0m [32m INFO[0m [2mexecution_engine[0m[2m:[0m Tick  game="Jazz vs. Kings"  team=Jazz  is_home=false  market_prob=0.300
[2m2026-03-16T03:41:54.078537Z[0m [32m INFO[0m [2mexecution_engine[0m[2m:[0m Tick  game="Jazz vs. Kings"  team=Kings  is_home=true  market_prob=0.710
[2m2026-03-16T03:41:55.071000Z[0m [32m INFO[0m [2mexecution_engine[0m[2m:[0m Tick  game="Jazz vs. Kings"  team=Kings  is_home=true  market_prob=0.700
[2m2026-03-16T03:41:55.075099Z[0m [32m INFO[0m [2mexecution_engine[0m[2m:[0m Tick  game="Jazz vs. Kings"  team=Kings  is_home=true  market_prob=0.710
[2m2026-03-16T03:41:56.235830Z[0m [32m INFO[0m [2mexecution_engine[0m[2m:[0m Tick  game="Jazz vs. Kings"  team=Jazz  is_home=false  market_prob=0.300
[2m2026-03-16T03:41:56.240161Z[0m [32m INFO[0m [2mexecution_engine[0m[2m:[0m Tick  game="Jazz vs. Kings"  team=Jazz  is_home=false  market_prob=0.300
[2m2026-03-16T03:41:57.136545Z[0m [32m INFO[0m [2mexecution_engine[0m[2m:[0m Tick  game="Jazz vs. Kings"  team=Jazz  is_home=false  market_prob=0.300
[2m2026-03-16T03:41:58.166147Z[0m [32m INFO[0m [2mexecution_engine[0m[2m:[0m Tick  game="Jazz vs. Kings"  team=Jazz  is_home=false  market_prob=0.300
[2m2026-03-16T03:42:00.110673Z[0m [32m INFO[0m [2mexecution_engine[0m[2m:[0m Tick  game="Jazz vs. Kings"  team=Jazz  is_home=false  market_prob=0.300
[2m2026-03-16T03:42:02.145267Z[0m [32m INFO[0m [2mexecution_engine[0m[2m:[0m Tick  game="Jazz vs. Kings"  team=Jazz  is_home=false  market_prob=0.300
[2m2026-03-16T03:42:02.154371Z[0m [32m INFO[0m [2mexecution_engine[0m[2m:[0m Tick  game="Jazz vs. Kings"  team=Kings  is_home=true  market_prob=0.710
[2m2026-03-16T03:42:03.104983Z[0m [32m INFO[0m [2mexecution_engine[0m[2m:[0m Tick  game="Jazz vs. Kings"  team=Jazz  is_home=false  market_prob=0.300
[2m2026-03-16T03:42:04.078856Z[0m [32m INFO[0m [2mexecution_engine[0m[2m:[0m Tick  game="Jazz vs. Kings"  team=Kings  is_home=true  market_prob=0.710
[2m2026-03-16T03:42:05.164811Z[0m [32m INFO[0m [2mexecution_engine[0m[2m:[0m Tick  game="Jazz vs. Kings"  team=Jazz  is_home=false  market_prob=0.310
[2m2026-03-16T03:42:05.167406Z[0m [32m INFO[0m [2mexecution_engine[0m[2m:[0m Tick  game="Jazz vs. Kings"  team=Jazz  is_home=false  market_prob=0.310
[2m2026-03-16T03:42:05.169353Z[0m [32m INFO[0m [2mexecution_engine[0m[2m:[0m Tick  game="Jazz vs. Kings"  team=Jazz  is_home=false  market_prob=0.310
[2m2026-03-16T03:42:05.171402Z[0m [32m INFO[0m [2mexecution_engine[0m[2m:[0m Tick  game="Jazz vs. Kings"  team=Jazz  is_home=false  market_prob=0.320
[2m2026-03-16T03:42:05.173043Z[0m [32m INFO[0m [2mexecution_engine[0m[2m:[0m Tick  game="Jazz vs. Kings"  team=Kings  is_home=true  market_prob=0.690
[2m2026-03-16T03:42:05.173923Z[0m [32m INFO[0m [2mexecution_engine[0m[2m:[0m Tick  game="Jazz vs. Kings"  team=Jazz  is_home=false  market_prob=0.320
[2m2026-03-16T03:42:06.102707Z[0m [32m INFO[0m [2mexecution_engine[0m[2m:[0m Tick  game="Suns vs. Celtics"  team=Suns  is_home=false  market_prob=0.230
[2m2026-03-16T03:42:06.106970Z[0m [32m INFO[0m [2mexecution_engine[0m[2m:[0m Tick  game="Jazz vs. Kings"  team=Jazz  is_home=false  market_prob=0.310
[2m2026-03-16T03:42:06.108472Z[0m [32m INFO[0m [2mexecution_engine[0m[2m:[0m Tick  game="Jazz vs. Kings"  team=Jazz  is_home=false  market_prob=0.310
[2m2026-03-16T03:42:08.090739Z[0m [32m INFO[0m [2mexecution_engine[0m[2m:[0m Tick  game="Jazz vs. Kings"  team=Jazz  is_home=false  market_prob=0.310
[2m2026-03-16T03:42:08.093219Z[0m [32m INFO[0m [2mexecution_engine[0m[2m:[0m Tick  game="Jazz vs. Kings"  team=Kings  is_home=true  market_prob=0.700
[2m2026-03-16T03:42:08.096452Z[0m [32m INFO[0m [2mexecution_engine[0m[2m:[0m Tick  game="Jazz vs. Kings"  team=Jazz  is_home=false  market_prob=0.310
[2m2026-03-16T03:42:08.101249Z[0m [32m INFO[0m [2mexecution_engine[0m[2m:[0m Tick  game="Jazz vs. Kings"  team=Jazz  is_home=false  market_prob=0.310
[2m2026-03-16T03:42:09.203525Z[0m [32m INFO[0m [2mexecution_engine[0m[2m:[0m Tick  game="Jazz vs. Kings"  team=Kings  is_home=true  market_prob=0.690
[2m2026-03-16T03:42:09.248754Z[0m [32m INFO[0m [2mexecution_engine[0m[2m:[0m Tick  game="Jazz vs. Kings"  team=Kings  is_home=true  market_prob=0.700
[2m2026-03-16T03:42:09.269010Z[0m [32m INFO[0m [2mexecution_engine[0m[2m:[0m Tick  game="Jazz vs. Kings"  team=Kings  is_home=true  market_prob=0.700
[2m2026-03-16T03:42:09.277496Z[0m [32m INFO[0m [2mexecution_engine[0m[2m:[0m Tick  game="Jazz vs. Kings"  team=Kings  is_home=true  market_prob=0.700
[2m2026-03-16T03:42:09.278699Z[0m [32m INFO[0m [2mexecution_engine[0m[2m:[0m Tick  game="Jazz vs. Kings"  team=Kings  is_home=true  market_prob=0.700
[2m2026-03-16T03:42:09.279959Z[0m [32m INFO[0m [2mexecution_engine[0m[2m:[0m Tick  game="Jazz vs. Kings"  team=Jazz  is_home=false  market_prob=0.310
[2m2026-03-16T03:42:09.280938Z[0m [32m INFO[0m [2mexecution_engine[0m[2m:[0m Tick  game="Jazz vs. Kings"  team=Kings  is_home=true  market_prob=0.700
[2m2026-03-16T03:42:09.281676Z[0m [32m INFO[0m [2mexecution_engine[0m[2m:[0m Tick  game="Jazz vs. Kings"  team=Jazz  is_home=false  market_prob=0.310
[2m2026-03-16T03:42:09.282431Z[0m [32m INFO[0m [2mexecution_engine[0m[2m:[0m Tick  game="Jazz vs. Kings"  team=Jazz  is_home=false  market_prob=0.310
[2m2026-03-16T03:42:09.283053Z[0m [32m INFO[0m [2mexecution_engine[0m[2m:[0m Tick  game="Jazz vs. Kings"  team=Kings  is_home=true  market_prob=0.700
[2m2026-03-16T03:42:09.283887Z[0m [32m INFO[0m [2mexecution_engine[0m[2m:[0m Tick  game="Jazz vs. Kings"  team=Kings  is_home=true  market_prob=0.700
[2m2026-03-16T03:42:10.073809Z[0m [32m INFO[0m [2mexecution_engine[0m[2m:[0m Tick  game="Jazz vs. Kings"  team=Jazz  is_home=false  market_prob=0.310
[2m2026-03-16T03:42:12.079074Z[0m [32m INFO[0m [2mexecution_engine[0m[2m:[0m Tick  game="Jazz vs. Kings"  team=Jazz  is_home=false  market_prob=0.310
[2m2026-03-16T03:42:12.083266Z[0m [32m INFO[0m [2mexecution_engine[0m[2m:[0m Tick  game="Jazz vs. Kings"  team=Kings  is_home=true  market_prob=0.700
[2m2026-03-16T03:42:12.085190Z[0m [32m INFO[0m [2mexecution_engine[0m[2m:[0m Tick  game="Jazz vs. Kings"  team=Kings  is_home=true  market_prob=0.700
[2m2026-03-16T03:42:12.087302Z[0m [32m INFO[0m [2mexecution_engine[0m[2m:[0m Tick  game="Jazz vs. Kings"  team=Kings  is_home=true  market_prob=0.700
[2m2026-03-16T03:42:13.069123Z[0m [32m INFO[0m [2mexecution_engine[0m[2m:[0m Tick  game="Jazz vs. Kings"  team=Kings  is_home=true  market_prob=0.700
[2m2026-03-16T03:42:13.070642Z[0m [32m INFO[0m [2mexecution_engine[0m[2m:[0m Tick  game="Jazz vs. Kings"  team=Kings  is_home=true  market_prob=0.700
[2m2026-03-16T03:42:13.071952Z[0m [32m INFO[0m [2mexecution_engine[0m[2m:[0m Tick  game="Jazz vs. Kings"  team=Kings  is_home=true  market_prob=0.690
[2m2026-03-16T03:42:13.073168Z[0m [32m INFO[0m [2mexecution_engine[0m[2m:[0m Tick  game="Jazz vs. Kings"  team=Jazz  is_home=false  market_prob=0.310
[2m2026-03-16T03:42:14.071645Z[0m [32m INFO[0m [2mexecution_engine[0m[2m:[0m Tick  game="Jazz vs. Kings"  team=Kings  is_home=true  market_prob=0.700
[2m2026-03-16T03:42:14.073260Z[0m [32m INFO[0m [2mexecution_engine[0m[2m:[0m Tick  game="Jazz vs. Kings"  team=Jazz  is_home=false  market_prob=0.300
[2m2026-03-16T03:42:15.087793Z[0m [32m INFO[0m [2mexecution_engine[0m[2m:[0m Tick  game="Jazz vs. Kings"  team=Kings  is_home=true  market_prob=0.700
[2m2026-03-16T03:42:15.097958Z[0m [32m INFO[0m [2mexecution_engine[0m[2m:[0m Tick  game="Jazz vs. Kings"  team=Kings  is_home=true  market_prob=0.700
[2m2026-03-16T03:42:15.100298Z[0m [32m INFO[0m [2mexecution_engine[0m[2m:[0m Tick  game="Jazz vs. Kings"  team=Kings  is_home=true  market_prob=0.700
[2m2026-03-16T03:42:15.101933Z[0m [32m INFO[0m [2mexecution_engine[0m[2m:[0m Tick  game="Jazz vs. Kings"  team=Kings  is_home=true  market_prob=0.700
[2m2026-03-16T03:42:15.103313Z[0m [32m INFO[0m [2mexecution_engine[0m[2m:[0m Tick  game="Jazz vs. Kings"  team=Kings  is_home=true  market_prob=0.700
[2m2026-03-16T03:42:16.062402Z[0m [32m INFO[0m [2mexecution_engine[0m[2m:[0m Tick  game="Jazz vs. Kings"  team=Kings  is_home=true  market_prob=0.700
[2m2026-03-16T03:42:16.068204Z[0m [32m INFO[0m [2mexecution_engine[0m[2m:[0m Tick  game="Jazz vs. Kings"  team=Jazz  is_home=false  market_prob=0.310
[2m2026-03-16T03:42:17.077044Z[0m [32m INFO[0m [2mexecution_engine[0m[2m:[0m Tick  game="Jazz vs. Kings"  team=Kings  is_home=true  market_prob=0.690
[2m2026-03-16T03:42:17.079524Z[0m [32m INFO[0m [2mexecution_engine[0m[2m:[0m Tick  game="Jazz vs. Kings"  team=Kings  is_home=true  market_prob=0.690
[2m2026-03-16T03:42:17.081464Z[0m [32m INFO[0m [2mexecution_engine[0m[2m:[0m Tick  game="Jazz vs. Kings"  team=Kings  is_home=true  market_prob=0.690
[2m2026-03-16T03:42:17.390829Z[0m [32m INFO[0m [2mexecution_engine[0m[2m:[0m Tick  game="Warriors vs. Wizards"  team=Warriors  is_home=false  market_prob=0.750
[2m2026-03-16T03:42:19.227913Z[0m [32m INFO[0m [2mexecution_engine[0m[2m:[0m Tick  game="Jazz vs. Kings"  team=Jazz  is_home=false  market_prob=0.310
[2m2026-03-16T03:42:19.230468Z[0m [32m INFO[0m [2mexecution_engine[0m[2m:[0m Tick  game="Jazz vs. Kings"  team=Kings  is_home=true  market_prob=0.700
[2m2026-03-16T03:42:21.078472Z[0m [32m INFO[0m [2mexecution_engine[0m[2m:[0m Tick  game="Jazz vs. Kings"  team=Jazz  is_home=false  market_prob=0.310
[2m2026-03-16T03:42:21.088058Z[0m [32m INFO[0m [2mexecution_engine[0m[2m:[0m Tick  game="Jazz vs. Kings"  team=Kings  is_home=true  market_prob=0.700
[2m2026-03-16T03:42:22.075831Z[0m [32m INFO[0m [2mexecution_engine[0m[2m:[0m Tick  game="Jazz vs. Kings"  team=Jazz  is_home=false  market_prob=0.310
[2m2026-03-16T03:42:23.069934Z[0m [32m INFO[0m [2mexecution_engine[0m[2m:[0m Tick  game="Jazz vs. Kings"  team=Jazz  is_home=false  market_prob=0.310
[2m2026-03-16T03:42:24.118689Z[0m [32m INFO[0m [2mexecution_engine[0m[2m:[0m Tick  game="Jazz vs. Kings"  team=Jazz  is_home=false  market_prob=0.310
[2m2026-03-16T03:42:24.120726Z[0m [32m INFO[0m [2mexecution_engine[0m[2m:[0m Tick  game="Jazz vs. Kings"  team=Jazz  is_home=false  market_prob=0.320
[2m2026-03-16T03:42:27.074446Z[0m [32m INFO[0m [2mexecution_engine[0m[2m:[0m Tick  game="Jazz vs. Kings"  team=Jazz  is_home=false  market_prob=0.330
[2m2026-03-16T03:42:27.076855Z[0m [32m INFO[0m [2mexecution_engine[0m[2m:[0m Tick  game="Jazz vs. Kings"  team=Jazz  is_home=false  market_prob=0.340
[2m2026-03-16T03:42:28.186331Z[0m [32m INFO[0m [2mexecution_engine[0m[2m:[0m Tick  game="Jazz vs. Kings"  team=Kings  is_home=true  market_prob=0.660
[2m2026-03-16T03:42:30.094494Z[0m [32m INFO[0m [2mexecution_engine[0m[2m:[0m Tick  game="Jazz vs. Kings"  team=Jazz  is_home=false  market_prob=0.350
[2m2026-03-16T03:42:30.100546Z[0m [32m INFO[0m [2mexecution_engine[0m[2m:[0m Tick  game="Jazz vs. Kings"  team=Jazz  is_home=false  market_prob=0.350
[2m2026-03-16T03:42:30.108374Z[0m [32m INFO[0m [2mexecution_engine[0m[2m:[0m Tick  game="Jazz vs. Kings"  team=Jazz  is_home=false  market_prob=0.350
[2m2026-03-16T03:42:30.110674Z[0m [32m INFO[0m [2mexecution_engine[0m[2m:[0m Tick  game="Jazz vs. Kings"  team=Jazz  is_home=false  market_prob=0.350
[2m2026-03-16T03:42:30.111527Z[0m [32m INFO[0m [2mexecution_engine[0m[2m:[0m Tick  game="Jazz vs. Kings"  team=Jazz  is_home=false  market_prob=0.350
[2m2026-03-16T03:42:30.148461Z[0m [32m INFO[0m [2mexecution_engine[0m[2m:[0m Tick  game="Jazz vs. Kings"  team=Jazz  is_home=false  market_prob=0.350
[2m2026-03-16T03:42:30.162498Z[0m [32m INFO[0m [2mexecution_engine[0m[2m:[0m Tick  game="Jazz vs. Kings"  team=Jazz  is_home=false  market_prob=0.350
[2m2026-03-16T03:42:30.314590Z[0m [32m INFO[0m [2mexecution_engine[0m[2m:[0m Tick  game="Pacers vs. Knicks"  team=Knicks  is_home=true  market_prob=0.860
[2m2026-03-16T03:42:30.322461Z[0m [32m INFO[0m [2mexecution_engine[0m[2m:[0m Edge -0.189 found but confidence too low (59.3%) — skipping
[2m2026-03-16T03:42:31.129725Z[0m [32m INFO[0m [2mexecution_engine[0m[2m:[0m Tick  game="Jazz vs. Kings"  team=Jazz  is_home=false  market_prob=0.330
[2m2026-03-16T03:42:31.131282Z[0m [32m INFO[0m [2mexecution_engine[0m[2m:[0m Tick  game="Jazz vs. Kings"  team=Kings  is_home=true  market_prob=0.670
[2m2026-03-16T03:42:33.077246Z[0m [32m INFO[0m [2mexecution_engine[0m[2m:[0m Tick  game="Jazz vs. Kings"  team=Jazz  is_home=false  market_prob=0.330
[2m2026-03-16T03:42:33.079572Z[0m [32m INFO[0m [2mexecution_engine[0m[2m:[0m Tick  game="Jazz vs. Kings"  team=Kings  is_home=true  market_prob=0.680
[2m2026-03-16T03:42:34.104339Z[0m [32m INFO[0m [2mexecution_engine[0m[2m:[0m Tick  game="Jazz vs. Kings"  team=Jazz  is_home=false  market_prob=0.320
[2m2026-03-16T03:42:34.106722Z[0m [32m INFO[0m [2mexecution_engine[0m[2m:[0m Tick  game="Jazz vs. Kings"  team=Jazz  is_home=false  market_prob=0.320
[2m2026-03-16T03:42:34.781596Z[0m [32m INFO[0m [2mexecution_engine[0m[2m:[0m Tick  game="Trail Blazers vs. Nets"  team=Nets  is_home=true  market_prob=0.220
[2m2026-03-16T03:42:34.795849Z[0m [32m INFO[0m [2mexecution_engine[0m[2m:[0m Tick  game="Trail Blazers vs. Nets"  team=Nets  is_home=true  market_prob=0.220
[2m2026-03-16T03:42:36.117687Z[0m [32m INFO[0m [2mexecution_engine[0m[2m:[0m Tick  game="Jazz vs. Kings"  team=Jazz  is_home=false  market_prob=0.320
[2m2026-03-16T03:42:36.124622Z[0m [32m INFO[0m [2mexecution_engine[0m[2m:[0m Tick  game="Jazz vs. Kings"  team=Kings  is_home=true  market_prob=0.680
[2m2026-03-16T03:42:36.145593Z[0m [32m INFO[0m [2mexecution_engine[0m[2m:[0m Tick  game="Jazz vs. Kings"  team=Kings  is_home=true  market_prob=0.680
[2m2026-03-16T03:42:37.109915Z[0m [32m INFO[0m [2mexecution_engine[0m[2m:[0m Tick  game="Jazz vs. Kings"  team=Jazz  is_home=false  market_prob=0.320
[2m2026-03-16T03:42:37.148381Z[0m [32m INFO[0m [2mexecution_engine[0m[2m:[0m Tick  game="Jazz vs. Kings"  team=Jazz  is_home=false  market_prob=0.320
[2m2026-03-16T03:42:37.196228Z[0m [32m INFO[0m [2mexecution_engine[0m[2m:[0m Tick  game="Jazz vs. Kings"  team=Jazz  is_home=false  market_prob=0.330
[2m2026-03-16T03:42:38.077308Z[0m [32m INFO[0m [2mexecution_engine[0m[2m:[0m Tick  game="Jazz vs. Kings"  team=Kings  is_home=true  market_prob=0.670
[2m2026-03-16T03:42:40.191911Z[0m [32m INFO[0m [2mexecution_engine[0m[2m:[0m Tick  game="Jazz vs. Kings"  team=Kings  is_home=true  market_prob=0.670
[2m2026-03-16T03:42:40.193292Z[0m [32m INFO[0m [2mexecution_engine[0m[2m:[0m Tick  game="Jazz vs. Kings"  team=Kings  is_home=true  market_prob=0.690
[2m2026-03-16T03:42:41.321748Z[0m [32m INFO[0m [2mexecution_engine[0m[2m:[0m Tick  game="Jazz vs. Kings"  team=Jazz  is_home=false  market_prob=0.330
[2m2026-03-16T03:42:43.069062Z[0m [32m INFO[0m [2mexecution_engine[0m[2m:[0m Tick  game="Jazz vs. Kings"  team=Kings  is_home=true  market_prob=0.680
[2m2026-03-16T03:42:43.785258Z[0m [32m INFO[0m [2mexecution_engine[0m[2m:[0m Tick  game="Grizzlies vs. Bulls"  team=Bulls  is_home=true  market_prob=0.700
[2m2026-03-16T03:42:44.136993Z[0m [32m INFO[0m [2mexecution_engine[0m[2m:[0m Tick  game="Jazz vs. Kings"  team=Kings  is_home=true  market_prob=0.670
[2m2026-03-16T03:42:44.139171Z[0m [32m INFO[0m [2mexecution_engine[0m[2m:[0m Tick  game="Jazz vs. Kings"  team=Kings  is_home=true  market_prob=0.690
[2m2026-03-16T03:42:44.140523Z[0m [32m INFO[0m [2mexecution_engine[0m[2m:[0m Tick  game="Jazz vs. Kings"  team=Jazz  is_home=false  market_prob=0.330
[2m2026-03-16T03:42:45.136313Z[0m [32m INFO[0m [2mexecution_engine[0m[2m:[0m Tick  game="Jazz vs. Kings"  team=Jazz  is_home=false  market_prob=0.330
[2m2026-03-16T03:42:45.139494Z[0m [32m INFO[0m [2mexecution_engine[0m[2m:[0m Tick  game="Jazz vs. Kings"  team=Jazz  is_home=false  market_prob=0.330
[2m2026-03-16T03:42:45.141546Z[0m [32m INFO[0m [2mexecution_engine[0m[2m:[0m Tick  game="Jazz vs. Kings"  team=Kings  is_home=true  market_prob=0.690
[2m2026-03-16T03:42:45.143244Z[0m [32m INFO[0m [2mexecution_engine[0m[2m:[0m Tick  game="Jazz vs. Kings"  team=Kings  is_home=true  market_prob=0.680
[2m2026-03-16T03:42:45.881658Z[0m [32m INFO[0m [2mexecution_engine[0m[2m:[0m Tick  game="Thunder vs. Magic"  team=Thunder  is_home=false  market_prob=0.710
[2m2026-03-16T03:42:46.098125Z[0m [32m INFO[0m [2mexecution_engine[0m[2m:[0m Tick  game="Jazz vs. Kings"  team=Kings  is_home=true  market_prob=0.680
[2m2026-03-16T03:42:46.101323Z[0m [32m INFO[0m [2mexecution_engine[0m[2m:[0m Tick  game="Jazz vs. Kings"  team=Kings  is_home=true  market_prob=0.680
[2m2026-03-16T03:42:46.103526Z[0m [32m INFO[0m [2mexecution_engine[0m[2m:[0m Tick  game="Jazz vs. Kings"  team=Jazz  is_home=false  market_prob=0.320
[2m2026-03-16T03:42:47.460655Z[0m [32m INFO[0m [2mexecution_engine[0m[2m:[0m Tick  game="Jazz vs. Kings"  team=Jazz  is_home=false  market_prob=0.330
[2m2026-03-16T03:42:47.462419Z[0m [32m INFO[0m [2mexecution_engine[0m[2m:[0m Tick  game="Jazz vs. Kings"  team=Jazz  is_home=false  market_prob=0.310
[2m2026-03-16T03:42:47.537348Z[0m [32m INFO[0m [2mexecution_engine[0m[2m:[0m Tick  game="Jazz vs. Kings"  team=Kings  is_home=true  market_prob=0.690
[2m2026-03-16T03:42:49.075836Z[0m [32m INFO[0m [2mexecution_engine[0m[2m:[0m Tick  game="Jazz vs. Kings"  team=Kings  is_home=true  market_prob=0.690
[2m2026-03-16T03:42:50.094879Z[0m [32m INFO[0m [2mexecution_engine[0m[2m:[0m Tick  game="Jazz vs. Kings"  team=Jazz  is_home=false  market_prob=0.320
[2m2026-03-16T03:42:50.860997Z[0m [32m INFO[0m [2mexecution_engine[0m[2m:[0m Tick  game="Thunder vs. Magic"  team=Magic  is_home=true  market_prob=0.300
[2m2026-03-16T03:42:51.108629Z[0m [32m INFO[0m [2mexecution_engine[0m[2m:[0m Tick  game="Jazz vs. Kings"  team=Jazz  is_home=false  market_prob=0.320
[2m2026-03-16T03:42:51.111749Z[0m [32m INFO[0m [2mexecution_engine[0m[2m:[0m Tick  game="Jazz vs. Kings"  team=Jazz  is_home=false  market_prob=0.320
[2m2026-03-16T03:42:51.113820Z[0m [32m INFO[0m [2mexecution_engine[0m[2m:[0m Tick  game="Jazz vs. Kings"  team=Kings  is_home=true  market_prob=0.690
[2m2026-03-16T03:42:52.103087Z[0m [32m INFO[0m [2mexecution_engine[0m[2m:[0m Tick  game="Jazz vs. Kings"  team=Kings  is_home=true  market_prob=0.690
[2m2026-03-16T03:42:52.933120Z[0m [32m INFO[0m [2mexecution_engine[0m[2m:[0m Tick  game="Thunder vs. Magic"  team=Thunder  is_home=false  market_prob=0.710
[2m2026-03-16T03:42:54.088966Z[0m [32m INFO[0m [2mexecution_engine[0m[2m:[0m Tick  game="Jazz vs. Kings"  team=Kings  is_home=true  market_prob=0.710
[2m2026-03-16T03:42:54.098600Z[0m [32m INFO[0m [2mexecution_engine[0m[2m:[0m Tick  game="Jazz vs. Kings"  team=Kings  is_home=true  market_prob=0.710
[2m2026-03-16T03:42:54.103449Z[0m [32m INFO[0m [2mexecution_engine[0m[2m:[0m Tick  game="Jazz vs. Kings"  team=Kings  is_home=true  market_prob=0.700
[2m2026-03-16T03:42:54.122426Z[0m [32m INFO[0m [2mexecution_engine[0m[2m:[0m Tick  game="Jazz vs. Kings"  team=Kings  is_home=true  market_prob=0.720
[2m2026-03-16T03:42:54.123135Z[0m [32m INFO[0m [2mexecution_engine[0m[2m:[0m SELL SIGNAL  game="Jazz vs. Kings"  reason=TRAILING_STOP(peak 0.340 now 0.280)  positions_open=16
[2m2026-03-16T03:42:54.124719Z[0m [32m INFO[0m [2mexecution_engine[0m[2m:[0m TRADE SOLD  id=7f4b5719-49d9-48e3-b673-06f86cfb6e45  game=0x81672be3a86cb59edbdf292fa223d2a74703eb4e3f0bf570587bcae830928822  reason=TRAILING_STOP(peak 0.340 now 0.280)  entry=0.210  exit=0.280  pnl=+16.67 USDC  wallet_delta=+66.67
[2m2026-03-16T03:42:54.124736Z[0m [32m INFO[0m [2mexecution_engine[0m[2m:[0m Position closed — 15 open games remaining
[2m2026-03-16T03:42:55.134535Z[0m [32m INFO[0m [2mexecution_engine[0m[2m:[0m Tick  game="Jazz vs. Kings"  team=Kings  is_home=true  market_prob=0.730
[2m2026-03-16T03:42:55.135577Z[0m [32m INFO[0m [2mexecution_engine[0m[2m:[0m EDGE FOUND  game="Jazz vs. Kings"  home=Kings  edge=-0.521  conf=77.8%  action=BUY_JAZZ
[2m2026-03-16T03:42:55.136797Z[0m [32m INFO[0m [2mexecution_engine[0m[2m:[0m TRADE SIGNED  id=48c08f08-2a5d-4f5b-a8b7-ccb63fc60e92  game=0x81672be3a86cb59edbdf292fa223d2a74703eb4e3f0bf570587bcae830928822  action=BUY_JAZZ  market=0.730  model=0.209  edge=-0.521  stake=50 USDC  hash=0x12a57c96bd
[2m2026-03-16T03:42:55.136810Z[0m [32m INFO[0m [2mexecution_engine[0m[2m:[0m Position buy #1/3 — 16 open games total
[2m2026-03-16T03:42:55.137358Z[0m [32m INFO[0m [2mexecution_engine[0m[2m:[0m Tick  game="Jazz vs. Kings"  team=Kings  is_home=true  market_prob=0.730
[2m2026-03-16T03:42:55.139776Z[0m [32m INFO[0m [2mexecution_engine[0m[2m:[0m Tick  game="Jazz vs. Kings"  team=Kings  is_home=true  market_prob=0.740
[2m2026-03-16T03:42:55.201591Z[0m [32m INFO[0m [2mexecution_engine[0m[2m:[0m Tick  game="Jazz vs. Kings"  team=Kings  is_home=true  market_prob=0.740
[2m2026-03-16T03:42:56.079894Z[0m [32m INFO[0m [2mexecution_engine[0m[2m:[0m Tick  game="Jazz vs. Kings"  team=Kings  is_home=true  market_prob=0.740
[2m2026-03-16T03:42:56.899307Z[0m [32m INFO[0m [2mexecution_engine[0m[2m:[0m Tick  game="Thunder vs. Magic"  team=Thunder  is_home=false  market_prob=0.710
[2m2026-03-16T03:42:57.124164Z[0m [32m INFO[0m [2mexecution_engine[0m[2m:[0m Tick  game="Jazz vs. Kings"  team=Kings  is_home=true  market_prob=0.730
[2m2026-03-16T03:42:57.127114Z[0m [32m INFO[0m [2mexecution_engine[0m[2m:[0m Tick  game="Jazz vs. Kings"  team=Kings  is_home=true  market_prob=0.730
[2m2026-03-16T03:42:57.132863Z[0m [32m INFO[0m [2mexecution_engine[0m[2m:[0m Tick  game="Jazz vs. Kings"  team=Kings  is_home=true  market_prob=0.730
[2m2026-03-16T03:42:57.140872Z[0m [32m INFO[0m [2mexecution_engine[0m[2m:[0m Tick  game="Jazz vs. Kings"  team=Kings  is_home=true  market_prob=0.740
[2m2026-03-16T03:42:57.142061Z[0m [32m INFO[0m [2mexecution_engine[0m[2m:[0m Tick  game="Jazz vs. Kings"  team=Kings  is_home=true  market_prob=0.730
[2m2026-03-16T03:42:57.164357Z[0m [32m INFO[0m [2mexecution_engine[0m[2m:[0m Tick  game="Jazz vs. Kings"  team=Jazz  is_home=false  market_prob=0.280
[2m2026-03-16T03:42:57.167123Z[0m [32m INFO[0m [2mexecution_engine[0m[2m:[0m Tick  game="Jazz vs. Kings"  team=Kings  is_home=true  market_prob=0.720
[2m2026-03-16T03:42:57.168199Z[0m [32m INFO[0m [2mexecution_engine[0m[2m:[0m Tick  game="Jazz vs. Kings"  team=Kings  is_home=true  market_prob=0.740
[2m2026-03-16T03:42:57.170256Z[0m [32m INFO[0m [2mexecution_engine[0m[2m:[0m Tick  game="Jazz vs. Kings"  team=Jazz  is_home=false  market_prob=0.280
[2m2026-03-16T03:42:57.171234Z[0m [32m INFO[0m [2mexecution_engine[0m[2m:[0m Tick  game="Jazz vs. Kings"  team=Kings  is_home=true  market_prob=0.750
[2m2026-03-16T03:42:58.106111Z[0m [32m INFO[0m [2mexecution_engine[0m[2m:[0m Tick  game="Jazz vs. Kings"  team=Kings  is_home=true  market_prob=0.760
[2m2026-03-16T03:42:58.107866Z[0m [32m INFO[0m [2mexecution_engine[0m[2m:[0m Tick  game="Jazz vs. Kings"  team=Kings  is_home=true  market_prob=0.750
[2m2026-03-16T03:42:58.109227Z[0m [32m INFO[0m [2mexecution_engine[0m[2m:[0m Tick  game="Jazz vs. Kings"  team=Jazz  is_home=false  market_prob=0.260
[2m2026-03-16T03:42:58.110207Z[0m [32m INFO[0m [2mexecution_engine[0m[2m:[0m Tick  game="Jazz vs. Kings"  team=Kings  is_home=true  market_prob=0.750
[2m2026-03-16T03:42:58.111838Z[0m [32m INFO[0m [2mexecution_engine[0m[2m:[0m Tick  game="Jazz vs. Kings"  team=Kings  is_home=true  market_prob=0.750
[2m2026-03-16T03:42:59.070037Z[0m [32m INFO[0m [2mexecution_engine[0m[2m:[0m Tick  game="Jazz vs. Kings"  team=Kings  is_home=true  market_prob=0.750
[2m2026-03-16T03:42:59.076446Z[0m [32m INFO[0m [2mexecution_engine[0m[2m:[0m Tick  game="Jazz vs. Kings"  team=Jazz  is_home=false  market_prob=0.260
[2m2026-03-16T03:43:00.084212Z[0m [32m INFO[0m [2mexecution_engine[0m[2m:[0m Tick  game="Jazz vs. Kings"  team=Kings  is_home=true  market_prob=0.750
[2m2026-03-16T03:43:00.087277Z[0m [32m INFO[0m [2mexecution_engine[0m[2m:[0m Tick  game="Jazz vs. Kings"  team=Kings  is_home=true  market_prob=0.750
[2m2026-03-16T03:43:00.090643Z[0m [32m INFO[0m [2mexecution_engine[0m[2m:[0m Tick  game="Jazz vs. Kings"  team=Kings  is_home=true  market_prob=0.750
[2m2026-03-16T03:43:00.092825Z[0m [32m INFO[0m [2mexecution_engine[0m[2m:[0m Tick  game="Jazz vs. Kings"  team=Kings  is_home=true  market_prob=0.750
[2m2026-03-16T03:43:00.131402Z[0m [32m INFO[0m [2mexecution_engine[0m[2m:[0m Tick  game="Jazz vs. Kings"  team=Kings  is_home=true  market_prob=0.740
[2m2026-03-16T03:43:00.135154Z[0m [32m INFO[0m [2mexecution_engine[0m[2m:[0m Tick  game="Jazz vs. Kings"  team=Jazz  is_home=false  market_prob=0.260
[2m2026-03-16T03:43:00.137595Z[0m [32m INFO[0m [2mexecution_engine[0m[2m:[0m Tick  game="Jazz vs. Kings"  team=Jazz  is_home=false  market_prob=0.260
[2m2026-03-16T03:43:00.145360Z[0m [32m INFO[0m [2mexecution_engine[0m[2m:[0m Tick  game="Jazz vs. Kings"  team=Kings  is_home=true  market_prob=0.750
[2m2026-03-16T03:43:00.153625Z[0m [32m INFO[0m [2mexecution_engine[0m[2m:[0m Tick  game="Jazz vs. Kings"  team=Kings  is_home=true  market_prob=0.750
[2m2026-03-16T03:43:00.155004Z[0m [32m INFO[0m [2mexecution_engine[0m[2m:[0m Tick  game="Thunder vs. Magic"  team=Thunder  is_home=false  market_prob=0.710
[2m2026-03-16T03:43:01.102638Z[0m [32m INFO[0m [2mexecution_engine[0m[2m:[0m Tick  game="Jazz vs. Kings"  team=Jazz  is_home=false  market_prob=0.260
[2m2026-03-16T03:43:01.105670Z[0m [32m INFO[0m [2mexecution_engine[0m[2m:[0m Tick  game="Jazz vs. Kings"  team=Jazz  is_home=false  market_prob=0.260
[2m2026-03-16T03:43:02.100524Z[0m [32m INFO[0m [2mexecution_engine[0m[2m:[0m Tick  game="Jazz vs. Kings"  team=Jazz  is_home=false  market_prob=0.260
[2m2026-03-16T03:43:02.350032Z[0m [32m INFO[0m [2mexecution_engine[0m[2m:[0m Tick  game="Lakers vs. Rockets"  team=Lakers  is_home=false  market_prob=0.440
[2m2026-03-16T03:43:03.073516Z[0m [32m INFO[0m [2mexecution_engine[0m[2m:[0m Tick  game="Jazz vs. Kings"  team=Kings  is_home=true  market_prob=0.750
[2m2026-03-16T03:43:03.484330Z[0m [32m INFO[0m [2mexecution_engine[0m[2m:[0m Tick  game="Warriors vs. Wizards"  team=Wizards  is_home=true  market_prob=0.260
[2m2026-03-16T03:43:05.102343Z[0m [32m INFO[0m [2mexecution_engine[0m[2m:[0m Tick  game="Jazz vs. Kings"  team=Kings  is_home=true  market_prob=0.740
[2m2026-03-16T03:43:05.105718Z[0m [32m INFO[0m [2mexecution_engine[0m[2m:[0m Tick  game="Jazz vs. Kings"  team=Jazz  is_home=false  market_prob=0.260
[2m2026-03-16T03:43:05.119887Z[0m [32m INFO[0m [2mexecution_engine[0m[2m:[0m Tick  game="Jazz vs. Kings"  team=Jazz  is_home=false  market_prob=0.270
[2m2026-03-16T03:43:06.071511Z[0m [32m INFO[0m [2mexecution_engine[0m[2m:[0m Tick  game="Jazz vs. Kings"  team=Jazz  is_home=false  market_prob=0.290
[2m2026-03-16T03:43:06.133802Z[0m [32m INFO[0m [2mexecution_engine[0m[2m:[0m Tick  game="Jazz vs. Kings"  team=Jazz  is_home=false  market_prob=0.300
[2m2026-03-16T03:43:06.713117Z[0m [32m INFO[0m [2mexecution_engine[0m[2m:[0m Tick  game="Thunder vs. Magic"  team=Thunder  is_home=false  market_prob=0.710
[2m2026-03-16T03:43:07.073989Z[0m [32m INFO[0m [2mexecution_engine[0m[2m:[0m Tick  game="Jazz vs. Kings"  team=Jazz  is_home=false  market_prob=0.320
[2m2026-03-16T03:43:07.111523Z[0m [32m INFO[0m [2mexecution_engine[0m[2m:[0m Tick  game="Jazz vs. Kings"  team=Jazz  is_home=false  market_prob=0.320
[2m2026-03-16T03:43:07.112572Z[0m [32m INFO[0m [2mexecution_engine[0m[2m:[0m Tick  game="Jazz vs. Kings"  team=Jazz  is_home=false  market_prob=0.320
[2m2026-03-16T03:43:07.113937Z[0m [32m INFO[0m [2mexecution_engine[0m[2m:[0m Tick  game="Jazz vs. Kings"  team=Kings  is_home=true  market_prob=0.690
[2m2026-03-16T03:43:07.114628Z[0m [32m INFO[0m [2mexecution_engine[0m[2m:[0m Tick  game="Jazz vs. Kings"  team=Kings  is_home=true  market_prob=0.690
[2m2026-03-16T03:43:07.130241Z[0m [32m INFO[0m [2mexecution_engine[0m[2m:[0m Tick  game="Jazz vs. Kings"  team=Jazz  is_home=false  market_prob=0.320
[2m2026-03-16T03:43:08.125310Z[0m [32m INFO[0m [2mexecution_engine[0m[2m:[0m Tick  game="Jazz vs. Kings"  team=Jazz  is_home=false  market_prob=0.320
[2m2026-03-16T03:43:08.132564Z[0m [32m INFO[0m [2mexecution_engine[0m[2m:[0m Tick  game="Jazz vs. Kings"  team=Kings  is_home=true  market_prob=0.690
[2m2026-03-16T03:43:08.133832Z[0m [32m INFO[0m [2mexecution_engine[0m[2m:[0m Tick  game="Jazz vs. Kings"  team=Kings  is_home=true  market_prob=0.690
[2m2026-03-16T03:43:08.136214Z[0m [32m INFO[0m [2mexecution_engine[0m[2m:[0m Tick  game="Jazz vs. Kings"  team=Jazz  is_home=false  market_prob=0.310
[2m2026-03-16T03:43:08.141829Z[0m [32m INFO[0m [2mexecution_engine[0m[2m:[0m Tick  game="Jazz vs. Kings"  team=Kings  is_home=true  market_prob=0.690
[2m2026-03-16T03:43:08.151637Z[0m [32m INFO[0m [2mexecution_engine[0m[2m:[0m Tick  game="Jazz vs. Kings"  team=Kings  is_home=true  market_prob=0.690
[2m2026-03-16T03:43:09.206043Z[0m [32m INFO[0m [2mexecution_engine[0m[2m:[0m Tick  game="Jazz vs. Kings"  team=Jazz  is_home=false  market_prob=0.320
[2m2026-03-16T03:43:09.398562Z[0m [32m INFO[0m [2mexecution_engine[0m[2m:[0m Tick  game="Jazz vs. Kings"  team=Jazz  is_home=false  market_prob=0.320
[2m2026-03-16T03:43:09.401764Z[0m [32m INFO[0m [2mexecution_engine[0m[2m:[0m Tick  game="Jazz vs. Kings"  team=Kings  is_home=true  market_prob=0.690
[2m2026-03-16T03:43:09.545078Z[0m [32m INFO[0m [2mexecution_engine[0m[2m:[0m Tick  game="Jazz vs. Kings"  team=Jazz  is_home=false  market_prob=0.320
[2m2026-03-16T03:43:09.680898Z[0m [32m INFO[0m [2mexecution_engine[0m[2m:[0m Tick  game="Jazz vs. Kings"  team=Kings  is_home=true  market_prob=0.690
[2m2026-03-16T03:43:09.683699Z[0m [32m INFO[0m [2mexecution_engine[0m[2m:[0m Tick  game="Jazz vs. Kings"  team=Jazz  is_home=false  market_prob=0.320
[2m2026-03-16T03:43:09.687849Z[0m [32m INFO[0m [2mexecution_engine[0m[2m:[0m Tick  game="Jazz vs. Kings"  team=Jazz  is_home=false  market_prob=0.320
[2m2026-03-16T03:43:09.688686Z[0m [32m INFO[0m [2mexecution_engine[0m[2m:[0m Tick  game="Jazz vs. Kings"  team=Kings  is_home=true  market_prob=0.690
[2m2026-03-16T03:43:09.698109Z[0m [32m INFO[0m [2mexecution_engine[0m[2m:[0m Tick  game="Jazz vs. Kings"  team=Kings  is_home=true  market_prob=0.690
[2m2026-03-16T03:43:10.103316Z[0m [32m INFO[0m [2mexecution_engine[0m[2m:[0m Tick  game="Jazz vs. Kings"  team=Kings  is_home=true  market_prob=0.690
[2m2026-03-16T03:43:10.105095Z[0m [32m INFO[0m [2mexecution_engine[0m[2m:[0m Tick  game="Jazz vs. Kings"  team=Kings  is_home=true  market_prob=0.690
[2m2026-03-16T03:43:11.098978Z[0m [32m INFO[0m [2mexecution_engine[0m[2m:[0m Tick  game="Jazz vs. Kings"  team=Jazz  is_home=false  market_prob=0.320
[2m2026-03-16T03:43:12.095318Z[0m [32m INFO[0m [2mexecution_engine[0m[2m:[0m Tick  game="Jazz vs. Kings"  team=Jazz  is_home=false  market_prob=0.320
[2m2026-03-16T03:43:12.122190Z[0m [32m INFO[0m [2mexecution_engine[0m[2m:[0m Tick  game="Jazz vs. Kings"  team=Kings  is_home=true  market_prob=0.680
[2m2026-03-16T03:43:13.669963Z[0m [32m INFO[0m [2mexecution_engine[0m[2m:[0m Tick  game="Thunder vs. Magic"  team=Magic  is_home=true  market_prob=0.290
[2m2026-03-16T03:43:14.074213Z[0m [32m INFO[0m [2mexecution_engine[0m[2m:[0m Tick  game="Jazz vs. Kings"  team=Jazz  is_home=false  market_prob=0.310
[2m2026-03-16T03:43:16.079468Z[0m [32m INFO[0m [2mexecution_engine[0m[2m:[0m Tick  game="Jazz vs. Kings"  team=Kings  is_home=true  market_prob=0.690
[2m2026-03-16T03:43:16.085264Z[0m [32m INFO[0m [2mexecution_engine[0m[2m:[0m Tick  game="Jazz vs. Kings"  team=Jazz  is_home=false  market_prob=0.320
[2m2026-03-16T03:43:17.024961Z[0m [32m INFO[0m [2mexecution_engine[0m[2m:[0m Tick  game="Thunder vs. Magic"  team=Thunder  is_home=false  market_prob=0.720
[2m2026-03-16T03:43:17.075187Z[0m [32m INFO[0m [2mexecution_engine[0m[2m:[0m Tick  game="Jazz vs. Kings"  team=Jazz  is_home=false  market_prob=0.320
[2m2026-03-16T03:43:17.076821Z[0m [32m INFO[0m [2mexecution_engine[0m[2m:[0m Tick  game="Jazz vs. Kings"  team=Jazz  is_home=false  market_prob=0.320
[2m2026-03-16T03:43:18.070449Z[0m [32m INFO[0m [2mexecution_engine[0m[2m:[0m Tick  game="Jazz vs. Kings"  team=Jazz  is_home=false  market_prob=0.310
[2m2026-03-16T03:43:18.073087Z[0m [32m INFO[0m [2mexecution_engine[0m[2m:[0m Tick  game="Jazz vs. Kings"  team=Jazz  is_home=false  market_prob=0.320
[2m2026-03-16T03:43:19.119244Z[0m [32m INFO[0m [2mexecution_engine[0m[2m:[0m Tick  game="Jazz vs. Kings"  team=Jazz  is_home=false  market_prob=0.320
[2m2026-03-16T03:43:19.121482Z[0m [32m INFO[0m [2mexecution_engine[0m[2m:[0m Tick  game="Jazz vs. Kings"  team=Kings  is_home=true  market_prob=0.690
[2m2026-03-16T03:43:19.546221Z[0m [32m INFO[0m [2mexecution_engine[0m[2m:[0m Tick  game="Thunder vs. Magic"  team=Thunder  is_home=false  market_prob=0.730
[2m2026-03-16T03:43:20.248885Z[0m [32m INFO[0m [2mexecution_engine[0m[2m:[0m Tick  game="Lakers vs. Rockets"  team=Rockets  is_home=true  market_prob=0.570
[2m2026-03-16T03:43:22.067711Z[0m [32m INFO[0m [2mexecution_engine[0m[2m:[0m Tick  game="Jazz vs. Kings"  team=Jazz  is_home=false  market_prob=0.330
[2m2026-03-16T03:43:22.070206Z[0m [32m INFO[0m [2mexecution_engine[0m[2m:[0m Tick  game="Jazz vs. Kings"  team=Jazz  is_home=false  market_prob=0.330
[2m2026-03-16T03:43:22.073259Z[0m [32m INFO[0m [2mexecution_engine[0m[2m:[0m Tick  game="Jazz vs. Kings"  team=Jazz  is_home=false  market_prob=0.330
[2m2026-03-16T03:43:24.137936Z[0m [32m INFO[0m [2mexecution_engine[0m[2m:[0m Tick  game="Jazz vs. Kings"  team=Jazz  is_home=false  market_prob=0.320
[2m2026-03-16T03:43:25.656050Z[0m [32m INFO[0m [2mexecution_engine[0m[2m:[0m Tick  game="Thunder vs. Magic"  team=Thunder  is_home=false  market_prob=0.720
[2m2026-03-16T03:43:26.162796Z[0m [32m INFO[0m [2mexecution_engine[0m[2m:[0m Tick  game="Jazz vs. Kings"  team=Kings  is_home=true  market_prob=0.690
[2m2026-03-16T03:43:27.209904Z[0m [32m INFO[0m [2mexecution_engine[0m[2m:[0m Tick  game="Jazz vs. Kings"  team=Kings  is_home=true  market_prob=0.690
[2m2026-03-16T03:43:27.749550Z[0m [32m INFO[0m [2mexecution_engine[0m[2m:[0m Tick  game="Spurs vs. Clippers"  team=Spurs  is_home=false  market_prob=0.790
[2m2026-03-16T03:43:28.246098Z[0m [32m INFO[0m [2mexecution_engine[0m[2m:[0m Tick  game="Jazz vs. Kings"  team=Kings  is_home=true  market_prob=0.700
[2m2026-03-16T03:43:28.248942Z[0m [32m INFO[0m [2mexecution_engine[0m[2m:[0m Tick  game="Jazz vs. Kings"  team=Kings  is_home=true  market_prob=0.700
[2m2026-03-16T03:43:29.160064Z[0m [32m INFO[0m [2mexecution_engine[0m[2m:[0m Tick  game="Jazz vs. Kings"  team=Jazz  is_home=false  market_prob=0.300
[2m2026-03-16T03:43:29.161135Z[0m [32m INFO[0m [2mexecution_engine[0m[2m:[0m Tick  game="Jazz vs. Kings"  team=Kings  is_home=true  market_prob=0.700
[2m2026-03-16T03:43:29.161863Z[0m [32m INFO[0m [2mexecution_engine[0m[2m:[0m Tick  game="Jazz vs. Kings"  team=Kings  is_home=true  market_prob=0.710
[2m2026-03-16T03:43:30.085020Z[0m [32m INFO[0m [2mexecution_engine[0m[2m:[0m Tick  game="Jazz vs. Kings"  team=Kings  is_home=true  market_prob=0.710
[2m2026-03-16T03:43:30.118661Z[0m [32m INFO[0m [2mexecution_engine[0m[2m:[0m Tick  game="Jazz vs. Kings"  team=Kings  is_home=true  market_prob=0.700
[2m2026-03-16T03:43:30.484706Z[0m [32m INFO[0m [2mexecution_engine[0m[2m:[0m Tick  game="Thunder vs. Magic"  team=Thunder  is_home=false  market_prob=0.720
[2m2026-03-16T03:43:33.617634Z[0m [32m INFO[0m [2mexecution_engine[0m[2m:[0m Tick  game="Spurs vs. Clippers"  team=Spurs  is_home=false  market_prob=0.780
[2m2026-03-16T03:43:33.624259Z[0m [32m INFO[0m [2mexecution_engine[0m[2m:[0m Tick  game="Spurs vs. Clippers"  team=Spurs  is_home=false  market_prob=0.780
[2m2026-03-16T03:43:34.085628Z[0m [32m INFO[0m [2mexecution_engine[0m[2m:[0m Tick  game="Jazz vs. Kings"  team=Jazz  is_home=false  market_prob=0.290
[2m2026-03-16T03:43:34.086705Z[0m [32m INFO[0m [2mexecution_engine[0m[2m:[0m Tick  game="Jazz vs. Kings"  team=Jazz  is_home=false  market_prob=0.300
[2m2026-03-16T03:43:35.722426Z[0m [32m INFO[0m [2mexecution_engine[0m[2m:[0m Tick  game="Grizzlies vs. Bulls"  team=Grizzlies  is_home=false  market_prob=0.310
[2m2026-03-16T03:43:36.130999Z[0m [32m INFO[0m [2mexecution_engine[0m[2m:[0m Tick  game="Jazz vs. Kings"  team=Jazz  is_home=false  market_prob=0.290
[2m2026-03-16T03:43:36.133291Z[0m [32m INFO[0m [2mexecution_engine[0m[2m:[0m Tick  game="Jazz vs. Kings"  team=Jazz  is_home=false  market_prob=0.290
[2m2026-03-16T03:43:39.185834Z[0m [32m INFO[0m [2mexecution_engine[0m[2m:[0m Tick  game="Jazz vs. Kings"  team=Jazz  is_home=false  market_prob=0.290
[2m2026-03-16T03:43:39.188764Z[0m [32m INFO[0m [2mexecution_engine[0m[2m:[0m Tick  game="Jazz vs. Kings"  team=Jazz  is_home=false  market_prob=0.290
[2m2026-03-16T03:43:43.116915Z[0m [32m INFO[0m [2mexecution_engine[0m[2m:[0m Tick  game="Jazz vs. Kings"  team=Kings  is_home=true  market_prob=0.720
[2m2026-03-16T03:43:43.119431Z[0m [32m INFO[0m [2mexecution_engine[0m[2m:[0m Tick  game="Jazz vs. Kings"  team=Jazz  is_home=false  market_prob=0.300
[2m2026-03-16T03:43:46.075951Z[0m [32m INFO[0m [2mexecution_engine[0m[2m:[0m Tick  game="Jazz vs. Kings"  team=Jazz  is_home=false  market_prob=0.280
[2m2026-03-16T03:43:53.145478Z[0m [32m INFO[0m [2mexecution_engine[0m[2m:[0m Tick  game="Jazz vs. Kings"  team=Jazz  is_home=false  market_prob=0.310
[2m2026-03-16T03:43:53.149407Z[0m [32m INFO[0m [2mexecution_engine[0m[2m:[0m Tick  game="Jazz vs. Kings"  team=Jazz  is_home=false  market_prob=0.320
[2m2026-03-16T03:43:54.142477Z[0m [32m INFO[0m [2mexecution_engine[0m[2m:[0m Tick  game="Jazz vs. Kings"  team=Jazz  is_home=false  market_prob=0.320
[2m2026-03-16T03:43:54.143220Z[0m [32m INFO[0m [2mexecution_engine[0m[2m:[0m Tick  game="Jazz vs. Kings"  team=Kings  is_home=true  market_prob=0.680
[2m2026-03-16T03:43:54.144169Z[0m [32m INFO[0m [2mexecution_engine[0m[2m:[0m Tick  game="Jazz vs. Kings"  team=Kings  is_home=true  market_prob=0.680
[2m2026-03-16T03:43:54.144744Z[0m [32m INFO[0m [2mexecution_engine[0m[2m:[0m Tick  game="Jazz vs. Kings"  team=Jazz  is_home=false  market_prob=0.330
[2m2026-03-16T03:43:55.784883Z[0m [32m INFO[0m [2mexecution_engine[0m[2m:[0m Tick  game="Warriors vs. Wizards"  team=Wizards  is_home=true  market_prob=0.260
[2m2026-03-16T03:43:55.892022Z[0m [32m INFO[0m [2mexecution_engine[0m[2m:[0m Tick  game="Warriors vs. Wizards"  team=Wizards  is_home=true  market_prob=0.260
[2m2026-03-16T03:43:56.106054Z[0m [32m INFO[0m [2mexecution_engine[0m[2m:[0m Tick  game="Jazz vs. Kings"  team=Jazz  is_home=false  market_prob=0.340
[2m2026-03-16T03:43:56.125935Z[0m [32m INFO[0m [2mexecution_engine[0m[2m:[0m Tick  game="Jazz vs. Kings"  team=Jazz  is_home=false  market_prob=0.350
[2m2026-03-16T03:43:56.126586Z[0m [32m INFO[0m [2mexecution_engine[0m[2m:[0m Tick  game="Jazz vs. Kings"  team=Kings  is_home=true  market_prob=0.660
[2m2026-03-16T03:43:56.127083Z[0m [32m INFO[0m [2mexecution_engine[0m[2m:[0m Tick  game="Jazz vs. Kings"  team=Kings  is_home=true  market_prob=0.660
[2m2026-03-16T03:43:56.151799Z[0m [32m INFO[0m [2mexecution_engine[0m[2m:[0m Tick  game="Jazz vs. Kings"  team=Kings  is_home=true  market_prob=0.660
[2m2026-03-16T03:43:57.137645Z[0m [32m INFO[0m [2mexecution_engine[0m[2m:[0m Tick  game="Jazz vs. Kings"  team=Jazz  is_home=false  market_prob=0.350
[2m2026-03-16T03:43:57.138823Z[0m [32m INFO[0m [2mexecution_engine[0m[2m:[0m Tick  game="Jazz vs. Kings"  team=Jazz  is_home=false  market_prob=0.350
[2m2026-03-16T03:43:57.139444Z[0m [32m INFO[0m [2mexecution_engine[0m[2m:[0m Tick  game="Jazz vs. Kings"  team=Jazz  is_home=false  market_prob=0.350
[2m2026-03-16T03:43:57.140405Z[0m [32m INFO[0m [2mexecution_engine[0m[2m:[0m Tick  game="Jazz vs. Kings"  team=Kings  is_home=true  market_prob=0.660
[2m2026-03-16T03:43:59.233891Z[0m [32m INFO[0m [2mexecution_engine[0m[2m:[0m Tick  game="Jazz vs. Kings"  team=Jazz  is_home=false  market_prob=0.350
[2m2026-03-16T03:43:59.234897Z[0m [32m INFO[0m [2mexecution_engine[0m[2m:[0m Tick  game="Jazz vs. Kings"  team=Jazz  is_home=false  market_prob=0.350
[2m2026-03-16T03:43:59.235521Z[0m [32m INFO[0m [2mexecution_engine[0m[2m:[0m Tick  game="Jazz vs. Kings"  team=Jazz  is_home=false  market_prob=0.350
[2m2026-03-16T03:43:59.252403Z[0m [32m INFO[0m [2mexecution_engine[0m[2m:[0m Tick  game="Jazz vs. Kings"  team=Kings  is_home=true  market_prob=0.660
[2m2026-03-16T03:44:03.065833Z[0m [32m INFO[0m [2mexecution_engine[0m[2m:[0m Tick  game="Jazz vs. Kings"  team=Jazz  is_home=false  market_prob=0.350
[2m2026-03-16T03:44:06.064021Z[0m [32m INFO[0m [2mexecution_engine[0m[2m:[0m Tick  game="Jazz vs. Kings"  team=Kings  is_home=true  market_prob=0.670
[2m2026-03-16T03:44:08.112151Z[0m [32m INFO[0m [2mexecution_engine[0m[2m:[0m Tick  game="Jazz vs. Kings"  team=Jazz  is_home=false  market_prob=0.360
[2m2026-03-16T03:44:08.114454Z[0m [32m INFO[0m [2mexecution_engine[0m[2m:[0m Tick  game="Jazz vs. Kings"  team=Kings  is_home=true  market_prob=0.660
[2m2026-03-16T03:44:09.067754Z[0m [32m INFO[0m [2mexecution_engine[0m[2m:[0m Tick  game="Jazz vs. Kings"  team=Jazz  is_home=false  market_prob=0.350
[2m2026-03-16T03:44:09.068487Z[0m [32m INFO[0m [2mexecution_engine[0m[2m:[0m Tick  game="Jazz vs. Kings"  team=Kings  is_home=true  market_prob=0.640
[2m2026-03-16T03:44:11.135186Z[0m [32m INFO[0m [2mexecution_engine[0m[2m:[0m Tick  game="Jazz vs. Kings"  team=Kings  is_home=true  market_prob=0.640
[2m2026-03-16T03:44:11.137052Z[0m [32m INFO[0m [2mexecution_engine[0m[2m:[0m Tick  game="Jazz vs. Kings"  team=Jazz  is_home=false  market_prob=0.370
[2m2026-03-16T03:44:11.138036Z[0m [32m INFO[0m [2mexecution_engine[0m[2m:[0m Tick  game="Jazz vs. Kings"  team=Jazz  is_home=false  market_prob=0.370
[2m2026-03-16T03:44:11.138552Z[0m [32m INFO[0m [2mexecution_engine[0m[2m:[0m Tick  game="Jazz vs. Kings"  team=Jazz  is_home=false  market_prob=0.370
[2m2026-03-16T03:44:11.139164Z[0m [32m INFO[0m [2mexecution_engine[0m[2m:[0m Tick  game="Jazz vs. Kings"  team=Jazz  is_home=false  market_prob=0.370
[2m2026-03-16T03:44:11.139883Z[0m [32m INFO[0m [2mexecution_engine[0m[2m:[0m Tick  game="Jazz vs. Kings"  team=Jazz  is_home=false  market_prob=0.370
[2m2026-03-16T03:44:11.140466Z[0m [32m INFO[0m [2mexecution_engine[0m[2m:[0m Tick  game="Jazz vs. Kings"  team=Jazz  is_home=false  market_prob=0.370
[2m2026-03-16T03:44:12.113280Z[0m [32m INFO[0m [2mexecution_engine[0m[2m:[0m Tick  game="Jazz vs. Kings"  team=Kings  is_home=true  market_prob=0.650
[2m2026-03-16T03:44:14.072032Z[0m [32m INFO[0m [2mexecution_engine[0m[2m:[0m Tick  game="Jazz vs. Kings"  team=Kings  is_home=true  market_prob=0.640
[2m2026-03-16T03:44:16.081702Z[0m [32m INFO[0m [2mexecution_engine[0m[2m:[0m Tick  game="Jazz vs. Kings"  team=Jazz  is_home=false  market_prob=0.370
[2m2026-03-16T03:44:17.081716Z[0m [32m INFO[0m [2mexecution_engine[0m[2m:[0m Tick  game="Jazz vs. Kings"  team=Jazz  is_home=false  market_prob=0.380
[2m2026-03-16T03:44:19.071113Z[0m [32m INFO[0m [2mexecution_engine[0m[2m:[0m Tick  game="Jazz vs. Kings"  team=Jazz  is_home=false  market_prob=0.370
[2m2026-03-16T03:44:20.076536Z[0m [32m INFO[0m [2mexecution_engine[0m[2m:[0m Tick  game="Jazz vs. Kings"  team=Jazz  is_home=false  market_prob=0.380
[2m2026-03-16T03:44:20.077519Z[0m [32m INFO[0m [2mexecution_engine[0m[2m:[0m Tick  game="Jazz vs. Kings"  team=Jazz  is_home=false  market_prob=0.380
[2m2026-03-16T03:44:20.175583Z[0m [32m INFO[0m [2mexecution_engine[0m[2m:[0m Tick  game="Jazz vs. Kings"  team=Jazz  is_home=false  market_prob=0.380
[2m2026-03-16T03:44:20.176615Z[0m [32m INFO[0m [2mexecution_engine[0m[2m:[0m Tick  game="Jazz vs. Kings"  team=Jazz  is_home=false  market_prob=0.380
[2m2026-03-16T03:44:23.069942Z[0m [32m INFO[0m [2mexecution_engine[0m[2m:[0m Tick  game="Jazz vs. Kings"  team=Kings  is_home=true  market_prob=0.620
[2m2026-03-16T03:44:25.095525Z[0m [32m INFO[0m [2mexecution_engine[0m[2m:[0m Tick  game="Jazz vs. Kings"  team=Kings  is_home=true  market_prob=0.630
[2m2026-03-16T03:44:26.218778Z[0m [32m INFO[0m [2mexecution_engine[0m[2m:[0m Tick  game="Jazz vs. Kings"  team=Jazz  is_home=false  market_prob=0.370
[2m2026-03-16T03:44:27.074363Z[0m [32m INFO[0m [2mexecution_engine[0m[2m:[0m Tick  game="Jazz vs. Kings"  team=Kings  is_home=true  market_prob=0.640
[2m2026-03-16T03:44:28.068025Z[0m [32m INFO[0m [2mexecution_engine[0m[2m:[0m Tick  game="Jazz vs. Kings"  team=Jazz  is_home=false  market_prob=0.360
[2m2026-03-16T03:44:29.066306Z[0m [32m INFO[0m [2mexecution_engine[0m[2m:[0m Tick  game="Jazz vs. Kings"  team=Jazz  is_home=false  market_prob=0.370
[2m2026-03-16T03:44:31.137406Z[0m [32m INFO[0m [2mexecution_engine[0m[2m:[0m Tick  game="Jazz vs. Kings"  team=Kings  is_home=true  market_prob=0.630
[2m2026-03-16T03:44:32.244706Z[0m [32m INFO[0m [2mexecution_engine[0m[2m:[0m Tick  game="Jazz vs. Kings"  team=Jazz  is_home=false  market_prob=0.370
[2m2026-03-16T03:44:32.257918Z[0m [32m INFO[0m [2mexecution_engine[0m[2m:[0m Tick  game="Jazz vs. Kings"  team=Kings  is_home=true  market_prob=0.640
[2m2026-03-16T03:44:34.115751Z[0m [32m INFO[0m [2mexecution_engine[0m[2m:[0m Tick  game="Jazz vs. Kings"  team=Kings  is_home=true  market_prob=0.640
[2m2026-03-16T03:44:34.116851Z[0m [32m INFO[0m [2mexecution_engine[0m[2m:[0m Tick  game="Jazz vs. Kings"  team=Jazz  is_home=false  market_prob=0.370
[2m2026-03-16T03:44:35.088549Z[0m [32m INFO[0m [2mexecution_engine[0m[2m:[0m Tick  game="Jazz vs. Kings"  team=Jazz  is_home=false  market_prob=0.370
[2m2026-03-16T03:44:36.075055Z[0m [32m INFO[0m [2mexecution_engine[0m[2m:[0m Tick  game="Jazz vs. Kings"  team=Kings  is_home=true  market_prob=0.630
[2m2026-03-16T03:44:37.085861Z[0m [32m INFO[0m [2mexecution_engine[0m[2m:[0m Tick  game="Jazz vs. Kings"  team=Kings  is_home=true  market_prob=0.630
[2m2026-03-16T03:44:37.086901Z[0m [32m INFO[0m [2mexecution_engine[0m[2m:[0m Tick  game="Jazz vs. Kings"  team=Jazz  is_home=false  market_prob=0.370
[2m2026-03-16T03:44:42.335658Z[0m [32m INFO[0m [2mexecution_engine[0m[2m:[0m Tick  game="Jazz vs. Kings"  team=Kings  is_home=true  market_prob=0.620
[2m2026-03-16T03:44:43.062497Z[0m [32m INFO[0m [2mexecution_engine[0m[2m:[0m Tick  game="Jazz vs. Kings"  team=Jazz  is_home=false  market_prob=0.370
[2m2026-03-16T03:44:43.797017Z[0m [32m INFO[0m [2mexecution_engine[0m[2m:[0m Tick  game="Warriors vs. Wizards"  team=Warriors  is_home=false  market_prob=0.750
[2m2026-03-16T03:44:44.102286Z[0m [32m INFO[0m [2mexecution_engine[0m[2m:[0m Tick  game="Jazz vs. Kings"  team=Jazz  is_home=false  market_prob=0.370
[2m2026-03-16T03:44:46.097874Z[0m [32m INFO[0m [2mexecution_engine[0m[2m:[0m Tick  game="Jazz vs. Kings"  team=Kings  is_home=true  market_prob=0.620
[2m2026-03-16T03:44:46.107687Z[0m [32m INFO[0m [2mexecution_engine[0m[2m:[0m Tick  game="Jazz vs. Kings"  team=Jazz  is_home=false  market_prob=0.380
[2m2026-03-16T03:44:47.150165Z[0m [32m INFO[0m [2mexecution_engine[0m[2m:[0m Tick  game="Jazz vs. Kings"  team=Jazz  is_home=false  market_prob=0.370
[2m2026-03-16T03:44:48.083052Z[0m [32m INFO[0m [2mexecution_engine[0m[2m:[0m Tick  game="Jazz vs. Kings"  team=Jazz  is_home=false  market_prob=0.360
[2m2026-03-16T03:44:50.068342Z[0m [32m INFO[0m [2mexecution_engine[0m[2m:[0m Tick  game="Jazz vs. Kings"  team=Jazz  is_home=false  market_prob=0.370
[2m2026-03-16T03:44:51.003835Z[0m [32m INFO[0m [2mexecution_engine[0m[2m:[0m Tick  game="Thunder vs. Magic"  team=Thunder  is_home=false  market_prob=0.730
[2m2026-03-16T03:44:51.088115Z[0m [32m INFO[0m [2mexecution_engine[0m[2m:[0m Tick  game="Jazz vs. Kings"  team=Kings  is_home=true  market_prob=0.620
[2m2026-03-16T03:44:53.115722Z[0m [32m INFO[0m [2mexecution_engine[0m[2m:[0m Tick  game="Jazz vs. Kings"  team=Jazz  is_home=false  market_prob=0.370
[2m2026-03-16T03:44:53.227638Z[0m [32m INFO[0m [2mexecution_engine[0m[2m:[0m Tick  game="Lakers vs. Rockets"  team=Lakers  is_home=false  market_prob=0.440
[2m2026-03-16T03:44:54.076929Z[0m [32m INFO[0m [2mexecution_engine[0m[2m:[0m Tick  game="Jazz vs. Kings"  team=Jazz  is_home=false  market_prob=0.370
[2m2026-03-16T03:44:58.074927Z[0m [32m INFO[0m [2mexecution_engine[0m[2m:[0m Tick  game="Jazz vs. Kings"  team=Kings  is_home=true  market_prob=0.630
[2m2026-03-16T03:44:59.100185Z[0m [32m INFO[0m [2mexecution_engine[0m[2m:[0m Tick  game="Jazz vs. Kings"  team=Jazz  is_home=false  market_prob=0.370
[2m2026-03-16T03:45:02.643957Z[0m [32m INFO[0m [2mexecution_engine[0m[2m:[0m Tick  game="Thunder vs. Magic"  team=Thunder  is_home=false  market_prob=0.730
[2m2026-03-16T03:45:03.196253Z[0m [32m INFO[0m [2mexecution_engine[0m[2m:[0m Tick  game="Jazz vs. Kings"  team=Jazz  is_home=false  market_prob=0.370
[2m2026-03-16T03:45:05.148507Z[0m [32m INFO[0m [2mexecution_engine[0m[2m:[0m Tick  game="Jazz vs. Kings"  team=Jazz  is_home=false  market_prob=0.370
[2m2026-03-16T03:45:06.968352Z[0m [32m INFO[0m [2mexecution_engine[0m[2m:[0m Tick  game="Thunder vs. Magic"  team=Thunder  is_home=false  market_prob=0.740
[2m2026-03-16T03:45:08.134222Z[0m [32m INFO[0m [2mexecution_engine[0m[2m:[0m Tick  game="Jazz vs. Kings"  team=Jazz  is_home=false  market_prob=0.370
[2m2026-03-16T03:45:08.589419Z[0m [32m INFO[0m [2mexecution_engine[0m[2m:[0m Tick  game="Pistons vs. Wizards"  team=Pistons  is_home=false  market_prob=0.880
[2m2026-03-16T03:45:14.259017Z[0m [32m INFO[0m [2mexecution_engine[0m[2m:[0m Tick  game="Jazz vs. Kings"  team=Jazz  is_home=false  market_prob=0.370
[2m2026-03-16T03:45:17.213605Z[0m [32m INFO[0m [2mexecution_engine[0m[2m:[0m Tick  game="Jazz vs. Kings"  team=Jazz  is_home=false  market_prob=0.360
[2m2026-03-16T03:45:17.259692Z[0m [32m INFO[0m [2mexecution_engine[0m[2m:[0m Tick  game="Jazz vs. Kings"  team=Jazz  is_home=false  market_prob=0.370
[2m2026-03-16T03:45:18.100859Z[0m [32m INFO[0m [2mexecution_engine[0m[2m:[0m Tick  game="Jazz vs. Kings"  team=Jazz  is_home=false  market_prob=0.370
[2m2026-03-16T03:45:18.110003Z[0m [32m INFO[0m [2mexecution_engine[0m[2m:[0m Tick  game="Jazz vs. Kings"  team=Jazz  is_home=false  market_prob=0.370
[2m2026-03-16T03:45:18.111373Z[0m [32m INFO[0m [2mexecution_engine[0m[2m:[0m Tick  game="Jazz vs. Kings"  team=Kings  is_home=true  market_prob=0.640
[2m2026-03-16T03:45:20.246833Z[0m [32m INFO[0m [2mexecution_engine[0m[2m:[0m Tick  game="Warriors vs. Wizards"  team=Wizards  is_home=true  market_prob=0.260
[2m2026-03-16T03:45:24.123763Z[0m [32m INFO[0m [2mexecution_engine[0m[2m:[0m Tick  game="Jazz vs. Kings"  team=Jazz  is_home=false  market_prob=0.360
[2m2026-03-16T03:45:25.079226Z[0m [32m INFO[0m [2mexecution_engine[0m[2m:[0m Tick  game="Jazz vs. Kings"  team=Kings  is_home=true  market_prob=0.630
