warning: fields `maker_amount` and `taker_amount` are never read
  --> src/wallet.rs:57:9
   |
51 | pub struct SignedOrder {
   |            ----------- fields in this struct
...
57 |     pub maker_amount: u64,
   |         ^^^^^^^^^^^^
58 |     /// Outcome tokens expected in base units.
59 |     pub taker_amount: u64,
   |         ^^^^^^^^^^^^
   |
   = note: `#[warn(dead_code)]` (part of `#[warn(unused)]`) on by default

warning: `execution-engine` (bin "execution-engine") generated 1 warning
    Finished `release` profile [optimized] target(s) in 0.29s
     Running `target/release/execution-engine`
[2m2026-03-14T23:45:49.705621Z[0m [32m INFO[0m [2mexecution_engine[0m[2m:[0m NBA Execution Engine v2 (testnet signing) starting…
[2m2026-03-14T23:45:49.705784Z[0m [32m INFO[0m [2mexecution_engine[0m[2m:[0m Test wallet address : 0xe0d46b2474bfbac1ee2b467ffd2027fcdb9fc00a
[2m2026-03-14T23:45:49.705789Z[0m [32m INFO[0m [2mexecution_engine[0m[2m:[0m Chain               : Polygon (ID 137) — no real funds
[2m2026-03-14T23:45:49.706753Z[0m [32m INFO[0m [2mexecution_engine[0m[2m:[0m SQLite ready at ../trades.sqlite
[2m2026-03-14T23:45:49.706867Z[0m [32m INFO[0m [2mexecution_engine[0m[2m:[0m Wallet state loaded: address=0xe0d46b2474bfbac1ee2b467ffd2027fcdb9fc00a  balance=$8499.55
[2m2026-03-14T23:45:49.733135Z[0m [32m INFO[0m [2mexecution_engine[0m[2m:[0m HTTP server listening on 0.0.0.0:4000
[2m2026-03-14T23:45:49.733422Z[0m [33m WARN[0m [2mexecution_engine[0m[2m:[0m server.py unreachable (error sending request for url (http://127.0.0.1:8000/health)) — will fall back to alpha-engine
[2m2026-03-14T23:45:49.733518Z[0m [33m WARN[0m [2mexecution_engine[0m[2m:[0m Alpha Engine unreachable (error sending request for url (http://127.0.0.1:8001/health)) — no fallback available
[2m2026-03-14T23:45:51.521718Z[0m [32m INFO[0m [2mexecution_engine[0m[2m:[0m Game market: "Bucks vs. Hawks"  start=2026-03-14 19:00:00+00  away=Bucks (0%)  home=Hawks (100%)
[2m2026-03-14T23:45:51.521828Z[0m [32m INFO[0m [2mexecution_engine[0m[2m:[0m Game market: "Wizards vs. Celtics"  start=2026-03-14 22:00:00+00  away=Wizards (0%)  home=Celtics (100%)
[2m2026-03-14T23:45:51.521864Z[0m [32m INFO[0m [2mexecution_engine[0m[2m:[0m Game market: "Magic vs. Heat"  start=2026-03-15 00:00:00+00  away=Magic (38%)  home=Heat (62%)
[2m2026-03-14T23:45:51.521889Z[0m [32m INFO[0m [2mexecution_engine[0m[2m:[0m Game market: "Hornets vs. Spurs"  start=2026-03-14 19:30:00+00  away=Hornets (0%)  home=Spurs (100%)
[2m2026-03-14T23:45:51.521911Z[0m [32m INFO[0m [2mexecution_engine[0m[2m:[0m Game market: "Nuggets vs. Lakers"  start=2026-03-15 00:30:00+00  away=Nuggets (55%)  home=Lakers (46%)
[2m2026-03-14T23:45:51.521933Z[0m [32m INFO[0m [2mexecution_engine[0m[2m:[0m Game market: "Kings vs. Clippers"  start=2026-03-15 02:30:00+00  away=Kings (12%)  home=Clippers (88%)
[2m2026-03-14T23:45:51.521943Z[0m [32m INFO[0m [2mexecution_engine[0m[2m:[0m Game market: "Timberwolves vs. Thunder"  start=2026-03-15 17:00:00+00  away=Timberwolves (24%)  home=Thunder (76%)
[2m2026-03-14T23:45:51.521953Z[0m [32m INFO[0m [2mexecution_engine[0m[2m:[0m Game market: "Mavericks vs. Cavaliers"  start=2026-03-15 19:30:00+00  away=Mavericks (10%)  home=Cavaliers (90%)
[2m2026-03-14T23:45:51.521961Z[0m [32m INFO[0m [2mexecution_engine[0m[2m:[0m Game market: "Pistons vs. Raptors"  start=2026-03-15 19:30:00+00  away=Pistons (60%)  home=Raptors (40%)
[2m2026-03-14T23:45:51.521972Z[0m [32m INFO[0m [2mexecution_engine[0m[2m:[0m Game market: "Pacers vs. Bucks"  start=2026-03-15 19:30:00+00  away=Pacers (27%)  home=Bucks (73%)
[2m2026-03-14T23:45:51.521980Z[0m [32m INFO[0m [2mexecution_engine[0m[2m:[0m Game market: "Trail Blazers vs. 76ers"  start=2026-03-15 22:00:00+00  away=Trail Blazers (68%)  home=76ers (32%)
[2m2026-03-14T23:45:51.521987Z[0m [32m INFO[0m [2mexecution_engine[0m[2m:[0m Game market: "Warriors vs. Knicks"  start=2026-03-16 00:00:00+00  away=Warriors (14%)  home=Knicks (86%)
[2m2026-03-14T23:45:51.522018Z[0m [32m INFO[0m [2mexecution_engine[0m[2m:[0m Game market: "Jazz vs. Kings"  start=2026-03-16 02:00:00+00  away=Jazz (46%)  home=Kings (54%)
[2m2026-03-14T23:45:51.522026Z[0m [32m INFO[0m [2mexecution_engine[0m[2m:[0m Game market: "Magic vs. Hawks"  start=2026-03-16 23:00:00+00  away=Magic (44%)  home=Hawks (56%)
[2m2026-03-14T23:45:51.522033Z[0m [32m INFO[0m [2mexecution_engine[0m[2m:[0m Game market: "Warriors vs. Wizards"  start=2026-03-16 23:00:00+00  away=Warriors (74%)  home=Wizards (26%)
[2m2026-03-14T23:45:51.522041Z[0m [32m INFO[0m [2mexecution_engine[0m[2m:[0m Game market: "Trail Blazers vs. Nets"  start=2026-03-16 23:30:00+00  away=Trail Blazers (81%)  home=Nets (19%)
[2m2026-03-14T23:45:51.522048Z[0m [32m INFO[0m [2mexecution_engine[0m[2m:[0m Game market: "Suns vs. Celtics"  start=2026-03-16 23:30:00+00  away=Suns (24%)  home=Celtics (76%)
[2m2026-03-14T23:45:51.522086Z[0m [32m INFO[0m [2mexecution_engine[0m[2m:[0m Found 17 live NBA game moneyline markets
[2m2026-03-14T23:45:51.522091Z[0m [32m INFO[0m [2mexecution_engine[0m[2m:[0m (Re)connecting WebSocket ingestion loop…
[2m2026-03-14T23:45:51.522469Z[0m [32m INFO[0m [2mexecution_engine[0m[2m:[0m Restored 12 open positions from DB (33 total buys across all games)
[2m2026-03-14T23:45:51.522508Z[0m [32m INFO[0m [2mexecution_engine[0m[2m:[0m Connecting to Polymarket WebSocket — 34 tokens / 17 markets
[2m2026-03-14T23:45:52.396484Z[0m [32m INFO[0m [2mexecution_engine[0m[2m:[0m WebSocket connected
[2m2026-03-14T23:45:52.396666Z[0m [32m INFO[0m [2mexecution_engine[0m[2m:[0m Subscription sent — tracking 12 open positions
[2m2026-03-14T23:45:59.183149Z[0m [32m INFO[0m [2mexecution_engine[0m[2m:[0m Tick  game="Trail Blazers vs. 76ers"  team=76ers  is_home=true  market_prob=0.310
[2m2026-03-14T23:45:59.893946Z[0m [32m INFO[0m [2mexecution_engine[0m[2m:[0m Tick  game="Trail Blazers vs. 76ers"  team=76ers  is_home=true  market_prob=0.320
[2m2026-03-14T23:45:59.954029Z[0m [32m INFO[0m [2mexecution_engine[0m[2m:[0m Tick  game="Magic vs. Heat"  team=Magic  is_home=false  market_prob=0.390
[2m2026-03-14T23:46:09.546760Z[0m [32m INFO[0m [2mexecution_engine[0m[2m:[0m Tick  game="Pistons vs. Raptors"  team=Raptors  is_home=true  market_prob=0.400
[2m2026-03-14T23:46:13.659416Z[0m [32m INFO[0m [2mexecution_engine[0m[2m:[0m Tick  game="Nuggets vs. Lakers"  team=Lakers  is_home=true  market_prob=0.470
[2m2026-03-14T23:46:13.666132Z[0m [32m INFO[0m [2mexecution_engine[0m[2m:[0m SCALE-IN  game="Nuggets vs. Lakers"  entry_edge=+0.201  current_edge=+0.323  buy #2/3
[2m2026-03-14T23:46:13.666202Z[0m [32m INFO[0m [2mexecution_engine[0m[2m:[0m EDGE FOUND  game="Nuggets vs. Lakers"  home=Lakers  edge=+0.323  conf=92.6%  action=BUY_LAKERS
[2m2026-03-14T23:46:13.667968Z[0m [32m INFO[0m [2mexecution_engine[0m[2m:[0m TRADE SIGNED  id=5431e80f-5468-4fbe-ae62-bc5519490110  game=0xc2587749c3f96ebaa8fd61da783cc06eda7da7de13bde783b00921b53cddb74c  action=BUY_LAKERS  market=0.470  model=0.793  edge=+0.323  stake=50 USDC  hash=0x4a9f34f897
[2m2026-03-14T23:46:13.667984Z[0m [32m INFO[0m [2mexecution_engine[0m[2m:[0m Position buy #2/3 — 12 open games total
[2m2026-03-14T23:46:35.290471Z[0m [32m INFO[0m [2mexecution_engine[0m[2m:[0m Tick  game="Nuggets vs. Lakers"  team=Lakers  is_home=true  market_prob=0.470
[2m2026-03-14T23:46:35.299389Z[0m [32m INFO[0m [2mexecution_engine[0m[2m:[0m SCALE-IN  game="Nuggets vs. Lakers"  entry_edge=+0.201  current_edge=+0.323  buy #3/3
[2m2026-03-14T23:46:35.299417Z[0m [32m INFO[0m [2mexecution_engine[0m[2m:[0m EDGE FOUND  game="Nuggets vs. Lakers"  home=Lakers  edge=+0.323  conf=92.6%  action=BUY_LAKERS
[2m2026-03-14T23:46:35.300563Z[0m [32m INFO[0m [2mexecution_engine[0m[2m:[0m TRADE SIGNED  id=f30bd26b-477b-4d7b-88c0-80fc26b8dcf8  game=0xc2587749c3f96ebaa8fd61da783cc06eda7da7de13bde783b00921b53cddb74c  action=BUY_LAKERS  market=0.470  model=0.793  edge=+0.323  stake=50 USDC  hash=0x025c6c879a
[2m2026-03-14T23:46:35.300576Z[0m [32m INFO[0m [2mexecution_engine[0m[2m:[0m Position buy #3/3 — 12 open games total
[2m2026-03-14T23:46:43.939070Z[0m [32m INFO[0m [2mexecution_engine[0m[2m:[0m Tick  game="Nuggets vs. Lakers"  team=Nuggets  is_home=false  market_prob=0.540
[2m2026-03-14T23:46:44.585535Z[0m [32m INFO[0m [2mexecution_engine[0m[2m:[0m Tick  game="Magic vs. Heat"  team=Heat  is_home=true  market_prob=0.620
[2m2026-03-14T23:46:44.592497Z[0m [32m INFO[0m [2mexecution_engine[0m[2m:[0m Tick  game="Magic vs. Heat"  team=Heat  is_home=true  market_prob=0.620
[2m2026-03-14T23:46:44.865225Z[0m [32m INFO[0m [2mexecution_engine[0m[2m:[0m Tick  game="Magic vs. Heat"  team=Heat  is_home=true  market_prob=0.620
[2m2026-03-14T23:46:44.871672Z[0m [32m INFO[0m [2mexecution_engine[0m[2m:[0m Tick  game="Nuggets vs. Lakers"  team=Lakers  is_home=true  market_prob=0.470
[2m2026-03-14T23:46:45.071030Z[0m [32m INFO[0m [2mexecution_engine[0m[2m:[0m Tick  game="Magic vs. Heat"  team=Heat  is_home=true  market_prob=0.620
[2m2026-03-14T23:46:45.079739Z[0m [32m INFO[0m [2mexecution_engine[0m[2m:[0m Tick  game="Magic vs. Heat"  team=Heat  is_home=true  market_prob=0.620
[2m2026-03-14T23:46:45.995668Z[0m [32m INFO[0m [2mexecution_engine[0m[2m:[0m Tick  game="Magic vs. Heat"  team=Heat  is_home=true  market_prob=0.620
[2m2026-03-14T23:46:50.473692Z[0m [32m INFO[0m [2mexecution_engine[0m[2m:[0m Tick  game="Magic vs. Heat"  team=Magic  is_home=false  market_prob=0.390
[2m2026-03-14T23:46:54.064400Z[0m [32m INFO[0m [2mexecution_engine[0m[2m:[0m Tick  game="Nuggets vs. Lakers"  team=Nuggets  is_home=false  market_prob=0.540
[2m2026-03-14T23:46:54.604302Z[0m [32m INFO[0m [2mexecution_engine[0m[2m:[0m Tick  game="Nuggets vs. Lakers"  team=Lakers  is_home=true  market_prob=0.470
[2m2026-03-14T23:46:57.045930Z[0m [32m INFO[0m [2mexecution_engine[0m[2m:[0m Tick  game="Magic vs. Heat"  team=Magic  is_home=false  market_prob=0.380
[2m2026-03-14T23:46:57.664450Z[0m [32m INFO[0m [2mexecution_engine[0m[2m:[0m Tick  game="Magic vs. Heat"  team=Magic  is_home=false  market_prob=0.370
[2m2026-03-14T23:46:57.754793Z[0m [32m INFO[0m [2mexecution_engine[0m[2m:[0m Tick  game="Magic vs. Heat"  team=Heat  is_home=true  market_prob=0.620
[2m2026-03-14T23:46:58.290009Z[0m [32m INFO[0m [2mexecution_engine[0m[2m:[0m Tick  game="Nuggets vs. Lakers"  team=Lakers  is_home=true  market_prob=0.470
[2m2026-03-14T23:47:01.304823Z[0m [32m INFO[0m [2mexecution_engine[0m[2m:[0m Tick  game="Magic vs. Heat"  team=Magic  is_home=false  market_prob=0.370
[2m2026-03-14T23:47:06.047839Z[0m [32m INFO[0m [2mexecution_engine[0m[2m:[0m Tick  game="Magic vs. Heat"  team=Magic  is_home=false  market_prob=0.370
[2m2026-03-14T23:47:07.301587Z[0m [32m INFO[0m [2mexecution_engine[0m[2m:[0m Tick  game="Nuggets vs. Lakers"  team=Lakers  is_home=true  market_prob=0.470
[2m2026-03-14T23:47:07.351256Z[0m [32m INFO[0m [2mexecution_engine[0m[2m:[0m Tick  game="Nuggets vs. Lakers"  team=Lakers  is_home=true  market_prob=0.470
[2m2026-03-14T23:47:10.424674Z[0m [32m INFO[0m [2mexecution_engine[0m[2m:[0m Tick  game="Kings vs. Clippers"  team=Clippers  is_home=true  market_prob=0.890
[2m2026-03-14T23:47:11.626210Z[0m [32m INFO[0m [2mexecution_engine[0m[2m:[0m Tick  game="Warriors vs. Knicks"  team=Knicks  is_home=true  market_prob=0.860
[2m2026-03-14T23:47:11.631928Z[0m [32m INFO[0m [2mexecution_engine[0m[2m:[0m EDGE FOUND  game="Warriors vs. Knicks"  home=Knicks  edge=-0.266  conf=81.8%  action=BUY_WARRIORS
[2m2026-03-14T23:47:11.634228Z[0m [32m INFO[0m [2mexecution_engine[0m[2m:[0m TRADE SIGNED  id=cb85778a-4ae3-4f8d-8fdb-328cad898951  game=0xc4eea371cd2a7677f60501f4f39d977e77ba28ceeea94fa4541db97940a87ab9  action=BUY_WARRIORS  market=0.860  model=0.594  edge=-0.266  stake=50 USDC  hash=0x6f8dd3a762
[2m2026-03-14T23:47:11.634250Z[0m [32m INFO[0m [2mexecution_engine[0m[2m:[0m Position buy #1/3 — 13 open games total
[2m2026-03-14T23:47:11.961173Z[0m [32m INFO[0m [2mexecution_engine[0m[2m:[0m Tick  game="Magic vs. Heat"  team=Magic  is_home=false  market_prob=0.380
[2m2026-03-14T23:47:12.936495Z[0m [32m INFO[0m [2mexecution_engine[0m[2m:[0m Tick  game="Nuggets vs. Lakers"  team=Lakers  is_home=true  market_prob=0.470
[2m2026-03-14T23:47:14.436108Z[0m [32m INFO[0m [2mexecution_engine[0m[2m:[0m Tick  game="Kings vs. Clippers"  team=Kings  is_home=false  market_prob=0.120
[2m2026-03-14T23:47:22.988973Z[0m [32m INFO[0m [2mexecution_engine[0m[2m:[0m Tick  game="Warriors vs. Knicks"  team=Warriors  is_home=false  market_prob=0.140
[2m2026-03-14T23:47:24.679343Z[0m [32m INFO[0m [2mexecution_engine[0m[2m:[0m Tick  game="Nuggets vs. Lakers"  team=Nuggets  is_home=false  market_prob=0.540
[2m2026-03-14T23:47:25.665266Z[0m [32m INFO[0m [2mexecution_engine[0m[2m:[0m Tick  game="Nuggets vs. Lakers"  team=Lakers  is_home=true  market_prob=0.470
[2m2026-03-14T23:47:25.816106Z[0m [32m INFO[0m [2mexecution_engine[0m[2m:[0m Tick  game="Warriors vs. Knicks"  team=Warriors  is_home=false  market_prob=0.140
[2m2026-03-14T23:47:26.583807Z[0m [32m INFO[0m [2mexecution_engine[0m[2m:[0m Tick  game="Warriors vs. Knicks"  team=Warriors  is_home=false  market_prob=0.140
[2m2026-03-14T23:47:26.879585Z[0m [32m INFO[0m [2mexecution_engine[0m[2m:[0m Tick  game="Warriors vs. Knicks"  team=Warriors  is_home=false  market_prob=0.140
[2m2026-03-14T23:47:26.883047Z[0m [32m INFO[0m [2mexecution_engine[0m[2m:[0m Tick  game="Mavericks vs. Cavaliers"  team=Cavaliers  is_home=true  market_prob=0.910
[2m2026-03-14T23:47:26.887891Z[0m [32m INFO[0m [2mexecution_engine[0m[2m:[0m SELL SIGNAL  game="Mavericks vs. Cavaliers"  reason=EDGE_FLIP(was +0.075 now -0.116)  positions_open=13
[2m2026-03-14T23:47:26.889310Z[0m [32m INFO[0m [2mexecution_engine[0m[2m:[0m TRADE SOLD  id=e7997f08-bb79-4f7b-95c3-3ae83837f87e  game=0xd277196552fc532d3aa80aad1e84e293b57f8bc24499d86ff703cc14ab71713c  reason=EDGE_FLIP(was +0.075 now -0.116)  entry=0.880  exit=0.910  pnl=+1.70 USDC  wallet_delta=+51.70
[2m2026-03-14T23:47:26.889327Z[0m [32m INFO[0m [2mexecution_engine[0m[2m:[0m Position closed — 12 open games remaining
[2m2026-03-14T23:47:28.389367Z[0m [32m INFO[0m [2mexecution_engine[0m[2m:[0m Tick  game="Pistons vs. Raptors"  team=Raptors  is_home=true  market_prob=0.400
[2m2026-03-14T23:47:29.872938Z[0m [32m INFO[0m [2mexecution_engine[0m[2m:[0m Tick  game="Kings vs. Clippers"  team=Kings  is_home=false  market_prob=0.110
[2m2026-03-14T23:47:30.676072Z[0m [32m INFO[0m [2mexecution_engine[0m[2m:[0m Tick  game="Warriors vs. Knicks"  team=Warriors  is_home=false  market_prob=0.140
[2m2026-03-14T23:47:32.101748Z[0m [32m INFO[0m [2mexecution_engine[0m[2m:[0m Tick  game="Warriors vs. Knicks"  team=Warriors  is_home=false  market_prob=0.140
[2m2026-03-14T23:47:34.357177Z[0m [32m INFO[0m [2mexecution_engine[0m[2m:[0m Tick  game="Warriors vs. Knicks"  team=Warriors  is_home=false  market_prob=0.140
[2m2026-03-14T23:47:38.324842Z[0m [32m INFO[0m [2mexecution_engine[0m[2m:[0m Tick  game="Nuggets vs. Lakers"  team=Lakers  is_home=true  market_prob=0.470
[2m2026-03-14T23:47:50.009309Z[0m [32m INFO[0m [2mexecution_engine[0m[2m:[0m Tick  game="Magic vs. Heat"  team=Magic  is_home=false  market_prob=0.380
[2m2026-03-14T23:47:59.083347Z[0m [32m INFO[0m [2mexecution_engine[0m[2m:[0m Tick  game="Jazz vs. Kings"  team=Jazz  is_home=false  market_prob=0.470
[2m2026-03-14T23:47:59.907808Z[0m [32m INFO[0m [2mexecution_engine[0m[2m:[0m Tick  game="Nuggets vs. Lakers"  team=Lakers  is_home=true  market_prob=0.470
[2m2026-03-14T23:47:59.916820Z[0m [32m INFO[0m [2mexecution_engine[0m[2m:[0m Tick  game="Nuggets vs. Lakers"  team=Lakers  is_home=true  market_prob=0.470
[2m2026-03-14T23:48:04.387172Z[0m [32m INFO[0m [2mexecution_engine[0m[2m:[0m Tick  game="Warriors vs. Knicks"  team=Warriors  is_home=false  market_prob=0.140
[2m2026-03-14T23:48:07.997553Z[0m [32m INFO[0m [2mexecution_engine[0m[2m:[0m Tick  game="Nuggets vs. Lakers"  team=Lakers  is_home=true  market_prob=0.470
[2m2026-03-14T23:48:09.281401Z[0m [32m INFO[0m [2mexecution_engine[0m[2m:[0m Tick  game="Nuggets vs. Lakers"  team=Nuggets  is_home=false  market_prob=0.540
[2m2026-03-14T23:48:09.290754Z[0m [32m INFO[0m [2mexecution_engine[0m[2m:[0m Tick  game="Nuggets vs. Lakers"  team=Nuggets  is_home=false  market_prob=0.540
[2m2026-03-14T23:48:11.585042Z[0m [32m INFO[0m [2mexecution_engine[0m[2m:[0m Tick  game="Jazz vs. Kings"  team=Kings  is_home=true  market_prob=0.540
[2m2026-03-14T23:48:14.297841Z[0m [32m INFO[0m [2mexecution_engine[0m[2m:[0m Tick  game="Nuggets vs. Lakers"  team=Lakers  is_home=true  market_prob=0.470
[2m2026-03-14T23:48:20.108082Z[0m [32m INFO[0m [2mexecution_engine[0m[2m:[0m Tick  game="Kings vs. Clippers"  team=Clippers  is_home=true  market_prob=0.890
[2m2026-03-14T23:48:22.147673Z[0m [32m INFO[0m [2mexecution_engine[0m[2m:[0m Tick  game="Nuggets vs. Lakers"  team=Nuggets  is_home=false  market_prob=0.540
[2m2026-03-14T23:48:25.285892Z[0m [32m INFO[0m [2mexecution_engine[0m[2m:[0m Tick  game="Kings vs. Clippers"  team=Kings  is_home=false  market_prob=0.120
[2m2026-03-14T23:48:30.166254Z[0m [32m INFO[0m [2mexecution_engine[0m[2m:[0m Tick  game="Mavericks vs. Cavaliers"  team=Cavaliers  is_home=true  market_prob=0.910
[2m2026-03-14T23:48:30.172922Z[0m [32m INFO[0m [2mexecution_engine[0m[2m:[0m EDGE FOUND  game="Mavericks vs. Cavaliers"  home=Cavaliers  edge=-0.116  conf=83.2%  action=BUY_MAVERICKS
[2m2026-03-14T23:48:30.175003Z[0m [32m INFO[0m [2mexecution_engine[0m[2m:[0m TRADE SIGNED  id=f79cf55c-a6a0-44e0-8723-f4e8b0ebca93  game=0xd277196552fc532d3aa80aad1e84e293b57f8bc24499d86ff703cc14ab71713c  action=BUY_MAVERICKS  market=0.910  model=0.794  edge=-0.116  stake=50 USDC  hash=0x4df87e64d2
[2m2026-03-14T23:48:30.175018Z[0m [32m INFO[0m [2mexecution_engine[0m[2m:[0m Position buy #1/3 — 13 open games total
[2m2026-03-14T23:48:39.929105Z[0m [32m INFO[0m [2mexecution_engine[0m[2m:[0m Tick  game="Magic vs. Heat"  team=Magic  is_home=false  market_prob=0.380
[2m2026-03-14T23:48:46.832462Z[0m [32m INFO[0m [2mexecution_engine[0m[2m:[0m Tick  game="Nuggets vs. Lakers"  team=Lakers  is_home=true  market_prob=0.460
[2m2026-03-14T23:48:50.594730Z[0m [32m INFO[0m [2mexecution_engine[0m[2m:[0m Tick  game="Magic vs. Heat"  team=Heat  is_home=true  market_prob=0.630
[2m2026-03-14T23:48:50.952108Z[0m [32m INFO[0m [2mexecution_engine[0m[2m:[0m Tick  game="Kings vs. Clippers"  team=Kings  is_home=false  market_prob=0.120
[2m2026-03-14T23:48:57.140867Z[0m [32m INFO[0m [2mexecution_engine[0m[2m:[0m Tick  game="Magic vs. Heat"  team=Magic  is_home=false  market_prob=0.380
[2m2026-03-14T23:48:57.244678Z[0m [32m INFO[0m [2mexecution_engine[0m[2m:[0m Tick  game="Nuggets vs. Lakers"  team=Nuggets  is_home=false  market_prob=0.540
[2m2026-03-14T23:48:58.223459Z[0m [32m INFO[0m [2mexecution_engine[0m[2m:[0m Tick  game="Magic vs. Heat"  team=Magic  is_home=false  market_prob=0.370
[2m2026-03-14T23:49:03.993550Z[0m [32m INFO[0m [2mexecution_engine[0m[2m:[0m Tick  game="Magic vs. Heat"  team=Magic  is_home=false  market_prob=0.380
[2m2026-03-14T23:49:08.665707Z[0m [32m INFO[0m [2mexecution_engine[0m[2m:[0m Tick  game="Kings vs. Clippers"  team=Kings  is_home=false  market_prob=0.120
[2m2026-03-14T23:49:08.977769Z[0m [32m INFO[0m [2mexecution_engine[0m[2m:[0m Tick  game="Magic vs. Heat"  team=Magic  is_home=false  market_prob=0.380
[2m2026-03-14T23:49:14.973712Z[0m [32m INFO[0m [2mexecution_engine[0m[2m:[0m Tick  game="Warriors vs. Knicks"  team=Warriors  is_home=false  market_prob=0.140
[2m2026-03-14T23:49:19.163854Z[0m [32m INFO[0m [2mexecution_engine[0m[2m:[0m Tick  game="Nuggets vs. Lakers"  team=Nuggets  is_home=false  market_prob=0.540
[2m2026-03-14T23:49:24.287484Z[0m [32m INFO[0m [2mexecution_engine[0m[2m:[0m Tick  game="Kings vs. Clippers"  team=Kings  is_home=false  market_prob=0.120
[2m2026-03-14T23:49:24.446210Z[0m [32m INFO[0m [2mexecution_engine[0m[2m:[0m Tick  game="Magic vs. Heat"  team=Magic  is_home=false  market_prob=0.380
[2m2026-03-14T23:49:33.474318Z[0m [32m INFO[0m [2mexecution_engine[0m[2m:[0m Tick  game="Mavericks vs. Cavaliers"  team=Cavaliers  is_home=true  market_prob=0.910
[2m2026-03-14T23:49:39.722901Z[0m [32m INFO[0m [2mexecution_engine[0m[2m:[0m Tick  game="Nuggets vs. Lakers"  team=Lakers  is_home=true  market_prob=0.470
[2m2026-03-14T23:49:42.719792Z[0m [32m INFO[0m [2mexecution_engine[0m[2m:[0m Tick  game="Nuggets vs. Lakers"  team=Lakers  is_home=true  market_prob=0.470
[2m2026-03-14T23:49:47.536834Z[0m [32m INFO[0m [2mexecution_engine[0m[2m:[0m Tick  game="Magic vs. Heat"  team=Magic  is_home=false  market_prob=0.380
[2m2026-03-14T23:49:50.601754Z[0m [32m INFO[0m [2mexecution_engine[0m[2m:[0m Tick  game="Timberwolves vs. Thunder"  team=Thunder  is_home=true  market_prob=0.770
[2m2026-03-14T23:49:57.786287Z[0m [32m INFO[0m [2mexecution_engine[0m[2m:[0m Tick  game="Kings vs. Clippers"  team=Kings  is_home=false  market_prob=0.120
[2m2026-03-14T23:50:03.819914Z[0m [32m INFO[0m [2mexecution_engine[0m[2m:[0m Tick  game="Magic vs. Heat"  team=Magic  is_home=false  market_prob=0.370
[2m2026-03-14T23:50:06.294851Z[0m [32m INFO[0m [2mexecution_engine[0m[2m:[0m Tick  game="Nuggets vs. Lakers"  team=Lakers  is_home=true  market_prob=0.470
[2m2026-03-14T23:50:08.387744Z[0m [32m INFO[0m [2mexecution_engine[0m[2m:[0m Tick  game="Magic vs. Heat"  team=Magic  is_home=false  market_prob=0.380
[2m2026-03-14T23:50:09.047015Z[0m [32m INFO[0m [2mexecution_engine[0m[2m:[0m Tick  game="Magic vs. Heat"  team=Magic  is_home=false  market_prob=0.370
[2m2026-03-14T23:50:12.836077Z[0m [32m INFO[0m [2mexecution_engine[0m[2m:[0m Tick  game="Magic vs. Heat"  team=Magic  is_home=false  market_prob=0.370
[2m2026-03-14T23:50:13.639188Z[0m [32m INFO[0m [2mexecution_engine[0m[2m:[0m Tick  game="Magic vs. Heat"  team=Heat  is_home=true  market_prob=0.630
[2m2026-03-14T23:50:14.294826Z[0m [32m INFO[0m [2mexecution_engine[0m[2m:[0m Tick  game="Nuggets vs. Lakers"  team=Lakers  is_home=true  market_prob=0.470
[2m2026-03-14T23:50:18.041050Z[0m [32m INFO[0m [2mexecution_engine[0m[2m:[0m Tick  game="Magic vs. Heat"  team=Magic  is_home=false  market_prob=0.380
[2m2026-03-14T23:50:18.695882Z[0m [32m INFO[0m [2mexecution_engine[0m[2m:[0m Tick  game="Magic vs. Heat"  team=Magic  is_home=false  market_prob=0.370
[2m2026-03-14T23:50:21.017499Z[0m [32m INFO[0m [2mexecution_engine[0m[2m:[0m Tick  game="Nuggets vs. Lakers"  team=Nuggets  is_home=false  market_prob=0.540
[2m2026-03-14T23:50:29.454231Z[0m [32m INFO[0m [2mexecution_engine[0m[2m:[0m Tick  game="Nuggets vs. Lakers"  team=Lakers  is_home=true  market_prob=0.470
[2m2026-03-14T23:50:30.140785Z[0m [32m INFO[0m [2mexecution_engine[0m[2m:[0m Tick  game="Nuggets vs. Lakers"  team=Lakers  is_home=true  market_prob=0.470
[2m2026-03-14T23:50:41.012167Z[0m [32m INFO[0m [2mexecution_engine[0m[2m:[0m Tick  game="Kings vs. Clippers"  team=Clippers  is_home=true  market_prob=0.890
[2m2026-03-14T23:50:56.081695Z[0m [32m INFO[0m [2mexecution_engine[0m[2m:[0m Tick  game="Magic vs. Heat"  team=Magic  is_home=false  market_prob=0.380
[2m2026-03-14T23:51:14.262418Z[0m [32m INFO[0m [2mexecution_engine[0m[2m:[0m Tick  game="Nuggets vs. Lakers"  team=Nuggets  is_home=false  market_prob=0.540
[2m2026-03-14T23:51:16.081397Z[0m [32m INFO[0m [2mexecution_engine[0m[2m:[0m Tick  game="Nuggets vs. Lakers"  team=Lakers  is_home=true  market_prob=0.470
[2m2026-03-14T23:51:18.556578Z[0m [32m INFO[0m [2mexecution_engine[0m[2m:[0m Tick  game="Nuggets vs. Lakers"  team=Lakers  is_home=true  market_prob=0.470
[2m2026-03-14T23:51:22.998264Z[0m [32m INFO[0m [2mexecution_engine[0m[2m:[0m Tick  game="Nuggets vs. Lakers"  team=Nuggets  is_home=false  market_prob=0.540
[2m2026-03-14T23:51:23.571569Z[0m [32m INFO[0m [2mexecution_engine[0m[2m:[0m Tick  game="Nuggets vs. Lakers"  team=Nuggets  is_home=false  market_prob=0.540
[2m2026-03-14T23:51:23.978122Z[0m [32m INFO[0m [2mexecution_engine[0m[2m:[0m Tick  game="Nuggets vs. Lakers"  team=Lakers  is_home=true  market_prob=0.470
[2m2026-03-14T23:51:24.362749Z[0m [32m INFO[0m [2mexecution_engine[0m[2m:[0m Tick  game="Nuggets vs. Lakers"  team=Nuggets  is_home=false  market_prob=0.540
[2m2026-03-14T23:51:24.782604Z[0m [32m INFO[0m [2mexecution_engine[0m[2m:[0m Tick  game="Nuggets vs. Lakers"  team=Nuggets  is_home=false  market_prob=0.540
[2m2026-03-14T23:51:25.143501Z[0m [32m INFO[0m [2mexecution_engine[0m[2m:[0m Tick  game="Nuggets vs. Lakers"  team=Lakers  is_home=true  market_prob=0.470
[2m2026-03-14T23:51:25.536664Z[0m [32m INFO[0m [2mexecution_engine[0m[2m:[0m Tick  game="Nuggets vs. Lakers"  team=Lakers  is_home=true  market_prob=0.470
[2m2026-03-14T23:51:25.653312Z[0m [32m INFO[0m [2mexecution_engine[0m[2m:[0m Tick  game="Nuggets vs. Lakers"  team=Nuggets  is_home=false  market_prob=0.540
[2m2026-03-14T23:51:26.327572Z[0m [32m INFO[0m [2mexecution_engine[0m[2m:[0m Tick  game="Nuggets vs. Lakers"  team=Lakers  is_home=true  market_prob=0.470
[2m2026-03-14T23:51:27.976014Z[0m [32m INFO[0m [2mexecution_engine[0m[2m:[0m Tick  game="Nuggets vs. Lakers"  team=Lakers  is_home=true  market_prob=0.470
[2m2026-03-14T23:51:28.492648Z[0m [32m INFO[0m [2mexecution_engine[0m[2m:[0m Tick  game="Nuggets vs. Lakers"  team=Nuggets  is_home=false  market_prob=0.540
[2m2026-03-14T23:51:31.267319Z[0m [32m INFO[0m [2mexecution_engine[0m[2m:[0m Tick  game="Timberwolves vs. Thunder"  team=Thunder  is_home=true  market_prob=0.770
[2m2026-03-14T23:51:32.390568Z[0m [32m INFO[0m [2mexecution_engine[0m[2m:[0m Tick  game="Timberwolves vs. Thunder"  team=Timberwolves  is_home=false  market_prob=0.240
[2m2026-03-14T23:51:34.338382Z[0m [32m INFO[0m [2mexecution_engine[0m[2m:[0m Tick  game="Nuggets vs. Lakers"  team=Nuggets  is_home=false  market_prob=0.540
[2m2026-03-14T23:51:35.939099Z[0m [32m INFO[0m [2mexecution_engine[0m[2m:[0m Tick  game="Magic vs. Heat"  team=Heat  is_home=true  market_prob=0.630
[2m2026-03-14T23:51:36.210672Z[0m [32m INFO[0m [2mexecution_engine[0m[2m:[0m Tick  game="Magic vs. Heat"  team=Heat  is_home=true  market_prob=0.640
[2m2026-03-14T23:51:36.218986Z[0m [32m INFO[0m [2mexecution_engine[0m[2m:[0m Tick  game="Magic vs. Heat"  team=Magic  is_home=false  market_prob=0.370
[2m2026-03-14T23:51:36.996818Z[0m [32m INFO[0m [2mexecution_engine[0m[2m:[0m Tick  game="Magic vs. Heat"  team=Heat  is_home=true  market_prob=0.630
[2m2026-03-14T23:51:37.107802Z[0m [32m INFO[0m [2mexecution_engine[0m[2m:[0m Tick  game="Magic vs. Heat"  team=Heat  is_home=true  market_prob=0.640
[2m2026-03-14T23:51:37.163196Z[0m [32m INFO[0m [2mexecution_engine[0m[2m:[0m Tick  game="Magic vs. Heat"  team=Heat  is_home=true  market_prob=0.640
[2m2026-03-14T23:51:37.175315Z[0m [32m INFO[0m [2mexecution_engine[0m[2m:[0m Tick  game="Magic vs. Heat"  team=Heat  is_home=true  market_prob=0.640
[2m2026-03-14T23:51:37.184380Z[0m [32m INFO[0m [2mexecution_engine[0m[2m:[0m Tick  game="Magic vs. Heat"  team=Heat  is_home=true  market_prob=0.640
[2m2026-03-14T23:51:37.198719Z[0m [32m INFO[0m [2mexecution_engine[0m[2m:[0m Tick  game="Magic vs. Heat"  team=Heat  is_home=true  market_prob=0.640
[2m2026-03-14T23:51:37.422539Z[0m [32m INFO[0m [2mexecution_engine[0m[2m:[0m Tick  game="Magic vs. Heat"  team=Heat  is_home=true  market_prob=0.640
[2m2026-03-14T23:51:37.425778Z[0m [32m INFO[0m [2mexecution_engine[0m[2m:[0m Tick  game="Magic vs. Heat"  team=Magic  is_home=false  market_prob=0.380
[2m2026-03-14T23:51:37.444734Z[0m [32m INFO[0m [2mexecution_engine[0m[2m:[0m Tick  game="Magic vs. Heat"  team=Heat  is_home=true  market_prob=0.640
[2m2026-03-14T23:51:37.472731Z[0m [32m INFO[0m [2mexecution_engine[0m[2m:[0m Tick  game="Magic vs. Heat"  team=Heat  is_home=true  market_prob=0.640
[2m2026-03-14T23:51:37.504875Z[0m [32m INFO[0m [2mexecution_engine[0m[2m:[0m Tick  game="Magic vs. Heat"  team=Heat  is_home=true  market_prob=0.640
[2m2026-03-14T23:51:37.514580Z[0m [32m INFO[0m [2mexecution_engine[0m[2m:[0m Tick  game="Magic vs. Heat"  team=Heat  is_home=true  market_prob=0.640
[2m2026-03-14T23:51:37.519054Z[0m [32m INFO[0m [2mexecution_engine[0m[2m:[0m Tick  game="Magic vs. Heat"  team=Heat  is_home=true  market_prob=0.640
[2m2026-03-14T23:51:37.525157Z[0m [32m INFO[0m [2mexecution_engine[0m[2m:[0m Tick  game="Magic vs. Heat"  team=Heat  is_home=true  market_prob=0.640
[2m2026-03-14T23:51:37.544595Z[0m [32m INFO[0m [2mexecution_engine[0m[2m:[0m Tick  game="Magic vs. Heat"  team=Heat  is_home=true  market_prob=0.640
[2m2026-03-14T23:51:37.573438Z[0m [32m INFO[0m [2mexecution_engine[0m[2m:[0m Tick  game="Magic vs. Heat"  team=Heat  is_home=true  market_prob=0.640
[2m2026-03-14T23:51:37.590850Z[0m [32m INFO[0m [2mexecution_engine[0m[2m:[0m Tick  game="Magic vs. Heat"  team=Heat  is_home=true  market_prob=0.640
[2m2026-03-14T23:51:38.234666Z[0m [32m INFO[0m [2mexecution_engine[0m[2m:[0m Tick  game="Nuggets vs. Lakers"  team=Nuggets  is_home=false  market_prob=0.540
[2m2026-03-14T23:51:39.025233Z[0m [32m INFO[0m [2mexecution_engine[0m[2m:[0m Tick  game="Nuggets vs. Lakers"  team=Nuggets  is_home=false  market_prob=0.540
[2m2026-03-14T23:51:39.926650Z[0m [32m INFO[0m [2mexecution_engine[0m[2m:[0m Tick  game="Magic vs. Heat"  team=Heat  is_home=true  market_prob=0.630
[2m2026-03-14T23:51:40.046518Z[0m [32m INFO[0m [2mexecution_engine[0m[2m:[0m Tick  game="Magic vs. Heat"  team=Heat  is_home=true  market_prob=0.630
[2m2026-03-14T23:51:40.074796Z[0m [32m INFO[0m [2mexecution_engine[0m[2m:[0m Tick  game="Magic vs. Heat"  team=Heat  is_home=true  market_prob=0.630
[2m2026-03-14T23:51:40.393190Z[0m [32m INFO[0m [2mexecution_engine[0m[2m:[0m Tick  game="Magic vs. Heat"  team=Heat  is_home=true  market_prob=0.630
[2m2026-03-14T23:51:40.713245Z[0m [32m INFO[0m [2mexecution_engine[0m[2m:[0m Tick  game="Magic vs. Heat"  team=Magic  is_home=false  market_prob=0.380
[2m2026-03-14T23:51:41.187807Z[0m [32m INFO[0m [2mexecution_engine[0m[2m:[0m Tick  game="Magic vs. Heat"  team=Heat  is_home=true  market_prob=0.640
[2m2026-03-14T23:51:41.937326Z[0m [32m INFO[0m [2mexecution_engine[0m[2m:[0m Tick  game="Magic vs. Heat"  team=Heat  is_home=true  market_prob=0.640
[2m2026-03-14T23:51:42.023014Z[0m [32m INFO[0m [2mexecution_engine[0m[2m:[0m Tick  game="Magic vs. Heat"  team=Heat  is_home=true  market_prob=0.640
[2m2026-03-14T23:51:43.563945Z[0m [32m INFO[0m [2mexecution_engine[0m[2m:[0m Tick  game="Magic vs. Heat"  team=Heat  is_home=true  market_prob=0.640
[2m2026-03-14T23:51:43.846651Z[0m [32m INFO[0m [2mexecution_engine[0m[2m:[0m Tick  game="Magic vs. Heat"  team=Heat  is_home=true  market_prob=0.640
[2m2026-03-14T23:51:44.046208Z[0m [32m INFO[0m [2mexecution_engine[0m[2m:[0m Tick  game="Magic vs. Heat"  team=Heat  is_home=true  market_prob=0.640
[2m2026-03-14T23:51:44.198873Z[0m [32m INFO[0m [2mexecution_engine[0m[2m:[0m Tick  game="Magic vs. Heat"  team=Heat  is_home=true  market_prob=0.640
[2m2026-03-14T23:51:44.221315Z[0m [32m INFO[0m [2mexecution_engine[0m[2m:[0m Tick  game="Magic vs. Heat"  team=Heat  is_home=true  market_prob=0.640
[2m2026-03-14T23:51:46.141280Z[0m [32m INFO[0m [2mexecution_engine[0m[2m:[0m Tick  game="Magic vs. Heat"  team=Heat  is_home=true  market_prob=0.640
[2m2026-03-14T23:51:46.144688Z[0m [32m INFO[0m [2mexecution_engine[0m[2m:[0m Tick  game="Magic vs. Heat"  team=Heat  is_home=true  market_prob=0.640
[2m2026-03-14T23:51:46.170947Z[0m [32m INFO[0m [2mexecution_engine[0m[2m:[0m Tick  game="Magic vs. Heat"  team=Heat  is_home=true  market_prob=0.640
[2m2026-03-14T23:51:46.634023Z[0m [32m INFO[0m [2mexecution_engine[0m[2m:[0m Tick  game="Magic vs. Heat"  team=Magic  is_home=false  market_prob=0.370
[2m2026-03-14T23:51:46.644098Z[0m [32m INFO[0m [2mexecution_engine[0m[2m:[0m Tick  game="Magic vs. Heat"  team=Magic  is_home=false  market_prob=0.370
[2m2026-03-14T23:51:46.694886Z[0m [32m INFO[0m [2mexecution_engine[0m[2m:[0m Tick  game="Magic vs. Heat"  team=Magic  is_home=false  market_prob=0.370
[2m2026-03-14T23:51:47.059328Z[0m [32m INFO[0m [2mexecution_engine[0m[2m:[0m Tick  game="Warriors vs. Knicks"  team=Warriors  is_home=false  market_prob=0.140
[2m2026-03-14T23:51:47.239452Z[0m [32m INFO[0m [2mexecution_engine[0m[2m:[0m Tick  game="Magic vs. Heat"  team=Heat  is_home=true  market_prob=0.640
[2m2026-03-14T23:51:47.453600Z[0m [32m INFO[0m [2mexecution_engine[0m[2m:[0m Tick  game="Magic vs. Heat"  team=Heat  is_home=true  market_prob=0.640
[2m2026-03-14T23:51:48.112158Z[0m [32m INFO[0m [2mexecution_engine[0m[2m:[0m Tick  game="Magic vs. Heat"  team=Heat  is_home=true  market_prob=0.640
[2m2026-03-14T23:51:51.491371Z[0m [32m INFO[0m [2mexecution_engine[0m[2m:[0m Tick  game="Magic vs. Heat"  team=Heat  is_home=true  market_prob=0.640
[2m2026-03-14T23:51:51.924048Z[0m [32m INFO[0m [2mexecution_engine[0m[2m:[0m Tick  game="Magic vs. Heat"  team=Magic  is_home=false  market_prob=0.370
[2m2026-03-14T23:51:52.488065Z[0m [32m INFO[0m [2mexecution_engine[0m[2m:[0m Tick  game="Magic vs. Heat"  team=Magic  is_home=false  market_prob=0.370
[2m2026-03-14T23:51:53.485251Z[0m [32m INFO[0m [2mexecution_engine[0m[2m:[0m Tick  game="Timberwolves vs. Thunder"  team=Timberwolves  is_home=false  market_prob=0.240
[2m2026-03-14T23:51:53.514826Z[0m [32m INFO[0m [2mexecution_engine[0m[2m:[0m Tick  game="Magic vs. Heat"  team=Heat  is_home=true  market_prob=0.640
[2m2026-03-14T23:51:54.162809Z[0m [32m INFO[0m [2mexecution_engine[0m[2m:[0m Tick  game="Magic vs. Heat"  team=Heat  is_home=true  market_prob=0.640
[2m2026-03-14T23:51:54.520266Z[0m [32m INFO[0m [2mexecution_engine[0m[2m:[0m Tick  game="Magic vs. Heat"  team=Heat  is_home=true  market_prob=0.640
[2m2026-03-14T23:51:55.993884Z[0m [32m INFO[0m [2mexecution_engine[0m[2m:[0m Tick  game="Nuggets vs. Lakers"  team=Lakers  is_home=true  market_prob=0.470
[2m2026-03-14T23:51:57.665278Z[0m [32m INFO[0m [2mexecution_engine[0m[2m:[0m Tick  game="Magic vs. Heat"  team=Heat  is_home=true  market_prob=0.640
[2m2026-03-14T23:51:58.100534Z[0m [32m INFO[0m [2mexecution_engine[0m[2m:[0m Tick  game="Magic vs. Heat"  team=Heat  is_home=true  market_prob=0.640
[2m2026-03-14T23:51:58.466217Z[0m [32m INFO[0m [2mexecution_engine[0m[2m:[0m Tick  game="Magic vs. Heat"  team=Heat  is_home=true  market_prob=0.640
[2m2026-03-14T23:51:58.684795Z[0m [32m INFO[0m [2mexecution_engine[0m[2m:[0m Tick  game="Magic vs. Heat"  team=Heat  is_home=true  market_prob=0.640
[2m2026-03-14T23:51:59.536376Z[0m [32m INFO[0m [2mexecution_engine[0m[2m:[0m Tick  game="Magic vs. Heat"  team=Heat  is_home=true  market_prob=0.640
[2m2026-03-14T23:52:00.540880Z[0m [32m INFO[0m [2mexecution_engine[0m[2m:[0m Tick  game="Warriors vs. Wizards"  team=Wizards  is_home=true  market_prob=0.260
[2m2026-03-14T23:52:00.563972Z[0m [32m INFO[0m [2mexecution_engine[0m[2m:[0m Tick  game="Magic vs. Heat"  team=Magic  is_home=false  market_prob=0.370
[2m2026-03-14T23:52:00.595707Z[0m [32m INFO[0m [2mexecution_engine[0m[2m:[0m Tick  game="Magic vs. Heat"  team=Heat  is_home=true  market_prob=0.640
[2m2026-03-14T23:52:01.140251Z[0m [32m INFO[0m [2mexecution_engine[0m[2m:[0m Tick  game="Magic vs. Heat"  team=Heat  is_home=true  market_prob=0.640
[2m2026-03-14T23:52:02.182665Z[0m [32m INFO[0m [2mexecution_engine[0m[2m:[0m Tick  game="Magic vs. Heat"  team=Heat  is_home=true  market_prob=0.640
[2m2026-03-14T23:52:05.605001Z[0m [32m INFO[0m [2mexecution_engine[0m[2m:[0m Tick  game="Magic vs. Heat"  team=Heat  is_home=true  market_prob=0.640
[2m2026-03-14T23:52:07.150344Z[0m [32m INFO[0m [2mexecution_engine[0m[2m:[0m Tick  game="Nuggets vs. Lakers"  team=Lakers  is_home=true  market_prob=0.470
[2m2026-03-14T23:52:12.300484Z[0m [32m INFO[0m [2mexecution_engine[0m[2m:[0m Tick  game="Magic vs. Heat"  team=Magic  is_home=false  market_prob=0.370
[2m2026-03-14T23:52:12.746491Z[0m [32m INFO[0m [2mexecution_engine[0m[2m:[0m Tick  game="Magic vs. Heat"  team=Heat  is_home=true  market_prob=0.640
[2m2026-03-14T23:52:14.687121Z[0m [32m INFO[0m [2mexecution_engine[0m[2m:[0m Tick  game="Magic vs. Heat"  team=Heat  is_home=true  market_prob=0.640
[2m2026-03-14T23:52:17.816108Z[0m [32m INFO[0m [2mexecution_engine[0m[2m:[0m Tick  game="Nuggets vs. Lakers"  team=Nuggets  is_home=false  market_prob=0.540
[2m2026-03-14T23:52:19.064669Z[0m [32m INFO[0m [2mexecution_engine[0m[2m:[0m Tick  game="Warriors vs. Knicks"  team=Warriors  is_home=false  market_prob=0.140
[2m2026-03-14T23:52:19.759273Z[0m [32m INFO[0m [2mexecution_engine[0m[2m:[0m Tick  game="Magic vs. Heat"  team=Heat  is_home=true  market_prob=0.640
[2m2026-03-14T23:52:19.918833Z[0m [32m INFO[0m [2mexecution_engine[0m[2m:[0m Tick  game="Magic vs. Heat"  team=Magic  is_home=false  market_prob=0.370
[2m2026-03-14T23:52:20.227639Z[0m [32m INFO[0m [2mexecution_engine[0m[2m:[0m Tick  game="Magic vs. Heat"  team=Magic  is_home=false  market_prob=0.370
[2m2026-03-14T23:52:20.405464Z[0m [32m INFO[0m [2mexecution_engine[0m[2m:[0m Tick  game="Magic vs. Heat"  team=Magic  is_home=false  market_prob=0.370
[2m2026-03-14T23:52:20.443322Z[0m [32m INFO[0m [2mexecution_engine[0m[2m:[0m Tick  game="Magic vs. Heat"  team=Heat  is_home=true  market_prob=0.640
[2m2026-03-14T23:52:20.617033Z[0m [32m INFO[0m [2mexecution_engine[0m[2m:[0m Tick  game="Magic vs. Heat"  team=Magic  is_home=false  market_prob=0.370
[2m2026-03-14T23:52:20.811859Z[0m [32m INFO[0m [2mexecution_engine[0m[2m:[0m Tick  game="Magic vs. Heat"  team=Magic  is_home=false  market_prob=0.370
[2m2026-03-14T23:52:20.822300Z[0m [32m INFO[0m [2mexecution_engine[0m[2m:[0m Tick  game="Magic vs. Heat"  team=Magic  is_home=false  market_prob=0.370
[2m2026-03-14T23:52:21.054537Z[0m [32m INFO[0m [2mexecution_engine[0m[2m:[0m Tick  game="Nuggets vs. Lakers"  team=Lakers  is_home=true  market_prob=0.470
[2m2026-03-14T23:52:21.162114Z[0m [32m INFO[0m [2mexecution_engine[0m[2m:[0m Tick  game="Magic vs. Heat"  team=Magic  is_home=false  market_prob=0.370
[2m2026-03-14T23:52:21.319107Z[0m [32m INFO[0m [2mexecution_engine[0m[2m:[0m Tick  game="Magic vs. Heat"  team=Heat  is_home=true  market_prob=0.640
[2m2026-03-14T23:52:21.398547Z[0m [32m INFO[0m [2mexecution_engine[0m[2m:[0m Tick  game="Magic vs. Heat"  team=Magic  is_home=false  market_prob=0.370
[2m2026-03-14T23:52:21.599993Z[0m [32m INFO[0m [2mexecution_engine[0m[2m:[0m Tick  game="Magic vs. Heat"  team=Magic  is_home=false  market_prob=0.370
[2m2026-03-14T23:52:21.813122Z[0m [32m INFO[0m [2mexecution_engine[0m[2m:[0m Tick  game="Magic vs. Heat"  team=Magic  is_home=false  market_prob=0.370
[2m2026-03-14T23:52:22.018668Z[0m [32m INFO[0m [2mexecution_engine[0m[2m:[0m Tick  game="Magic vs. Heat"  team=Magic  is_home=false  market_prob=0.370
[2m2026-03-14T23:52:22.213854Z[0m [32m INFO[0m [2mexecution_engine[0m[2m:[0m Tick  game="Magic vs. Heat"  team=Magic  is_home=false  market_prob=0.370
[2m2026-03-14T23:52:22.379882Z[0m [32m INFO[0m [2mexecution_engine[0m[2m:[0m Tick  game="Magic vs. Heat"  team=Magic  is_home=false  market_prob=0.370
[2m2026-03-14T23:52:23.021045Z[0m [32m INFO[0m [2mexecution_engine[0m[2m:[0m Tick  game="Magic vs. Heat"  team=Heat  is_home=true  market_prob=0.640
[2m2026-03-14T23:52:23.042257Z[0m [32m INFO[0m [2mexecution_engine[0m[2m:[0m Tick  game="Nuggets vs. Lakers"  team=Nuggets  is_home=false  market_prob=0.540
[2m2026-03-14T23:52:23.079849Z[0m [32m INFO[0m [2mexecution_engine[0m[2m:[0m Tick  game="Nuggets vs. Lakers"  team=Nuggets  is_home=false  market_prob=0.540
[2m2026-03-14T23:52:23.132694Z[0m [32m INFO[0m [2mexecution_engine[0m[2m:[0m Tick  game="Nuggets vs. Lakers"  team=Nuggets  is_home=false  market_prob=0.540
[2m2026-03-14T23:52:23.205695Z[0m [32m INFO[0m [2mexecution_engine[0m[2m:[0m Tick  game="Nuggets vs. Lakers"  team=Nuggets  is_home=false  market_prob=0.540
[2m2026-03-14T23:52:23.335786Z[0m [32m INFO[0m [2mexecution_engine[0m[2m:[0m Tick  game="Magic vs. Heat"  team=Heat  is_home=true  market_prob=0.640
[2m2026-03-14T23:52:23.649530Z[0m [32m INFO[0m [2mexecution_engine[0m[2m:[0m Tick  game="Magic vs. Heat"  team=Heat  is_home=true  market_prob=0.640
[2m2026-03-14T23:52:24.106088Z[0m [32m INFO[0m [2mexecution_engine[0m[2m:[0m Tick  game="Magic vs. Heat"  team=Heat  is_home=true  market_prob=0.640
[2m2026-03-14T23:52:24.614252Z[0m [32m INFO[0m [2mexecution_engine[0m[2m:[0m Tick  game="Nuggets vs. Lakers"  team=Nuggets  is_home=false  market_prob=0.540
[2m2026-03-14T23:52:24.744449Z[0m [32m INFO[0m [2mexecution_engine[0m[2m:[0m Tick  game="Nuggets vs. Lakers"  team=Nuggets  is_home=false  market_prob=0.540
[2m2026-03-14T23:52:25.920354Z[0m [32m INFO[0m [2mexecution_engine[0m[2m:[0m Tick  game="Nuggets vs. Lakers"  team=Lakers  is_home=true  market_prob=0.470
[2m2026-03-14T23:52:26.063561Z[0m [32m INFO[0m [2mexecution_engine[0m[2m:[0m Tick  game="Magic vs. Heat"  team=Heat  is_home=true  market_prob=0.640
[2m2026-03-14T23:52:26.239452Z[0m [32m INFO[0m [2mexecution_engine[0m[2m:[0m Tick  game="Magic vs. Heat"  team=Heat  is_home=true  market_prob=0.640
[2m2026-03-14T23:52:26.453092Z[0m [32m INFO[0m [2mexecution_engine[0m[2m:[0m Tick  game="Magic vs. Heat"  team=Heat  is_home=true  market_prob=0.640
[2m2026-03-14T23:52:28.290908Z[0m [32m INFO[0m [2mexecution_engine[0m[2m:[0m Tick  game="Nuggets vs. Lakers"  team=Lakers  is_home=true  market_prob=0.470
[2m2026-03-14T23:52:28.584947Z[0m [32m INFO[0m [2mexecution_engine[0m[2m:[0m Tick  game="Magic vs. Heat"  team=Heat  is_home=true  market_prob=0.640
[2m2026-03-14T23:52:29.405560Z[0m [32m INFO[0m [2mexecution_engine[0m[2m:[0m Tick  game="Magic vs. Heat"  team=Heat  is_home=true  market_prob=0.640
[2m2026-03-14T23:52:30.679765Z[0m [32m INFO[0m [2mexecution_engine[0m[2m:[0m Tick  game="Nuggets vs. Lakers"  team=Nuggets  is_home=false  market_prob=0.540
[2m2026-03-14T23:52:30.719863Z[0m [32m INFO[0m [2mexecution_engine[0m[2m:[0m Tick  game="Magic vs. Heat"  team=Heat  is_home=true  market_prob=0.640
[2m2026-03-14T23:52:34.364346Z[0m [32m INFO[0m [2mexecution_engine[0m[2m:[0m Tick  game="Magic vs. Heat"  team=Heat  is_home=true  market_prob=0.640
[2m2026-03-14T23:52:34.770342Z[0m [32m INFO[0m [2mexecution_engine[0m[2m:[0m Tick  game="Nuggets vs. Lakers"  team=Nuggets  is_home=false  market_prob=0.540
[2m2026-03-14T23:52:35.160301Z[0m [32m INFO[0m [2mexecution_engine[0m[2m:[0m Tick  game="Magic vs. Heat"  team=Magic  is_home=false  market_prob=0.370
[2m2026-03-14T23:52:35.269555Z[0m [32m INFO[0m [2mexecution_engine[0m[2m:[0m Tick  game="Magic vs. Heat"  team=Magic  is_home=false  market_prob=0.370
[2m2026-03-14T23:52:35.406966Z[0m [32m INFO[0m [2mexecution_engine[0m[2m:[0m Tick  game="Magic vs. Heat"  team=Heat  is_home=true  market_prob=0.640
[2m2026-03-14T23:52:39.369470Z[0m [32m INFO[0m [2mexecution_engine[0m[2m:[0m Tick  game="Magic vs. Heat"  team=Magic  is_home=false  market_prob=0.370
[2m2026-03-14T23:52:41.813128Z[0m [32m INFO[0m [2mexecution_engine[0m[2m:[0m Tick  game="Magic vs. Heat"  team=Magic  is_home=false  market_prob=0.370
[2m2026-03-14T23:52:41.979203Z[0m [32m INFO[0m [2mexecution_engine[0m[2m:[0m Tick  game="Magic vs. Heat"  team=Heat  is_home=true  market_prob=0.640
[2m2026-03-14T23:52:44.111204Z[0m [32m INFO[0m [2mexecution_engine[0m[2m:[0m Tick  game="Magic vs. Heat"  team=Heat  is_home=true  market_prob=0.640
[2m2026-03-14T23:52:44.513201Z[0m [32m INFO[0m [2mexecution_engine[0m[2m:[0m Tick  game="Magic vs. Heat"  team=Heat  is_home=true  market_prob=0.640
[2m2026-03-14T23:52:45.270495Z[0m [32m INFO[0m [2mexecution_engine[0m[2m:[0m Tick  game="Magic vs. Heat"  team=Heat  is_home=true  market_prob=0.640
[2m2026-03-14T23:52:45.714337Z[0m [32m INFO[0m [2mexecution_engine[0m[2m:[0m Tick  game="Magic vs. Heat"  team=Heat  is_home=true  market_prob=0.640
[2m2026-03-14T23:52:46.171046Z[0m [32m INFO[0m [2mexecution_engine[0m[2m:[0m Tick  game="Kings vs. Clippers"  team=Kings  is_home=false  market_prob=0.120
[2m2026-03-14T23:52:47.678762Z[0m [32m INFO[0m [2mexecution_engine[0m[2m:[0m Tick  game="Magic vs. Heat"  team=Heat  is_home=true  market_prob=0.640
[2m2026-03-14T23:52:47.968240Z[0m [32m INFO[0m [2mexecution_engine[0m[2m:[0m Tick  game="Magic vs. Heat"  team=Heat  is_home=true  market_prob=0.640
[2m2026-03-14T23:52:48.407884Z[0m [32m INFO[0m [2mexecution_engine[0m[2m:[0m Tick  game="Warriors vs. Knicks"  team=Warriors  is_home=false  market_prob=0.140
[2m2026-03-14T23:52:48.758617Z[0m [32m INFO[0m [2mexecution_engine[0m[2m:[0m Tick  game="Magic vs. Heat"  team=Magic  is_home=false  market_prob=0.370
[2m2026-03-14T23:52:50.712498Z[0m [32m INFO[0m [2mexecution_engine[0m[2m:[0m Tick  game="Magic vs. Heat"  team=Magic  is_home=false  market_prob=0.370
[2m2026-03-14T23:52:50.826966Z[0m [32m INFO[0m [2mexecution_engine[0m[2m:[0m Tick  game="Magic vs. Heat"  team=Magic  is_home=false  market_prob=0.370
[2m2026-03-14T23:52:51.031643Z[0m [32m INFO[0m [2mexecution_engine[0m[2m:[0m Tick  game="Magic vs. Heat"  team=Heat  is_home=true  market_prob=0.640
[2m2026-03-14T23:52:51.370926Z[0m [32m INFO[0m [2mexecution_engine[0m[2m:[0m Tick  game="Magic vs. Heat"  team=Magic  is_home=false  market_prob=0.370
[2m2026-03-14T23:52:53.382130Z[0m [32m INFO[0m [2mexecution_engine[0m[2m:[0m Tick  game="Magic vs. Heat"  team=Heat  is_home=true  market_prob=0.640
[2m2026-03-14T23:52:53.937996Z[0m [32m INFO[0m [2mexecution_engine[0m[2m:[0m Tick  game="Magic vs. Heat"  team=Magic  is_home=false  market_prob=0.370
[2m2026-03-14T23:52:54.318379Z[0m [32m INFO[0m [2mexecution_engine[0m[2m:[0m Tick  game="Magic vs. Heat"  team=Magic  is_home=false  market_prob=0.370
[2m2026-03-14T23:52:54.355444Z[0m [32m INFO[0m [2mexecution_engine[0m[2m:[0m Tick  game="Magic vs. Heat"  team=Magic  is_home=false  market_prob=0.370
[2m2026-03-14T23:52:55.942699Z[0m [32m INFO[0m [2mexecution_engine[0m[2m:[0m Tick  game="Nuggets vs. Lakers"  team=Nuggets  is_home=false  market_prob=0.530
[2m2026-03-14T23:52:56.773931Z[0m [32m INFO[0m [2mexecution_engine[0m[2m:[0m Tick  game="Magic vs. Heat"  team=Heat  is_home=true  market_prob=0.640
[2m2026-03-14T23:52:58.106503Z[0m [32m INFO[0m [2mexecution_engine[0m[2m:[0m Tick  game="Magic vs. Heat"  team=Magic  is_home=false  market_prob=0.370
[2m2026-03-14T23:52:59.431785Z[0m [32m INFO[0m [2mexecution_engine[0m[2m:[0m Tick  game="Magic vs. Heat"  team=Heat  is_home=true  market_prob=0.640
[2m2026-03-14T23:53:05.469894Z[0m [32m INFO[0m [2mexecution_engine[0m[2m:[0m Tick  game="Magic vs. Heat"  team=Heat  is_home=true  market_prob=0.640
[2m2026-03-14T23:53:11.855044Z[0m [32m INFO[0m [2mexecution_engine[0m[2m:[0m Tick  game="Jazz vs. Kings"  team=Kings  is_home=true  market_prob=0.540
[2m2026-03-14T23:53:13.027287Z[0m [32m INFO[0m [2mexecution_engine[0m[2m:[0m Tick  game="Magic vs. Heat"  team=Heat  is_home=true  market_prob=0.640
[2m2026-03-14T23:53:13.965468Z[0m [32m INFO[0m [2mexecution_engine[0m[2m:[0m Tick  game="Trail Blazers vs. 76ers"  team=Trail Blazers  is_home=false  market_prob=0.690
[2m2026-03-14T23:53:14.576701Z[0m [32m INFO[0m [2mexecution_engine[0m[2m:[0m Tick  game="Magic vs. Heat"  team=Heat  is_home=true  market_prob=0.640
[2m2026-03-14T23:53:16.044076Z[0m [32m INFO[0m [2mexecution_engine[0m[2m:[0m Tick  game="Magic vs. Heat"  team=Heat  is_home=true  market_prob=0.640
[2m2026-03-14T23:53:19.964600Z[0m [32m INFO[0m [2mexecution_engine[0m[2m:[0m Tick  game="Magic vs. Heat"  team=Magic  is_home=false  market_prob=0.370
[2m2026-03-14T23:53:20.444039Z[0m [32m INFO[0m [2mexecution_engine[0m[2m:[0m Tick  game="Kings vs. Clippers"  team=Kings  is_home=false  market_prob=0.110
[2m2026-03-14T23:53:23.608806Z[0m [32m INFO[0m [2mexecution_engine[0m[2m:[0m Tick  game="Magic vs. Heat"  team=Heat  is_home=true  market_prob=0.640
[2m2026-03-14T23:53:24.505616Z[0m [32m INFO[0m [2mexecution_engine[0m[2m:[0m Tick  game="Magic vs. Heat"  team=Magic  is_home=false  market_prob=0.370
[2m2026-03-14T23:53:26.278011Z[0m [32m INFO[0m [2mexecution_engine[0m[2m:[0m Tick  game="Magic vs. Heat"  team=Magic  is_home=false  market_prob=0.370
[2m2026-03-14T23:53:26.395806Z[0m [32m INFO[0m [2mexecution_engine[0m[2m:[0m Tick  game="Magic vs. Heat"  team=Magic  is_home=false  market_prob=0.370
[2m2026-03-14T23:53:26.419114Z[0m [32m INFO[0m [2mexecution_engine[0m[2m:[0m Tick  game="Magic vs. Heat"  team=Heat  is_home=true  market_prob=0.640
[2m2026-03-14T23:53:27.537758Z[0m [32m INFO[0m [2mexecution_engine[0m[2m:[0m Tick  game="Magic vs. Heat"  team=Magic  is_home=false  market_prob=0.370
[2m2026-03-14T23:53:29.411681Z[0m [32m INFO[0m [2mexecution_engine[0m[2m:[0m Tick  game="Magic vs. Heat"  team=Heat  is_home=true  market_prob=0.640
[2m2026-03-14T23:53:30.211850Z[0m [32m INFO[0m [2mexecution_engine[0m[2m:[0m Tick  game="Magic vs. Heat"  team=Magic  is_home=false  market_prob=0.370
[2m2026-03-14T23:53:33.011542Z[0m [32m INFO[0m [2mexecution_engine[0m[2m:[0m Tick  game="Magic vs. Heat"  team=Magic  is_home=false  market_prob=0.370
[2m2026-03-14T23:53:35.468008Z[0m [32m INFO[0m [2mexecution_engine[0m[2m:[0m Tick  game="Magic vs. Heat"  team=Heat  is_home=true  market_prob=0.640
[2m2026-03-14T23:53:36.193438Z[0m [32m INFO[0m [2mexecution_engine[0m[2m:[0m Tick  game="Magic vs. Heat"  team=Heat  is_home=true  market_prob=0.640
[2m2026-03-14T23:53:38.006073Z[0m [32m INFO[0m [2mexecution_engine[0m[2m:[0m Tick  game="Magic vs. Heat"  team=Heat  is_home=true  market_prob=0.640
[2m2026-03-14T23:53:38.192903Z[0m [32m INFO[0m [2mexecution_engine[0m[2m:[0m Tick  game="Magic vs. Heat"  team=Magic  is_home=false  market_prob=0.370
[2m2026-03-14T23:53:38.400367Z[0m [32m INFO[0m [2mexecution_engine[0m[2m:[0m Tick  game="Magic vs. Heat"  team=Magic  is_home=false  market_prob=0.370
[2m2026-03-14T23:53:38.546096Z[0m [32m INFO[0m [2mexecution_engine[0m[2m:[0m Tick  game="Magic vs. Heat"  team=Magic  is_home=false  market_prob=0.370
[2m2026-03-14T23:53:39.979015Z[0m [32m INFO[0m [2mexecution_engine[0m[2m:[0m Tick  game="Magic vs. Heat"  team=Heat  is_home=true  market_prob=0.640
[2m2026-03-14T23:53:41.064291Z[0m [32m INFO[0m [2mexecution_engine[0m[2m:[0m Tick  game="Magic vs. Heat"  team=Heat  is_home=true  market_prob=0.640
[2m2026-03-14T23:53:42.085298Z[0m [32m INFO[0m [2mexecution_engine[0m[2m:[0m Tick  game="Warriors vs. Knicks"  team=Warriors  is_home=false  market_prob=0.140
[2m2026-03-14T23:53:43.121556Z[0m [32m INFO[0m [2mexecution_engine[0m[2m:[0m Tick  game="Magic vs. Heat"  team=Magic  is_home=false  market_prob=0.370
[2m2026-03-14T23:53:44.235821Z[0m [32m INFO[0m [2mexecution_engine[0m[2m:[0m Tick  game="Timberwolves vs. Thunder"  team=Thunder  is_home=true  market_prob=0.770
[2m2026-03-14T23:53:44.265097Z[0m [32m INFO[0m [2mexecution_engine[0m[2m:[0m Tick  game="Timberwolves vs. Thunder"  team=Thunder  is_home=true  market_prob=0.770
[2m2026-03-14T23:53:44.329762Z[0m [32m INFO[0m [2mexecution_engine[0m[2m:[0m Tick  game="Timberwolves vs. Thunder"  team=Thunder  is_home=true  market_prob=0.770
[2m2026-03-14T23:53:44.405880Z[0m [32m INFO[0m [2mexecution_engine[0m[2m:[0m Tick  game="Timberwolves vs. Thunder"  team=Thunder  is_home=true  market_prob=0.770
[2m2026-03-14T23:53:44.464780Z[0m [32m INFO[0m [2mexecution_engine[0m[2m:[0m Tick  game="Timberwolves vs. Thunder"  team=Thunder  is_home=true  market_prob=0.770
[2m2026-03-14T23:53:44.583449Z[0m [32m INFO[0m [2mexecution_engine[0m[2m:[0m Tick  game="Magic vs. Heat"  team=Heat  is_home=true  market_prob=0.640
[2m2026-03-14T23:53:45.087365Z[0m [32m INFO[0m [2mexecution_engine[0m[2m:[0m Tick  game="Magic vs. Heat"  team=Magic  is_home=false  market_prob=0.370
[2m2026-03-14T23:53:45.176033Z[0m [32m INFO[0m [2mexecution_engine[0m[2m:[0m Tick  game="Magic vs. Heat"  team=Magic  is_home=false  market_prob=0.370
[2m2026-03-14T23:53:46.235328Z[0m [32m INFO[0m [2mexecution_engine[0m[2m:[0m Tick  game="Kings vs. Clippers"  team=Clippers  is_home=true  market_prob=0.890
[2m2026-03-14T23:53:49.442233Z[0m [32m INFO[0m [2mexecution_engine[0m[2m:[0m Tick  game="Magic vs. Heat"  team=Magic  is_home=false  market_prob=0.370
[2m2026-03-14T23:53:49.761031Z[0m [32m INFO[0m [2mexecution_engine[0m[2m:[0m Tick  game="Timberwolves vs. Thunder"  team=Thunder  is_home=true  market_prob=0.770
[2m2026-03-14T23:53:52.369926Z[0m [32m INFO[0m [2mexecution_engine[0m[2m:[0m Tick  game="Magic vs. Heat"  team=Magic  is_home=false  market_prob=0.370
[2m2026-03-14T23:53:53.372456Z[0m [32m INFO[0m [2mexecution_engine[0m[2m:[0m Tick  game="Magic vs. Heat"  team=Heat  is_home=true  market_prob=0.640
[2m2026-03-14T23:53:59.432413Z[0m [32m INFO[0m [2mexecution_engine[0m[2m:[0m Tick  game="Magic vs. Heat"  team=Heat  is_home=true  market_prob=0.640
[2m2026-03-14T23:53:59.743675Z[0m [32m INFO[0m [2mexecution_engine[0m[2m:[0m Tick  game="Magic vs. Heat"  team=Magic  is_home=false  market_prob=0.370
[2m2026-03-14T23:53:59.804111Z[0m [32m INFO[0m [2mexecution_engine[0m[2m:[0m Tick  game="Magic vs. Heat"  team=Magic  is_home=false  market_prob=0.370
[2m2026-03-14T23:54:00.153954Z[0m [32m INFO[0m [2mexecution_engine[0m[2m:[0m Tick  game="Magic vs. Heat"  team=Heat  is_home=true  market_prob=0.640
[2m2026-03-14T23:54:00.523402Z[0m [32m INFO[0m [2mexecution_engine[0m[2m:[0m Tick  game="Magic vs. Heat"  team=Heat  is_home=true  market_prob=0.640
[2m2026-03-14T23:54:00.569367Z[0m [32m INFO[0m [2mexecution_engine[0m[2m:[0m Tick  game="Magic vs. Heat"  team=Heat  is_home=true  market_prob=0.640
[2m2026-03-14T23:54:00.589170Z[0m [32m INFO[0m [2mexecution_engine[0m[2m:[0m Tick  game="Magic vs. Heat"  team=Heat  is_home=true  market_prob=0.640
[2m2026-03-14T23:54:00.593123Z[0m [32m INFO[0m [2mexecution_engine[0m[2m:[0m Tick  game="Magic vs. Heat"  team=Heat  is_home=true  market_prob=0.640
[2m2026-03-14T23:54:00.612899Z[0m [32m INFO[0m [2mexecution_engine[0m[2m:[0m Tick  game="Magic vs. Heat"  team=Heat  is_home=true  market_prob=0.640
[2m2026-03-14T23:54:00.696975Z[0m [32m INFO[0m [2mexecution_engine[0m[2m:[0m Tick  game="Magic vs. Heat"  team=Heat  is_home=true  market_prob=0.640
[2m2026-03-14T23:54:00.700723Z[0m [32m INFO[0m [2mexecution_engine[0m[2m:[0m Tick  game="Magic vs. Heat"  team=Heat  is_home=true  market_prob=0.640
[2m2026-03-14T23:54:01.765143Z[0m [32m INFO[0m [2mexecution_engine[0m[2m:[0m Tick  game="Magic vs. Heat"  team=Heat  is_home=true  market_prob=0.640
[2m2026-03-14T23:54:03.003452Z[0m [32m INFO[0m [2mexecution_engine[0m[2m:[0m Tick  game="Magic vs. Heat"  team=Heat  is_home=true  market_prob=0.640
[2m2026-03-14T23:54:04.213418Z[0m [32m INFO[0m [2mexecution_engine[0m[2m:[0m Tick  game="Magic vs. Heat"  team=Magic  is_home=false  market_prob=0.370
[2m2026-03-14T23:54:04.543603Z[0m [32m INFO[0m [2mexecution_engine[0m[2m:[0m Tick  game="Magic vs. Heat"  team=Heat  is_home=true  market_prob=0.640
[2m2026-03-14T23:54:04.568416Z[0m [32m INFO[0m [2mexecution_engine[0m[2m:[0m Tick  game="Magic vs. Heat"  team=Heat  is_home=true  market_prob=0.640
[2m2026-03-14T23:54:04.997313Z[0m [32m INFO[0m [2mexecution_engine[0m[2m:[0m Tick  game="Magic vs. Heat"  team=Heat  is_home=true  market_prob=0.640
[2m2026-03-14T23:54:05.006558Z[0m [32m INFO[0m [2mexecution_engine[0m[2m:[0m Tick  game="Magic vs. Heat"  team=Heat  is_home=true  market_prob=0.640
[2m2026-03-14T23:54:05.056578Z[0m [32m INFO[0m [2mexecution_engine[0m[2m:[0m Tick  game="Magic vs. Heat"  team=Heat  is_home=true  market_prob=0.640
[2m2026-03-14T23:54:05.244506Z[0m [32m INFO[0m [2mexecution_engine[0m[2m:[0m Tick  game="Magic vs. Heat"  team=Heat  is_home=true  market_prob=0.640
[2m2026-03-14T23:54:05.257738Z[0m [32m INFO[0m [2mexecution_engine[0m[2m:[0m Tick  game="Magic vs. Heat"  team=Heat  is_home=true  market_prob=0.640
[2m2026-03-14T23:54:05.286934Z[0m [32m INFO[0m [2mexecution_engine[0m[2m:[0m Tick  game="Magic vs. Heat"  team=Heat  is_home=true  market_prob=0.640
[2m2026-03-14T23:54:05.313706Z[0m [32m INFO[0m [2mexecution_engine[0m[2m:[0m Tick  game="Magic vs. Heat"  team=Magic  is_home=false  market_prob=0.370
[2m2026-03-14T23:54:05.315703Z[0m [32m INFO[0m [2mexecution_engine[0m[2m:[0m Tick  game="Magic vs. Heat"  team=Heat  is_home=true  market_prob=0.640
[2m2026-03-14T23:54:05.329933Z[0m [32m INFO[0m [2mexecution_engine[0m[2m:[0m Tick  game="Magic vs. Heat"  team=Magic  is_home=false  market_prob=0.370
[2m2026-03-14T23:54:05.330377Z[0m [32m INFO[0m [2mexecution_engine[0m[2m:[0m Tick  game="Magic vs. Heat"  team=Magic  is_home=false  market_prob=0.370
[2m2026-03-14T23:54:05.339985Z[0m [32m INFO[0m [2mexecution_engine[0m[2m:[0m Tick  game="Magic vs. Heat"  team=Magic  is_home=false  market_prob=0.370
[2m2026-03-14T23:54:05.354703Z[0m [32m INFO[0m [2mexecution_engine[0m[2m:[0m Tick  game="Magic vs. Heat"  team=Magic  is_home=false  market_prob=0.370
[2m2026-03-14T23:54:05.355005Z[0m [32m INFO[0m [2mexecution_engine[0m[2m:[0m Tick  game="Magic vs. Heat"  team=Heat  is_home=true  market_prob=0.640
[2m2026-03-14T23:54:05.361794Z[0m [32m INFO[0m [2mexecution_engine[0m[2m:[0m Tick  game="Magic vs. Heat"  team=Heat  is_home=true  market_prob=0.640
[2m2026-03-14T23:54:05.365694Z[0m [32m INFO[0m [2mexecution_engine[0m[2m:[0m Tick  game="Magic vs. Heat"  team=Magic  is_home=false  market_prob=0.370
[2m2026-03-14T23:54:05.466703Z[0m [32m INFO[0m [2mexecution_engine[0m[2m:[0m Tick  game="Magic vs. Heat"  team=Magic  is_home=false  market_prob=0.370
[2m2026-03-14T23:54:05.521283Z[0m [32m INFO[0m [2mexecution_engine[0m[2m:[0m Tick  game="Magic vs. Heat"  team=Magic  is_home=false  market_prob=0.370
[2m2026-03-14T23:54:05.521531Z[0m [32m INFO[0m [2mexecution_engine[0m[2m:[0m Tick  game="Magic vs. Heat"  team=Magic  is_home=false  market_prob=0.370
[2m2026-03-14T23:54:05.521760Z[0m [32m INFO[0m [2mexecution_engine[0m[2m:[0m Tick  game="Magic vs. Heat"  team=Magic  is_home=false  market_prob=0.370
[2m2026-03-14T23:54:05.523486Z[0m [32m INFO[0m [2mexecution_engine[0m[2m:[0m Tick  game="Magic vs. Heat"  team=Magic  is_home=false  market_prob=0.370
[2m2026-03-14T23:54:05.523954Z[0m [32m INFO[0m [2mexecution_engine[0m[2m:[0m Tick  game="Magic vs. Heat"  team=Heat  is_home=true  market_prob=0.640
[2m2026-03-14T23:54:05.527339Z[0m [32m INFO[0m [2mexecution_engine[0m[2m:[0m Tick  game="Magic vs. Heat"  team=Magic  is_home=false  market_prob=0.370
[2m2026-03-14T23:54:05.563939Z[0m [32m INFO[0m [2mexecution_engine[0m[2m:[0m Tick  game="Magic vs. Heat"  team=Magic  is_home=false  market_prob=0.370
[2m2026-03-14T23:54:06.099908Z[0m [32m INFO[0m [2mexecution_engine[0m[2m:[0m Tick  game="Magic vs. Heat"  team=Heat  is_home=true  market_prob=0.640
[2m2026-03-14T23:54:06.355842Z[0m [32m INFO[0m [2mexecution_engine[0m[2m:[0m Tick  game="Magic vs. Heat"  team=Heat  is_home=true  market_prob=0.640
[2m2026-03-14T23:54:06.406805Z[0m [32m INFO[0m [2mexecution_engine[0m[2m:[0m Tick  game="Magic vs. Heat"  team=Heat  is_home=true  market_prob=0.640
[2m2026-03-14T23:54:06.564559Z[0m [32m INFO[0m [2mexecution_engine[0m[2m:[0m Tick  game="Magic vs. Heat"  team=Heat  is_home=true  market_prob=0.640
[2m2026-03-14T23:54:06.654325Z[0m [32m INFO[0m [2mexecution_engine[0m[2m:[0m Tick  game="Magic vs. Heat"  team=Heat  is_home=true  market_prob=0.640
[2m2026-03-14T23:54:06.660465Z[0m [32m INFO[0m [2mexecution_engine[0m[2m:[0m Tick  game="Magic vs. Heat"  team=Heat  is_home=true  market_prob=0.640
[2m2026-03-14T23:54:06.804085Z[0m [32m INFO[0m [2mexecution_engine[0m[2m:[0m Tick  game="Magic vs. Heat"  team=Heat  is_home=true  market_prob=0.640
[2m2026-03-14T23:54:07.338624Z[0m [32m INFO[0m [2mexecution_engine[0m[2m:[0m Tick  game="Magic vs. Heat"  team=Heat  is_home=true  market_prob=0.640
[2m2026-03-14T23:54:07.606516Z[0m [32m INFO[0m [2mexecution_engine[0m[2m:[0m Tick  game="Magic vs. Heat"  team=Heat  is_home=true  market_prob=0.640
[2m2026-03-14T23:54:08.716718Z[0m [32m INFO[0m [2mexecution_engine[0m[2m:[0m Tick  game="Magic vs. Heat"  team=Heat  is_home=true  market_prob=0.640
[2m2026-03-14T23:54:09.738222Z[0m [32m INFO[0m [2mexecution_engine[0m[2m:[0m Tick  game="Magic vs. Heat"  team=Heat  is_home=true  market_prob=0.640
[2m2026-03-14T23:54:10.128944Z[0m [32m INFO[0m [2mexecution_engine[0m[2m:[0m Tick  game="Magic vs. Heat"  team=Heat  is_home=true  market_prob=0.640
[2m2026-03-14T23:54:12.352359Z[0m [32m INFO[0m [2mexecution_engine[0m[2m:[0m Tick  game="Magic vs. Heat"  team=Heat  is_home=true  market_prob=0.640
[2m2026-03-14T23:54:12.764327Z[0m [32m INFO[0m [2mexecution_engine[0m[2m:[0m Tick  game="Magic vs. Heat"  team=Magic  is_home=false  market_prob=0.360
[2m2026-03-14T23:54:12.916467Z[0m [32m INFO[0m [2mexecution_engine[0m[2m:[0m Tick  game="Magic vs. Heat"  team=Magic  is_home=false  market_prob=0.370
[2m2026-03-14T23:54:13.461576Z[0m [32m INFO[0m [2mexecution_engine[0m[2m:[0m Tick  game="Magic vs. Heat"  team=Magic  is_home=false  market_prob=0.370
[2m2026-03-14T23:54:13.757002Z[0m [32m INFO[0m [2mexecution_engine[0m[2m:[0m Tick  game="Magic vs. Heat"  team=Heat  is_home=true  market_prob=0.640
[2m2026-03-14T23:54:14.202137Z[0m [32m INFO[0m [2mexecution_engine[0m[2m:[0m Tick  game="Magic vs. Heat"  team=Heat  is_home=true  market_prob=0.640
[2m2026-03-14T23:54:14.234849Z[0m [32m INFO[0m [2mexecution_engine[0m[2m:[0m Tick  game="Magic vs. Heat"  team=Heat  is_home=true  market_prob=0.640
[2m2026-03-14T23:54:14.312141Z[0m [32m INFO[0m [2mexecution_engine[0m[2m:[0m Tick  game="Magic vs. Heat"  team=Heat  is_home=true  market_prob=0.640
[2m2026-03-14T23:54:14.348743Z[0m [32m INFO[0m [2mexecution_engine[0m[2m:[0m Tick  game="Magic vs. Heat"  team=Heat  is_home=true  market_prob=0.640
[2m2026-03-14T23:54:14.583454Z[0m [32m INFO[0m [2mexecution_engine[0m[2m:[0m Tick  game="Magic vs. Heat"  team=Heat  is_home=true  market_prob=0.640
[2m2026-03-14T23:54:14.731546Z[0m [32m INFO[0m [2mexecution_engine[0m[2m:[0m Tick  game="Magic vs. Heat"  team=Magic  is_home=false  market_prob=0.370
[2m2026-03-14T23:54:14.824445Z[0m [32m INFO[0m [2mexecution_engine[0m[2m:[0m Tick  game="Magic vs. Heat"  team=Heat  is_home=true  market_prob=0.640
[2m2026-03-14T23:54:15.077717Z[0m [32m INFO[0m [2mexecution_engine[0m[2m:[0m Tick  game="Magic vs. Heat"  team=Magic  is_home=false  market_prob=0.370
[2m2026-03-14T23:54:15.116571Z[0m [32m INFO[0m [2mexecution_engine[0m[2m:[0m Tick  game="Magic vs. Heat"  team=Magic  is_home=false  market_prob=0.370
[2m2026-03-14T23:54:15.277158Z[0m [32m INFO[0m [2mexecution_engine[0m[2m:[0m Tick  game="Magic vs. Heat"  team=Heat  is_home=true  market_prob=0.640
[2m2026-03-14T23:54:15.293660Z[0m [32m INFO[0m [2mexecution_engine[0m[2m:[0m Tick  game="Magic vs. Heat"  team=Heat  is_home=true  market_prob=0.640
[2m2026-03-14T23:54:15.317303Z[0m [32m INFO[0m [2mexecution_engine[0m[2m:[0m Tick  game="Magic vs. Heat"  team=Heat  is_home=true  market_prob=0.640
[2m2026-03-14T23:54:15.320194Z[0m [32m INFO[0m [2mexecution_engine[0m[2m:[0m Tick  game="Magic vs. Heat"  team=Heat  is_home=true  market_prob=0.640
[2m2026-03-14T23:54:15.325530Z[0m [32m INFO[0m [2mexecution_engine[0m[2m:[0m Tick  game="Magic vs. Heat"  team=Heat  is_home=true  market_prob=0.640
[2m2026-03-14T23:54:15.328007Z[0m [32m INFO[0m [2mexecution_engine[0m[2m:[0m Tick  game="Magic vs. Heat"  team=Heat  is_home=true  market_prob=0.640
[2m2026-03-14T23:54:15.341336Z[0m [32m INFO[0m [2mexecution_engine[0m[2m:[0m Tick  game="Magic vs. Heat"  team=Heat  is_home=true  market_prob=0.640
[2m2026-03-14T23:54:15.450005Z[0m [32m INFO[0m [2mexecution_engine[0m[2m:[0m Tick  game="Magic vs. Heat"  team=Heat  is_home=true  market_prob=0.640
[2m2026-03-14T23:54:15.510832Z[0m [32m INFO[0m [2mexecution_engine[0m[2m:[0m Tick  game="Magic vs. Heat"  team=Heat  is_home=true  market_prob=0.640
[2m2026-03-14T23:54:15.513625Z[0m [32m INFO[0m [2mexecution_engine[0m[2m:[0m Tick  game="Magic vs. Heat"  team=Heat  is_home=true  market_prob=0.640
[2m2026-03-14T23:54:15.516157Z[0m [32m INFO[0m [2mexecution_engine[0m[2m:[0m Tick  game="Magic vs. Heat"  team=Heat  is_home=true  market_prob=0.640
[2m2026-03-14T23:54:15.683313Z[0m [32m INFO[0m [2mexecution_engine[0m[2m:[0m Tick  game="Magic vs. Heat"  team=Heat  is_home=true  market_prob=0.640
[2m2026-03-14T23:54:16.217190Z[0m [32m INFO[0m [2mexecution_engine[0m[2m:[0m Tick  game="Magic vs. Heat"  team=Heat  is_home=true  market_prob=0.640
[2m2026-03-14T23:54:16.264311Z[0m [32m INFO[0m [2mexecution_engine[0m[2m:[0m Tick  game="Magic vs. Heat"  team=Heat  is_home=true  market_prob=0.640
[2m2026-03-14T23:54:16.518947Z[0m [32m INFO[0m [2mexecution_engine[0m[2m:[0m Tick  game="Magic vs. Heat"  team=Heat  is_home=true  market_prob=0.640
[2m2026-03-14T23:54:16.842998Z[0m [32m INFO[0m [2mexecution_engine[0m[2m:[0m Tick  game="Magic vs. Heat"  team=Heat  is_home=true  market_prob=0.640
[2m2026-03-14T23:54:16.989219Z[0m [32m INFO[0m [2mexecution_engine[0m[2m:[0m Tick  game="Magic vs. Heat"  team=Heat  is_home=true  market_prob=0.640
[2m2026-03-14T23:54:17.008191Z[0m [32m INFO[0m [2mexecution_engine[0m[2m:[0m Tick  game="Magic vs. Heat"  team=Heat  is_home=true  market_prob=0.640
[2m2026-03-14T23:54:17.440028Z[0m [32m INFO[0m [2mexecution_engine[0m[2m:[0m Tick  game="Magic vs. Heat"  team=Heat  is_home=true  market_prob=0.640
[2m2026-03-14T23:54:17.777024Z[0m [32m INFO[0m [2mexecution_engine[0m[2m:[0m Tick  game="Magic vs. Heat"  team=Heat  is_home=true  market_prob=0.640
[2m2026-03-14T23:54:18.443423Z[0m [32m INFO[0m [2mexecution_engine[0m[2m:[0m Tick  game="Magic vs. Heat"  team=Heat  is_home=true  market_prob=0.640
[2m2026-03-14T23:54:18.525369Z[0m [32m INFO[0m [2mexecution_engine[0m[2m:[0m Tick  game="Magic vs. Heat"  team=Magic  is_home=false  market_prob=0.370
[2m2026-03-14T23:54:18.595648Z[0m [32m INFO[0m [2mexecution_engine[0m[2m:[0m Tick  game="Magic vs. Heat"  team=Heat  is_home=true  market_prob=0.640
[2m2026-03-14T23:54:19.243726Z[0m [32m INFO[0m [2mexecution_engine[0m[2m:[0m Tick  game="Magic vs. Heat"  team=Heat  is_home=true  market_prob=0.640
[2m2026-03-14T23:54:19.260968Z[0m [32m INFO[0m [2mexecution_engine[0m[2m:[0m Tick  game="Magic vs. Heat"  team=Heat  is_home=true  market_prob=0.640
[2m2026-03-14T23:54:19.281556Z[0m [32m INFO[0m [2mexecution_engine[0m[2m:[0m Tick  game="Magic vs. Heat"  team=Heat  is_home=true  market_prob=0.640
[2m2026-03-14T23:54:19.315871Z[0m [32m INFO[0m [2mexecution_engine[0m[2m:[0m Tick  game="Magic vs. Heat"  team=Heat  is_home=true  market_prob=0.640
[2m2026-03-14T23:54:19.852853Z[0m [32m INFO[0m [2mexecution_engine[0m[2m:[0m Tick  game="Magic vs. Heat"  team=Magic  is_home=false  market_prob=0.370
[2m2026-03-14T23:54:19.899189Z[0m [32m INFO[0m [2mexecution_engine[0m[2m:[0m Tick  game="Magic vs. Heat"  team=Heat  is_home=true  market_prob=0.640
[2m2026-03-14T23:54:20.033188Z[0m [32m INFO[0m [2mexecution_engine[0m[2m:[0m Tick  game="Magic vs. Heat"  team=Heat  is_home=true  market_prob=0.640
[2m2026-03-14T23:54:20.105852Z[0m [32m INFO[0m [2mexecution_engine[0m[2m:[0m Tick  game="Magic vs. Heat"  team=Heat  is_home=true  market_prob=0.640
[2m2026-03-14T23:54:20.516771Z[0m [32m INFO[0m [2mexecution_engine[0m[2m:[0m Tick  game="Magic vs. Heat"  team=Heat  is_home=true  market_prob=0.640
[2m2026-03-14T23:54:20.595436Z[0m [32m INFO[0m [2mexecution_engine[0m[2m:[0m Tick  game="Magic vs. Heat"  team=Magic  is_home=false  market_prob=0.360
[2m2026-03-14T23:54:20.761808Z[0m [32m INFO[0m [2mexecution_engine[0m[2m:[0m Tick  game="Magic vs. Heat"  team=Magic  is_home=false  market_prob=0.370
[2m2026-03-14T23:54:20.877261Z[0m [32m INFO[0m [2mexecution_engine[0m[2m:[0m Tick  game="Magic vs. Heat"  team=Heat  is_home=true  market_prob=0.640
[2m2026-03-14T23:54:20.939035Z[0m [32m INFO[0m [2mexecution_engine[0m[2m:[0m Tick  game="Magic vs. Heat"  team=Heat  is_home=true  market_prob=0.640
[2m2026-03-14T23:54:20.988361Z[0m [32m INFO[0m [2mexecution_engine[0m[2m:[0m Tick  game="Magic vs. Heat"  team=Heat  is_home=true  market_prob=0.640
[2m2026-03-14T23:54:21.062361Z[0m [32m INFO[0m [2mexecution_engine[0m[2m:[0m Tick  game="Magic vs. Heat"  team=Heat  is_home=true  market_prob=0.640
[2m2026-03-14T23:54:21.095407Z[0m [32m INFO[0m [2mexecution_engine[0m[2m:[0m Tick  game="Magic vs. Heat"  team=Heat  is_home=true  market_prob=0.640
[2m2026-03-14T23:54:21.128374Z[0m [32m INFO[0m [2mexecution_engine[0m[2m:[0m Tick  game="Magic vs. Heat"  team=Heat  is_home=true  market_prob=0.640
[2m2026-03-14T23:54:21.232362Z[0m [32m INFO[0m [2mexecution_engine[0m[2m:[0m Tick  game="Magic vs. Heat"  team=Heat  is_home=true  market_prob=0.640
[2m2026-03-14T23:54:21.236037Z[0m [32m INFO[0m [2mexecution_engine[0m[2m:[0m Tick  game="Magic vs. Heat"  team=Heat  is_home=true  market_prob=0.640
[2m2026-03-14T23:54:21.242592Z[0m [32m INFO[0m [2mexecution_engine[0m[2m:[0m Tick  game="Magic vs. Heat"  team=Heat  is_home=true  market_prob=0.640
[2m2026-03-14T23:54:21.257389Z[0m [32m INFO[0m [2mexecution_engine[0m[2m:[0m Tick  game="Magic vs. Heat"  team=Heat  is_home=true  market_prob=0.640
[2m2026-03-14T23:54:21.260357Z[0m [32m INFO[0m [2mexecution_engine[0m[2m:[0m Tick  game="Magic vs. Heat"  team=Heat  is_home=true  market_prob=0.640
[2m2026-03-14T23:54:21.264718Z[0m [32m INFO[0m [2mexecution_engine[0m[2m:[0m Tick  game="Magic vs. Heat"  team=Heat  is_home=true  market_prob=0.640
[2m2026-03-14T23:54:21.296424Z[0m [32m INFO[0m [2mexecution_engine[0m[2m:[0m Tick  game="Magic vs. Heat"  team=Heat  is_home=true  market_prob=0.640
[2m2026-03-14T23:54:21.443563Z[0m [32m INFO[0m [2mexecution_engine[0m[2m:[0m Tick  game="Magic vs. Heat"  team=Heat  is_home=true  market_prob=0.640
[2m2026-03-14T23:54:22.736298Z[0m [32m INFO[0m [2mexecution_engine[0m[2m:[0m Tick  game="Magic vs. Heat"  team=Heat  is_home=true  market_prob=0.640
[2m2026-03-14T23:54:23.002124Z[0m [32m INFO[0m [2mexecution_engine[0m[2m:[0m Tick  game="Magic vs. Heat"  team=Heat  is_home=true  market_prob=0.640
[2m2026-03-14T23:54:23.425430Z[0m [32m INFO[0m [2mexecution_engine[0m[2m:[0m Tick  game="Magic vs. Heat"  team=Heat  is_home=true  market_prob=0.640
[2m2026-03-14T23:54:23.554494Z[0m [32m INFO[0m [2mexecution_engine[0m[2m:[0m Tick  game="Magic vs. Heat"  team=Heat  is_home=true  market_prob=0.640
[2m2026-03-14T23:54:23.646917Z[0m [32m INFO[0m [2mexecution_engine[0m[2m:[0m Tick  game="Magic vs. Heat"  team=Heat  is_home=true  market_prob=0.640
[2m2026-03-14T23:54:23.831436Z[0m [32m INFO[0m [2mexecution_engine[0m[2m:[0m Tick  game="Magic vs. Heat"  team=Heat  is_home=true  market_prob=0.640
[2m2026-03-14T23:54:23.936653Z[0m [32m INFO[0m [2mexecution_engine[0m[2m:[0m Tick  game="Magic vs. Heat"  team=Heat  is_home=true  market_prob=0.640
[2m2026-03-14T23:54:24.158694Z[0m [32m INFO[0m [2mexecution_engine[0m[2m:[0m Tick  game="Magic vs. Heat"  team=Heat  is_home=true  market_prob=0.640
[2m2026-03-14T23:54:24.162876Z[0m [32m INFO[0m [2mexecution_engine[0m[2m:[0m Tick  game="Magic vs. Heat"  team=Heat  is_home=true  market_prob=0.640
[2m2026-03-14T23:54:24.648806Z[0m [32m INFO[0m [2mexecution_engine[0m[2m:[0m Tick  game="Magic vs. Heat"  team=Heat  is_home=true  market_prob=0.640
[2m2026-03-14T23:54:24.915524Z[0m [32m INFO[0m [2mexecution_engine[0m[2m:[0m Tick  game="Magic vs. Heat"  team=Heat  is_home=true  market_prob=0.640
[2m2026-03-14T23:54:25.260093Z[0m [32m INFO[0m [2mexecution_engine[0m[2m:[0m Tick  game="Magic vs. Heat"  team=Heat  is_home=true  market_prob=0.640
[2m2026-03-14T23:54:26.137254Z[0m [32m INFO[0m [2mexecution_engine[0m[2m:[0m Tick  game="Magic vs. Heat"  team=Heat  is_home=true  market_prob=0.640
[2m2026-03-14T23:54:26.261343Z[0m [32m INFO[0m [2mexecution_engine[0m[2m:[0m Tick  game="Magic vs. Heat"  team=Magic  is_home=false  market_prob=0.370
[2m2026-03-14T23:54:26.805582Z[0m [32m INFO[0m [2mexecution_engine[0m[2m:[0m Tick  game="Magic vs. Heat"  team=Heat  is_home=true  market_prob=0.640
[2m2026-03-14T23:54:26.890100Z[0m [32m INFO[0m [2mexecution_engine[0m[2m:[0m Tick  game="Magic vs. Heat"  team=Heat  is_home=true  market_prob=0.640
[2m2026-03-14T23:54:26.906556Z[0m [32m INFO[0m [2mexecution_engine[0m[2m:[0m Tick  game="Magic vs. Heat"  team=Magic  is_home=false  market_prob=0.370
[2m2026-03-14T23:54:27.048536Z[0m [32m INFO[0m [2mexecution_engine[0m[2m:[0m Tick  game="Magic vs. Heat"  team=Magic  is_home=false  market_prob=0.370
[2m2026-03-14T23:54:27.226277Z[0m [32m INFO[0m [2mexecution_engine[0m[2m:[0m Tick  game="Magic vs. Heat"  team=Heat  is_home=true  market_prob=0.640
[2m2026-03-14T23:54:27.573601Z[0m [32m INFO[0m [2mexecution_engine[0m[2m:[0m Tick  game="Magic vs. Heat"  team=Magic  is_home=false  market_prob=0.370
[2m2026-03-14T23:54:27.802784Z[0m [32m INFO[0m [2mexecution_engine[0m[2m:[0m Tick  game="Magic vs. Heat"  team=Heat  is_home=true  market_prob=0.640
[2m2026-03-14T23:54:28.013369Z[0m [32m INFO[0m [2mexecution_engine[0m[2m:[0m Tick  game="Magic vs. Heat"  team=Heat  is_home=true  market_prob=0.640
[2m2026-03-14T23:54:28.450333Z[0m [32m INFO[0m [2mexecution_engine[0m[2m:[0m Tick  game="Magic vs. Heat"  team=Heat  is_home=true  market_prob=0.640
[2m2026-03-14T23:54:29.466102Z[0m [32m INFO[0m [2mexecution_engine[0m[2m:[0m Tick  game="Magic vs. Heat"  team=Heat  is_home=true  market_prob=0.640
[2m2026-03-14T23:54:29.475091Z[0m [32m INFO[0m [2mexecution_engine[0m[2m:[0m Tick  game="Magic vs. Heat"  team=Heat  is_home=true  market_prob=0.640
[2m2026-03-14T23:54:30.379478Z[0m [32m INFO[0m [2mexecution_engine[0m[2m:[0m Tick  game="Magic vs. Heat"  team=Magic  is_home=false  market_prob=0.370
[2m2026-03-14T23:54:30.563621Z[0m [32m INFO[0m [2mexecution_engine[0m[2m:[0m Tick  game="Magic vs. Heat"  team=Heat  is_home=true  market_prob=0.640
[2m2026-03-14T23:54:31.074268Z[0m [32m INFO[0m [2mexecution_engine[0m[2m:[0m Tick  game="Magic vs. Heat"  team=Heat  is_home=true  market_prob=0.640
[2m2026-03-14T23:54:32.299232Z[0m [32m INFO[0m [2mexecution_engine[0m[2m:[0m Tick  game="Magic vs. Heat"  team=Magic  is_home=false  market_prob=0.370
[2m2026-03-14T23:54:33.725378Z[0m [32m INFO[0m [2mexecution_engine[0m[2m:[0m Tick  game="Magic vs. Heat"  team=Heat  is_home=true  market_prob=0.640
[2m2026-03-14T23:54:33.983781Z[0m [32m INFO[0m [2mexecution_engine[0m[2m:[0m Tick  game="Magic vs. Heat"  team=Heat  is_home=true  market_prob=0.640
[2m2026-03-14T23:54:33.987844Z[0m [32m INFO[0m [2mexecution_engine[0m[2m:[0m Tick  game="Magic vs. Heat"  team=Magic  is_home=false  market_prob=0.370
[2m2026-03-14T23:54:34.145860Z[0m [32m INFO[0m [2mexecution_engine[0m[2m:[0m Tick  game="Magic vs. Heat"  team=Heat  is_home=true  market_prob=0.640
[2m2026-03-14T23:54:35.480229Z[0m [32m INFO[0m [2mexecution_engine[0m[2m:[0m Tick  game="Magic vs. Heat"  team=Heat  is_home=true  market_prob=0.640
[2m2026-03-14T23:54:37.114735Z[0m [32m INFO[0m [2mexecution_engine[0m[2m:[0m Tick  game="Magic vs. Heat"  team=Magic  is_home=false  market_prob=0.370
[2m2026-03-14T23:54:37.485422Z[0m [32m INFO[0m [2mexecution_engine[0m[2m:[0m Tick  game="Magic vs. Heat"  team=Heat  is_home=true  market_prob=0.640
[2m2026-03-14T23:54:37.799651Z[0m [32m INFO[0m [2mexecution_engine[0m[2m:[0m Tick  game="Magic vs. Heat"  team=Heat  is_home=true  market_prob=0.640
[2m2026-03-14T23:54:37.836126Z[0m [32m INFO[0m [2mexecution_engine[0m[2m:[0m Tick  game="Magic vs. Heat"  team=Heat  is_home=true  market_prob=0.640
[2m2026-03-14T23:54:38.256942Z[0m [32m INFO[0m [2mexecution_engine[0m[2m:[0m Tick  game="Magic vs. Heat"  team=Heat  is_home=true  market_prob=0.640
[2m2026-03-14T23:54:38.280793Z[0m [32m INFO[0m [2mexecution_engine[0m[2m:[0m Tick  game="Magic vs. Heat"  team=Heat  is_home=true  market_prob=0.640
[2m2026-03-14T23:54:38.383578Z[0m [32m INFO[0m [2mexecution_engine[0m[2m:[0m Tick  game="Magic vs. Heat"  team=Heat  is_home=true  market_prob=0.640
[2m2026-03-14T23:54:38.386611Z[0m [32m INFO[0m [2mexecution_engine[0m[2m:[0m Tick  game="Magic vs. Heat"  team=Magic  is_home=false  market_prob=0.370
[2m2026-03-14T23:54:38.516126Z[0m [32m INFO[0m [2mexecution_engine[0m[2m:[0m Tick  game="Magic vs. Heat"  team=Magic  is_home=false  market_prob=0.370
[2m2026-03-14T23:54:38.518215Z[0m [32m INFO[0m [2mexecution_engine[0m[2m:[0m Tick  game="Magic vs. Heat"  team=Magic  is_home=false  market_prob=0.370
[2m2026-03-14T23:54:38.518528Z[0m [32m INFO[0m [2mexecution_engine[0m[2m:[0m Tick  game="Magic vs. Heat"  team=Magic  is_home=false  market_prob=0.370
[2m2026-03-14T23:54:38.518836Z[0m [32m INFO[0m [2mexecution_engine[0m[2m:[0m Tick  game="Magic vs. Heat"  team=Heat  is_home=true  market_prob=0.640
[2m2026-03-14T23:54:38.523200Z[0m [32m INFO[0m [2mexecution_engine[0m[2m:[0m Tick  game="Magic vs. Heat"  team=Magic  is_home=false  market_prob=0.370
[2m2026-03-14T23:54:38.523557Z[0m [32m INFO[0m [2mexecution_engine[0m[2m:[0m Tick  game="Magic vs. Heat"  team=Magic  is_home=false  market_prob=0.370
[2m2026-03-14T23:54:38.523883Z[0m [32m INFO[0m [2mexecution_engine[0m[2m:[0m Tick  game="Magic vs. Heat"  team=Magic  is_home=false  market_prob=0.370
[2m2026-03-14T23:54:38.542255Z[0m [32m INFO[0m [2mexecution_engine[0m[2m:[0m Tick  game="Magic vs. Heat"  team=Heat  is_home=true  market_prob=0.640
[2m2026-03-14T23:54:41.507468Z[0m [32m INFO[0m [2mexecution_engine[0m[2m:[0m Tick  game="Magic vs. Heat"  team=Heat  is_home=true  market_prob=0.640
[2m2026-03-14T23:54:43.583977Z[0m [32m INFO[0m [2mexecution_engine[0m[2m:[0m Tick  game="Magic vs. Heat"  team=Heat  is_home=true  market_prob=0.640
[2m2026-03-14T23:54:44.443282Z[0m [32m INFO[0m [2mexecution_engine[0m[2m:[0m Tick  game="Magic vs. Heat"  team=Heat  is_home=true  market_prob=0.640
[2m2026-03-14T23:54:44.578186Z[0m [32m INFO[0m [2mexecution_engine[0m[2m:[0m Tick  game="Magic vs. Heat"  team=Heat  is_home=true  market_prob=0.640
[2m2026-03-14T23:54:44.596100Z[0m [32m INFO[0m [2mexecution_engine[0m[2m:[0m Tick  game="Magic vs. Heat"  team=Heat  is_home=true  market_prob=0.640
[2m2026-03-14T23:54:44.617114Z[0m [32m INFO[0m [2mexecution_engine[0m[2m:[0m Tick  game="Magic vs. Heat"  team=Heat  is_home=true  market_prob=0.640
[2m2026-03-14T23:54:45.704892Z[0m [32m INFO[0m [2mexecution_engine[0m[2m:[0m Tick  game="Magic vs. Heat"  team=Heat  is_home=true  market_prob=0.640
[2m2026-03-14T23:54:45.776849Z[0m [32m INFO[0m [2mexecution_engine[0m[2m:[0m Tick  game="Magic vs. Heat"  team=Heat  is_home=true  market_prob=0.640
[2m2026-03-14T23:54:45.795503Z[0m [32m INFO[0m [2mexecution_engine[0m[2m:[0m Tick  game="Magic vs. Heat"  team=Heat  is_home=true  market_prob=0.640
[2m2026-03-14T23:54:48.380525Z[0m [32m INFO[0m [2mexecution_engine[0m[2m:[0m Tick  game="Magic vs. Heat"  team=Magic  is_home=false  market_prob=0.360
[2m2026-03-14T23:54:49.065602Z[0m [32m INFO[0m [2mexecution_engine[0m[2m:[0m Tick  game="Magic vs. Heat"  team=Magic  is_home=false  market_prob=0.370
[2m2026-03-14T23:54:49.089796Z[0m [32m INFO[0m [2mexecution_engine[0m[2m:[0m Tick  game="Magic vs. Heat"  team=Heat  is_home=true  market_prob=0.640
[2m2026-03-14T23:54:49.998589Z[0m [32m INFO[0m [2mexecution_engine[0m[2m:[0m Tick  game="Magic vs. Heat"  team=Heat  is_home=true  market_prob=0.640
[2m2026-03-14T23:54:50.015546Z[0m [32m INFO[0m [2mexecution_engine[0m[2m:[0m Tick  game="Magic vs. Heat"  team=Heat  is_home=true  market_prob=0.640
[2m2026-03-14T23:54:50.042910Z[0m [32m INFO[0m [2mexecution_engine[0m[2m:[0m Tick  game="Magic vs. Heat"  team=Heat  is_home=true  market_prob=0.640
[2m2026-03-14T23:54:50.288722Z[0m [32m INFO[0m [2mexecution_engine[0m[2m:[0m Tick  game="Magic vs. Heat"  team=Heat  is_home=true  market_prob=0.640
[2m2026-03-14T23:54:50.691392Z[0m [32m INFO[0m [2mexecution_engine[0m[2m:[0m Tick  game="Mavericks vs. Cavaliers"  team=Cavaliers  is_home=true  market_prob=0.910
[2m2026-03-14T23:54:51.771186Z[0m [32m INFO[0m [2mexecution_engine[0m[2m:[0m Tick  game="Magic vs. Heat"  team=Heat  is_home=true  market_prob=0.640
[2m2026-03-14T23:54:53.012230Z[0m [32m INFO[0m [2mexecution_engine[0m[2m:[0m Tick  game="Magic vs. Heat"  team=Heat  is_home=true  market_prob=0.640
[2m2026-03-14T23:54:53.330453Z[0m [32m INFO[0m [2mexecution_engine[0m[2m:[0m Tick  game="Magic vs. Heat"  team=Heat  is_home=true  market_prob=0.640
[2m2026-03-14T23:54:53.481934Z[0m [32m INFO[0m [2mexecution_engine[0m[2m:[0m Tick  game="Magic vs. Heat"  team=Heat  is_home=true  market_prob=0.640
[2m2026-03-14T23:54:54.320429Z[0m [32m INFO[0m [2mexecution_engine[0m[2m:[0m Tick  game="Magic vs. Heat"  team=Heat  is_home=true  market_prob=0.640
[2m2026-03-14T23:54:54.653124Z[0m [32m INFO[0m [2mexecution_engine[0m[2m:[0m Tick  game="Magic vs. Heat"  team=Heat  is_home=true  market_prob=0.640
[2m2026-03-14T23:54:55.249157Z[0m [32m INFO[0m [2mexecution_engine[0m[2m:[0m Tick  game="Magic vs. Heat"  team=Heat  is_home=true  market_prob=0.640
[2m2026-03-14T23:54:55.318087Z[0m [32m INFO[0m [2mexecution_engine[0m[2m:[0m Tick  game="Magic vs. Heat"  team=Heat  is_home=true  market_prob=0.640
[2m2026-03-14T23:54:55.817756Z[0m [32m INFO[0m [2mexecution_engine[0m[2m:[0m Tick  game="Magic vs. Heat"  team=Heat  is_home=true  market_prob=0.640
[2m2026-03-14T23:54:56.071139Z[0m [32m INFO[0m [2mexecution_engine[0m[2m:[0m Tick  game="Magic vs. Heat"  team=Heat  is_home=true  market_prob=0.640
[2m2026-03-14T23:54:57.436211Z[0m [32m INFO[0m [2mexecution_engine[0m[2m:[0m Tick  game="Magic vs. Heat"  team=Heat  is_home=true  market_prob=0.640
[2m2026-03-14T23:54:59.152053Z[0m [32m INFO[0m [2mexecution_engine[0m[2m:[0m Tick  game="Magic vs. Heat"  team=Heat  is_home=true  market_prob=0.640
[2m2026-03-14T23:54:59.416683Z[0m [32m INFO[0m [2mexecution_engine[0m[2m:[0m Tick  game="Magic vs. Heat"  team=Heat  is_home=true  market_prob=0.640
[2m2026-03-14T23:55:00.556403Z[0m [32m INFO[0m [2mexecution_engine[0m[2m:[0m Tick  game="Magic vs. Heat"  team=Heat  is_home=true  market_prob=0.640
[2m2026-03-14T23:55:04.952074Z[0m [32m INFO[0m [2mexecution_engine[0m[2m:[0m Tick  game="Magic vs. Heat"  team=Heat  is_home=true  market_prob=0.640
[2m2026-03-14T23:55:05.563661Z[0m [32m INFO[0m [2mexecution_engine[0m[2m:[0m Tick  game="Magic vs. Heat"  team=Heat  is_home=true  market_prob=0.640
[2m2026-03-14T23:55:11.806088Z[0m [32m INFO[0m [2mexecution_engine[0m[2m:[0m Tick  game="Magic vs. Heat"  team=Heat  is_home=true  market_prob=0.640
[2m2026-03-14T23:55:12.452385Z[0m [32m INFO[0m [2mexecution_engine[0m[2m:[0m Tick  game="Magic vs. Heat"  team=Magic  is_home=false  market_prob=0.370
[2m2026-03-14T23:55:13.518516Z[0m [32m INFO[0m [2mexecution_engine[0m[2m:[0m Tick  game="Magic vs. Heat"  team=Magic  is_home=false  market_prob=0.370
[2m2026-03-14T23:55:14.363103Z[0m [32m INFO[0m [2mexecution_engine[0m[2m:[0m Tick  game="Magic vs. Heat"  team=Heat  is_home=true  market_prob=0.640
[2m2026-03-14T23:55:14.455209Z[0m [32m INFO[0m [2mexecution_engine[0m[2m:[0m Tick  game="Magic vs. Heat"  team=Heat  is_home=true  market_prob=0.640
[2m2026-03-14T23:55:14.520313Z[0m [32m INFO[0m [2mexecution_engine[0m[2m:[0m Tick  game="Magic vs. Heat"  team=Heat  is_home=true  market_prob=0.640
[2m2026-03-14T23:55:14.624475Z[0m [32m INFO[0m [2mexecution_engine[0m[2m:[0m Tick  game="Magic vs. Heat"  team=Magic  is_home=false  market_prob=0.370
[2m2026-03-14T23:55:14.625276Z[0m [32m INFO[0m [2mexecution_engine[0m[2m:[0m Tick  game="Magic vs. Heat"  team=Heat  is_home=true  market_prob=0.640
[2m2026-03-14T23:55:14.631211Z[0m [32m INFO[0m [2mexecution_engine[0m[2m:[0m Tick  game="Magic vs. Heat"  team=Heat  is_home=true  market_prob=0.640
[2m2026-03-14T23:55:14.636773Z[0m [32m INFO[0m [2mexecution_engine[0m[2m:[0m Tick  game="Magic vs. Heat"  team=Heat  is_home=true  market_prob=0.640
[2m2026-03-14T23:55:14.660680Z[0m [32m INFO[0m [2mexecution_engine[0m[2m:[0m Tick  game="Magic vs. Heat"  team=Heat  is_home=true  market_prob=0.640
[2m2026-03-14T23:55:15.933816Z[0m [32m INFO[0m [2mexecution_engine[0m[2m:[0m Tick  game="Magic vs. Heat"  team=Heat  is_home=true  market_prob=0.640
[2m2026-03-14T23:55:16.125018Z[0m [32m INFO[0m [2mexecution_engine[0m[2m:[0m Tick  game="Magic vs. Heat"  team=Magic  is_home=false  market_prob=0.370
[2m2026-03-14T23:55:16.664898Z[0m [32m INFO[0m [2mexecution_engine[0m[2m:[0m Tick  game="Magic vs. Heat"  team=Magic  is_home=false  market_prob=0.370
[2m2026-03-14T23:55:17.040615Z[0m [32m INFO[0m [2mexecution_engine[0m[2m:[0m Tick  game="Magic vs. Heat"  team=Heat  is_home=true  market_prob=0.640
[2m2026-03-14T23:55:17.226824Z[0m [32m INFO[0m [2mexecution_engine[0m[2m:[0m Tick  game="Magic vs. Heat"  team=Heat  is_home=true  market_prob=0.640
[2m2026-03-14T23:55:17.233439Z[0m [32m INFO[0m [2mexecution_engine[0m[2m:[0m Tick  game="Magic vs. Heat"  team=Magic  is_home=false  market_prob=0.370
[2m2026-03-14T23:55:17.379551Z[0m [32m INFO[0m [2mexecution_engine[0m[2m:[0m Tick  game="Magic vs. Heat"  team=Heat  is_home=true  market_prob=0.640
[2m2026-03-14T23:55:17.440874Z[0m [32m INFO[0m [2mexecution_engine[0m[2m:[0m Tick  game="Magic vs. Heat"  team=Magic  is_home=false  market_prob=0.370
[2m2026-03-14T23:55:17.630704Z[0m [32m INFO[0m [2mexecution_engine[0m[2m:[0m Tick  game="Magic vs. Heat"  team=Heat  is_home=true  market_prob=0.640
[2m2026-03-14T23:55:17.666175Z[0m [32m INFO[0m [2mexecution_engine[0m[2m:[0m Tick  game="Magic vs. Heat"  team=Heat  is_home=true  market_prob=0.640
[2m2026-03-14T23:55:17.673016Z[0m [32m INFO[0m [2mexecution_engine[0m[2m:[0m Tick  game="Magic vs. Heat"  team=Heat  is_home=true  market_prob=0.640
[2m2026-03-14T23:55:17.682387Z[0m [32m INFO[0m [2mexecution_engine[0m[2m:[0m Tick  game="Magic vs. Heat"  team=Heat  is_home=true  market_prob=0.640
[2m2026-03-14T23:55:17.685612Z[0m [32m INFO[0m [2mexecution_engine[0m[2m:[0m Tick  game="Magic vs. Heat"  team=Heat  is_home=true  market_prob=0.640
[2m2026-03-14T23:55:17.690905Z[0m [32m INFO[0m [2mexecution_engine[0m[2m:[0m Tick  game="Magic vs. Heat"  team=Heat  is_home=true  market_prob=0.640
[2m2026-03-14T23:55:17.831871Z[0m [32m INFO[0m [2mexecution_engine[0m[2m:[0m Tick  game="Magic vs. Heat"  team=Heat  is_home=true  market_prob=0.640
[2m2026-03-14T23:55:18.068303Z[0m [32m INFO[0m [2mexecution_engine[0m[2m:[0m Tick  game="Magic vs. Heat"  team=Heat  is_home=true  market_prob=0.640
[2m2026-03-14T23:55:18.138975Z[0m [32m INFO[0m [2mexecution_engine[0m[2m:[0m Tick  game="Magic vs. Heat"  team=Heat  is_home=true  market_prob=0.640
[2m2026-03-14T23:55:18.832198Z[0m [32m INFO[0m [2mexecution_engine[0m[2m:[0m Tick  game="Magic vs. Heat"  team=Magic  is_home=false  market_prob=0.370
[2m2026-03-14T23:55:19.291855Z[0m [32m INFO[0m [2mexecution_engine[0m[2m:[0m Tick  game="Magic vs. Heat"  team=Magic  is_home=false  market_prob=0.370
[2m2026-03-14T23:55:19.293466Z[0m [32m INFO[0m [2mexecution_engine[0m[2m:[0m Tick  game="Magic vs. Heat"  team=Magic  is_home=false  market_prob=0.370
[2m2026-03-14T23:55:19.322669Z[0m [32m INFO[0m [2mexecution_engine[0m[2m:[0m Tick  game="Magic vs. Heat"  team=Magic  is_home=false  market_prob=0.370
[2m2026-03-14T23:55:19.370334Z[0m [32m INFO[0m [2mexecution_engine[0m[2m:[0m Tick  game="Magic vs. Heat"  team=Heat  is_home=true  market_prob=0.640
[2m2026-03-14T23:55:19.662212Z[0m [32m INFO[0m [2mexecution_engine[0m[2m:[0m Tick  game="Magic vs. Heat"  team=Heat  is_home=true  market_prob=0.640
[2m2026-03-14T23:55:19.669472Z[0m [32m INFO[0m [2mexecution_engine[0m[2m:[0m Tick  game="Magic vs. Heat"  team=Heat  is_home=true  market_prob=0.640
[2m2026-03-14T23:55:19.677634Z[0m [32m INFO[0m [2mexecution_engine[0m[2m:[0m Tick  game="Magic vs. Heat"  team=Heat  is_home=true  market_prob=0.640
[2m2026-03-14T23:55:19.685341Z[0m [32m INFO[0m [2mexecution_engine[0m[2m:[0m Tick  game="Magic vs. Heat"  team=Heat  is_home=true  market_prob=0.640
[2m2026-03-14T23:55:19.701178Z[0m [32m INFO[0m [2mexecution_engine[0m[2m:[0m Tick  game="Magic vs. Heat"  team=Heat  is_home=true  market_prob=0.640
[2m2026-03-14T23:55:19.704494Z[0m [32m INFO[0m [2mexecution_engine[0m[2m:[0m Tick  game="Magic vs. Heat"  team=Heat  is_home=true  market_prob=0.640
[2m2026-03-14T23:55:19.833863Z[0m [32m INFO[0m [2mexecution_engine[0m[2m:[0m Tick  game="Magic vs. Heat"  team=Heat  is_home=true  market_prob=0.640
[2m2026-03-14T23:55:20.080735Z[0m [32m INFO[0m [2mexecution_engine[0m[2m:[0m Tick  game="Magic vs. Heat"  team=Magic  is_home=false  market_prob=0.370
[2m2026-03-14T23:55:20.254436Z[0m [32m INFO[0m [2mexecution_engine[0m[2m:[0m Tick  game="Magic vs. Heat"  team=Heat  is_home=true  market_prob=0.640
[2m2026-03-14T23:55:20.722258Z[0m [32m INFO[0m [2mexecution_engine[0m[2m:[0m Tick  game="Magic vs. Heat"  team=Heat  is_home=true  market_prob=0.640
[2m2026-03-14T23:55:20.968386Z[0m [32m INFO[0m [2mexecution_engine[0m[2m:[0m Tick  game="Magic vs. Heat"  team=Heat  is_home=true  market_prob=0.640
[2m2026-03-14T23:55:21.091847Z[0m [32m INFO[0m [2mexecution_engine[0m[2m:[0m Tick  game="Magic vs. Heat"  team=Magic  is_home=false  market_prob=0.370
[2m2026-03-14T23:55:21.101757Z[0m [32m INFO[0m [2mexecution_engine[0m[2m:[0m Tick  game="Magic vs. Heat"  team=Heat  is_home=true  market_prob=0.640
[2m2026-03-14T23:55:21.257076Z[0m [32m INFO[0m [2mexecution_engine[0m[2m:[0m Tick  game="Magic vs. Heat"  team=Magic  is_home=false  market_prob=0.370
[2m2026-03-14T23:55:21.280796Z[0m [32m INFO[0m [2mexecution_engine[0m[2m:[0m Tick  game="Magic vs. Heat"  team=Heat  is_home=true  market_prob=0.640
[2m2026-03-14T23:55:21.329549Z[0m [32m INFO[0m [2mexecution_engine[0m[2m:[0m Tick  game="Magic vs. Heat"  team=Magic  is_home=false  market_prob=0.370
[2m2026-03-14T23:55:21.707881Z[0m [32m INFO[0m [2mexecution_engine[0m[2m:[0m Tick  game="Kings vs. Clippers"  team=Kings  is_home=false  market_prob=0.110
[2m2026-03-14T23:55:21.843286Z[0m [32m INFO[0m [2mexecution_engine[0m[2m:[0m Tick  game="Magic vs. Heat"  team=Heat  is_home=true  market_prob=0.640
[2m2026-03-14T23:55:22.508537Z[0m [32m INFO[0m [2mexecution_engine[0m[2m:[0m Tick  game="Magic vs. Heat"  team=Heat  is_home=true  market_prob=0.640
[2m2026-03-14T23:55:23.253975Z[0m [32m INFO[0m [2mexecution_engine[0m[2m:[0m Tick  game="Magic vs. Heat"  team=Heat  is_home=true  market_prob=0.640
[2m2026-03-14T23:55:23.392715Z[0m [32m INFO[0m [2mexecution_engine[0m[2m:[0m Tick  game="Magic vs. Heat"  team=Heat  is_home=true  market_prob=0.640
[2m2026-03-14T23:55:23.401701Z[0m [32m INFO[0m [2mexecution_engine[0m[2m:[0m Tick  game="Magic vs. Heat"  team=Heat  is_home=true  market_prob=0.640
[2m2026-03-14T23:55:24.478581Z[0m [32m INFO[0m [2mexecution_engine[0m[2m:[0m Tick  game="Magic vs. Heat"  team=Heat  is_home=true  market_prob=0.640
[2m2026-03-14T23:55:24.542933Z[0m [32m INFO[0m [2mexecution_engine[0m[2m:[0m Tick  game="Magic vs. Heat"  team=Heat  is_home=true  market_prob=0.640
[2m2026-03-14T23:55:25.659179Z[0m [32m INFO[0m [2mexecution_engine[0m[2m:[0m Tick  game="Magic vs. Heat"  team=Heat  is_home=true  market_prob=0.640
[2m2026-03-14T23:55:26.152667Z[0m [32m INFO[0m [2mexecution_engine[0m[2m:[0m Tick  game="Magic vs. Heat"  team=Heat  is_home=true  market_prob=0.640
[2m2026-03-14T23:55:26.467309Z[0m [32m INFO[0m [2mexecution_engine[0m[2m:[0m Tick  game="Nuggets vs. Lakers"  team=Lakers  is_home=true  market_prob=0.470
[2m2026-03-14T23:55:27.750319Z[0m [32m INFO[0m [2mexecution_engine[0m[2m:[0m Tick  game="Magic vs. Heat"  team=Heat  is_home=true  market_prob=0.640
[2m2026-03-14T23:55:28.872500Z[0m [32m INFO[0m [2mexecution_engine[0m[2m:[0m Tick  game="Magic vs. Heat"  team=Heat  is_home=true  market_prob=0.640
